<?xml version="1.0" encoding="UTF-8"?>
<testsuite name="swb.interacting_3.mtContextMenuIT" time="4.577" tests="1" errors="1" skipped="0" failures="0">
  <properties>
    <property name="java.runtime.name" value="Java(TM) SE Runtime Environment"/>
    <property name="sun.boot.library.path" value="C:\Program Files\Java\jdk1.8.0_221\jre\bin"/>
    <property name="java.vm.version" value="25.221-b11"/>
    <property name="java.vm.vendor" value="Oracle Corporation"/>
    <property name="maven.multiModuleProjectDirectory" value="C:\SWD\mental"/>
    <property name="java.vendor.url" value="http://java.oracle.com/"/>
    <property name="path.separator" value=";"/>
    <property name="guice.disable.misplaced.annotation.check" value="true"/>
    <property name="java.vm.name" value="Java HotSpot(TM) 64-Bit Server VM"/>
    <property name="file.encoding.pkg" value="sun.io"/>
    <property name="user.script" value=""/>
    <property name="user.country" value="US"/>
    <property name="sun.java.launcher" value="SUN_STANDARD"/>
    <property name="sun.os.patch.level" value=""/>
    <property name="java.vm.specification.name" value="Java Virtual Machine Specification"/>
    <property name="user.dir" value="C:\SWD\mental"/>
    <property name="java.runtime.version" value="1.8.0_221-b11"/>
    <property name="java.awt.graphicsenv" value="sun.awt.Win32GraphicsEnvironment"/>
    <property name="java.endorsed.dirs" value="C:\Program Files\Java\jdk1.8.0_221\jre\lib\endorsed"/>
    <property name="os.arch" value="amd64"/>
    <property name="java.io.tmpdir" value="C:\Users\Leo\AppData\Local\Temp\"/>
    <property name="line.separator" value="&#10;"/>
    <property name="java.vm.specification.vendor" value="Oracle Corporation"/>
    <property name="user.variant" value=""/>
    <property name="os.name" value="Windows 10"/>
    <property name="classworlds.conf" value="C:\opt\apache-maven\bin\..\bin\m2.conf"/>
    <property name="sun.jnu.encoding" value="Cp1252"/>
    <property name="java.library.path" value="C:\Program Files\Java\jdk1.8.0_221\bin;C:\WINDOWS\Sun\Java\bin;C:\WINDOWS\system32;C:\WINDOWS;C:\Python27\;C:\Python27\Scripts;C:\Program Files (x86)\Common Files\Oracle\Java\javapath;C:\WINDOWS\system32;C:\WINDOWS;C:\WINDOWS\System32\Wbem;C:\WINDOWS\System32\WindowsPowerShell\v1.0\;C:\WINDOWS\System32\OpenSSH\;C:\Program Files (x86)\Common Files\Acronis\VirtualFile\;C:\Program Files (x86)\Common Files\Acronis\VirtualFile64\;C:\Program Files (x86)\Common Files\Acronis\SnapAPI\;C:\Program Files\Git\cmd;C:\Program Files (x86)\Calibre2\;C:\Program Files\PuTTY\;c:\Program Files (x86)\Intel\Intel(R) Management Engine Components\DAL;c:\Program Files\Intel\Intel(R) Management Engine Components\DAL;C:\Program Files (x86)\Gpg4win\..\GnuPG\bin;C:\Program Files\Java\jdk1.8.0_221\bin;C:\opt\apache-maven\bin;C:\Program Files (x86)\Nmap;C:\Users\Leo\AppData\Local\GitHubDesktop\bin;%USERPROFILE%\AppData\Local\Microsoft\WindowsApps;;."/>
    <property name="java.specification.name" value="Java Platform API Specification"/>
    <property name="java.class.version" value="52.0"/>
    <property name="sun.management.compiler" value="HotSpot 64-Bit Tiered Compilers"/>
    <property name="os.version" value="10.0"/>
    <property name="user.home" value="C:\Users\Leo"/>
    <property name="user.timezone" value="America/New_York"/>
    <property name="java.awt.printerjob" value="sun.awt.windows.WPrinterJob"/>
    <property name="java.specification.version" value="1.8"/>
    <property name="file.encoding" value="Cp1252"/>
    <property name="user.name" value="Leo"/>
    <property name="java.class.path" value="C:\opt\apache-maven\bin\..\boot\plexus-classworlds-2.5.2.jar"/>
    <property name="it.test" value="mtContextMenuIT"/>
    <property name="java.vm.specification.version" value="1.8"/>
    <property name="sun.arch.data.model" value="64"/>
    <property name="java.home" value="C:\Program Files\Java\jdk1.8.0_221\jre"/>
    <property name="sun.java.command" value="org.codehaus.plexus.classworlds.launcher.Launcher -Dit.test=mtContextMenuIT verify"/>
    <property name="java.specification.vendor" value="Oracle Corporation"/>
    <property name="user.language" value="en"/>
    <property name="awt.toolkit" value="sun.awt.windows.WToolkit"/>
    <property name="java.vm.info" value="mixed mode"/>
    <property name="java.version" value="1.8.0_221"/>
    <property name="java.ext.dirs" value="C:\Program Files\Java\jdk1.8.0_221\jre\lib\ext;C:\WINDOWS\Sun\Java\lib\ext"/>
    <property name="sun.boot.class.path" value="C:\Program Files\Java\jdk1.8.0_221\jre\lib\resources.jar;C:\Program Files\Java\jdk1.8.0_221\jre\lib\rt.jar;C:\Program Files\Java\jdk1.8.0_221\jre\lib\sunrsasign.jar;C:\Program Files\Java\jdk1.8.0_221\jre\lib\jsse.jar;C:\Program Files\Java\jdk1.8.0_221\jre\lib\jce.jar;C:\Program Files\Java\jdk1.8.0_221\jre\lib\charsets.jar;C:\Program Files\Java\jdk1.8.0_221\jre\lib\jfr.jar;C:\Program Files\Java\jdk1.8.0_221\jre\classes"/>
    <property name="sun.stderr.encoding" value="cp437"/>
    <property name="java.vendor" value="Oracle Corporation"/>
    <property name="maven.home" value="C:\opt\apache-maven\bin\.."/>
    <property name="file.separator" value="\"/>
    <property name="java.vendor.url.bug" value="http://bugreport.sun.com/bugreport/"/>
    <property name="sun.cpu.endian" value="little"/>
    <property name="sun.io.unicode.encoding" value="UnicodeLittle"/>
    <property name="sun.stdout.encoding" value="cp437"/>
    <property name="sun.desktop" value="windows"/>
    <property name="sun.cpu.isalist" value="amd64"/>
  </properties>
  <testcase name="showContextMenu" classname="swb.interacting_3.mtContextMenuIT" time="4.577">
    <error message="no such element: Unable to locate element: {&quot;method&quot;:&quot;id&quot;,&quot;selector&quot;:&quot;hascontextmenu&quot;}&#10;  (Session info: chrome=87.0.4280.141)&#10;  (Driver info: chromedriver=2.38.551601 (edb21f07fc70e9027c746edd3201443e011a61ed),platform=Windows NT 10.0.18363 x86_64) (WARNING: The server did not provide any stacktrace information)&#10;Command duration or timeout: 35 milliseconds&#10;For documentation on this error, please visit: http://seleniumhq.org/exceptions/no_such_element.html&#10;Build info: version: &apos;3.0.1&apos;, revision: &apos;1969d75&apos;, time: &apos;2016-10-18 09:49:13 -0700&apos;&#10;System info: host: &apos;DESKTOP-HVDDQFT&apos;, ip: &apos;192.168.1.70&apos;, os.name: &apos;Windows 10&apos;, os.arch: &apos;amd64&apos;, os.version: &apos;10.0&apos;, java.version: &apos;1.8.0_221&apos;&#10;Driver info: org.openqa.selenium.chrome.ChromeDriver&#10;Capabilities [{applicationCacheEnabled=false, rotatable=false, mobileEmulationEnabled=false, networkConnectionEnabled=false, chrome={chromedriverVersion=2.38.551601 (edb21f07fc70e9027c746edd3201443e011a61ed), userDataDir=C:\Users\Leo\AppData\Local\Temp\scoped_dir8292_24156}, takesHeapSnapshot=true, pageLoadStrategy=normal, databaseEnabled=false, handlesAlerts=true, hasTouchScreen=false, version=87.0.4280.141, platform=XP, browserConnectionEnabled=false, nativeEvents=true, acceptSslCerts=false, acceptInsecureCerts=false, locationContextEnabled=true, webStorageEnabled=true, browserName=chrome, takesScreenshot=true, javascriptEnabled=true, cssSelectorsEnabled=true, setWindowRect=true, unexpectedAlertBehaviour=}]&#10;Session ID: 613e51b81ffcfe75e867fe40085f09d9&#10;*** Element info: {Using=id, value=hascontextmenu}" type="org.openqa.selenium.NoSuchElementException">org.openqa.selenium.NoSuchElementException: no such element: Unable to locate element: {"method":"id","selector":"hascontextmenu"}
  (Session info: chrome=87.0.4280.141)
  (Driver info: chromedriver=2.38.551601 (edb21f07fc70e9027c746edd3201443e011a61ed),platform=Windows NT 10.0.18363 x86_64) (WARNING: The server did not provide any stacktrace information)
Command duration or timeout: 35 milliseconds
For documentation on this error, please visit: http://seleniumhq.org/exceptions/no_such_element.html
Build info: version: '3.0.1', revision: '1969d75', time: '2016-10-18 09:49:13 -0700'
System info: host: 'DESKTOP-HVDDQFT', ip: '192.168.1.70', os.name: 'Windows 10', os.arch: 'amd64', os.version: '10.0', java.version: '1.8.0_221'
Driver info: org.openqa.selenium.chrome.ChromeDriver
Capabilities [{applicationCacheEnabled=false, rotatable=false, mobileEmulationEnabled=false, networkConnectionEnabled=false, chrome={chromedriverVersion=2.38.551601 (edb21f07fc70e9027c746edd3201443e011a61ed), userDataDir=C:\Users\Leo\AppData\Local\Temp\scoped_dir8292_24156}, takesHeapSnapshot=true, pageLoadStrategy=normal, databaseEnabled=false, handlesAlerts=true, hasTouchScreen=false, version=87.0.4280.141, platform=XP, browserConnectionEnabled=false, nativeEvents=true, acceptSslCerts=false, acceptInsecureCerts=false, locationContextEnabled=true, webStorageEnabled=true, browserName=chrome, takesScreenshot=true, javascriptEnabled=true, cssSelectorsEnabled=true, setWindowRect=true, unexpectedAlertBehaviour=}]
Session ID: 613e51b81ffcfe75e867fe40085f09d9
*** Element info: {Using=id, value=hascontextmenu}
	at sun.reflect.NativeConstructorAccessorImpl.newInstance0(Native Method)
	at sun.reflect.NativeConstructorAccessorImpl.newInstance(NativeConstructorAccessorImpl.java:62)
	at sun.reflect.DelegatingConstructorAccessorImpl.newInstance(DelegatingConstructorAccessorImpl.java:45)
	at java.lang.reflect.Constructor.newInstance(Constructor.java:423)
	at org.openqa.selenium.remote.ErrorHandler.createThrowable(ErrorHandler.java:216)
	at org.openqa.selenium.remote.ErrorHandler.throwIfResponseFailed(ErrorHandler.java:168)
	at org.openqa.selenium.remote.RemoteWebDriver.execute(RemoteWebDriver.java:635)
	at org.openqa.selenium.remote.RemoteWebDriver.findElement(RemoteWebDriver.java:368)
	at org.openqa.selenium.remote.RemoteWebDriver.findElementById(RemoteWebDriver.java:417)
	at org.openqa.selenium.By$ById.findElement(By.java:218)
	at org.openqa.selenium.remote.RemoteWebDriver.findElement(RemoteWebDriver.java:360)
	at swb.framework.DelegatingSearchContext.findElement(DelegatingSearchContext.java:26)
	at swb.framework.DelegatingSearchContext.findElement(DelegatingSearchContext.java:9)
	at swb.interacting_3.mtContextMenuIT.showContextMenu(mtContextMenuIT.java:25)
</error>
    <system-out><![CDATA[00:21:09.094 [main] DEBUG org.springframework.test.context.junit4.SpringJUnit4ClassRunner - SpringJUnit4ClassRunner constructor called with [class swb.interacting_3.mtContextMenuIT]
00:21:09.109 [main] DEBUG org.springframework.test.context.BootstrapUtils - Instantiating CacheAwareContextLoaderDelegate from class [org.springframework.test.context.cache.DefaultCacheAwareContextLoaderDelegate]
00:21:09.109 [main] DEBUG org.springframework.test.context.BootstrapUtils - Instantiating BootstrapContext using constructor [public org.springframework.test.context.support.DefaultBootstrapContext(java.lang.Class,org.springframework.test.context.CacheAwareContextLoaderDelegate)]
00:21:09.141 [main] DEBUG org.springframework.test.context.BootstrapUtils - Instantiating TestContextBootstrapper for test class [swb.framework.WebDriverRunner$ConfigShim] from class [org.springframework.test.context.support.DefaultTestContextBootstrapper]
00:21:09.173 [main] DEBUG org.springframework.test.context.support.AbstractDelegatingSmartContextLoader - Delegating to AnnotationConfigContextLoader to process context configuration [ContextConfigurationAttributes@5442a311 declaringClass = 'swb.framework.WebDriverRunner$ConfigShim', classes = '{class swb.framework.WebDriverConfig}', locations = '{}', inheritLocations = true, initializers = '{}', inheritInitializers = true, name = [null], contextLoaderClass = 'org.springframework.test.context.ContextLoader'].
00:21:09.179 [main] DEBUG org.springframework.test.context.support.ActiveProfilesUtils - Could not find an 'annotation declaring class' for annotation type [org.springframework.test.context.ActiveProfiles] and class [swb.framework.WebDriverRunner$ConfigShim]
00:21:09.179 [main] INFO org.springframework.test.context.support.DefaultTestContextBootstrapper - Using TestExecutionListeners: [swb.framework.ScreenshotTaker@5649fd9b, org.springframework.test.context.support.DependencyInjectionTestExecutionListener@6adede5]
00:21:09.194 [main] DEBUG org.springframework.test.annotation.ProfileValueUtils - Retrieved @ProfileValueSourceConfiguration [null] for test class [swb.interacting_3.mtContextMenuIT]
00:21:09.194 [main] DEBUG org.springframework.test.annotation.ProfileValueUtils - Retrieved ProfileValueSource type [class org.springframework.test.annotation.SystemProfileValueSource] for class [swb.interacting_3.mtContextMenuIT]
00:21:09.194 [main] DEBUG org.springframework.test.context.junit4.SpringJUnit4ClassRunner - SpringJUnit4ClassRunner constructor called with [class swb.interacting_3.mtContextMenuIT]
00:21:09.194 [main] DEBUG org.springframework.test.context.BootstrapUtils - Instantiating CacheAwareContextLoaderDelegate from class [org.springframework.test.context.cache.DefaultCacheAwareContextLoaderDelegate]
00:21:09.194 [main] DEBUG org.springframework.test.context.BootstrapUtils - Instantiating BootstrapContext using constructor [public org.springframework.test.context.support.DefaultBootstrapContext(java.lang.Class,org.springframework.test.context.CacheAwareContextLoaderDelegate)]
00:21:09.194 [main] DEBUG org.springframework.test.context.BootstrapUtils - Instantiating TestContextBootstrapper for test class [swb.framework.WebDriverRunner$ConfigShim] from class [org.springframework.test.context.support.DefaultTestContextBootstrapper]
00:21:09.194 [main] DEBUG org.springframework.test.context.support.AbstractDelegatingSmartContextLoader - Delegating to AnnotationConfigContextLoader to process context configuration [ContextConfigurationAttributes@71318ec4 declaringClass = 'swb.framework.WebDriverRunner$ConfigShim', classes = '{class swb.framework.WebDriverConfig}', locations = '{}', inheritLocations = true, initializers = '{}', inheritInitializers = true, name = [null], contextLoaderClass = 'org.springframework.test.context.ContextLoader'].
00:21:09.194 [main] DEBUG org.springframework.test.context.support.ActiveProfilesUtils - Could not find an 'annotation declaring class' for annotation type [org.springframework.test.context.ActiveProfiles] and class [swb.framework.WebDriverRunner$ConfigShim]
00:21:09.194 [main] INFO org.springframework.test.context.support.DefaultTestContextBootstrapper - Using TestExecutionListeners: [swb.framework.ScreenshotTaker@5ce81285, org.springframework.test.context.support.DependencyInjectionTestExecutionListener@78c03f1f]
00:21:09.194 [main] DEBUG org.springframework.test.annotation.ProfileValueUtils - Retrieved @ProfileValueSourceConfiguration [null] for test class [swb.interacting_3.mtContextMenuIT]
00:21:09.194 [main] DEBUG org.springframework.test.annotation.ProfileValueUtils - Retrieved ProfileValueSource type [class org.springframework.test.annotation.SystemProfileValueSource] for class [swb.interacting_3.mtContextMenuIT]
00:21:09.194 [main] DEBUG org.springframework.test.annotation.ProfileValueUtils - Retrieved @ProfileValueSourceConfiguration [null] for test class [swb.interacting_3.mtContextMenuIT]
00:21:09.194 [main] DEBUG org.springframework.test.annotation.ProfileValueUtils - Retrieved ProfileValueSource type [class org.springframework.test.annotation.SystemProfileValueSource] for class [swb.interacting_3.mtContextMenuIT]
00:21:09.194 [main] DEBUG org.springframework.test.annotation.ProfileValueUtils - Retrieved @ProfileValueSourceConfiguration [null] for test class [swb.interacting_3.mtContextMenuIT]
00:21:09.194 [main] DEBUG org.springframework.test.annotation.ProfileValueUtils - Retrieved ProfileValueSource type [class org.springframework.test.annotation.SystemProfileValueSource] for class [swb.interacting_3.mtContextMenuIT]
00:21:09.194 [main] DEBUG org.springframework.test.context.support.DependencyInjectionTestExecutionListener - Performing dependency injection for test context [[DefaultTestContext@527740a2 testClass = WebDriverRunner.ConfigShim, testInstance = swb.interacting_3.mtContextMenuIT@13a5fe33, testMethod = [null], testException = [null], mergedContextConfiguration = [MergedContextConfiguration@3108bc testClass = WebDriverRunner.ConfigShim, locations = '{}', classes = '{class swb.framework.WebDriverConfig}', contextInitializerClasses = '[]', activeProfiles = '{}', propertySourceLocations = '{}', propertySourceProperties = '{}', contextCustomizers = set[[empty]], contextLoader = 'org.springframework.test.context.support.DelegatingSmartContextLoader', parent = [null]]]].
00:21:09.194 [main] DEBUG org.springframework.test.context.support.AbstractDelegatingSmartContextLoader - Delegating to AnnotationConfigContextLoader to load context from [MergedContextConfiguration@3108bc testClass = WebDriverRunner.ConfigShim, locations = '{}', classes = '{class swb.framework.WebDriverConfig}', contextInitializerClasses = '[]', activeProfiles = '{}', propertySourceLocations = '{}', propertySourceProperties = '{}', contextCustomizers = set[[empty]], contextLoader = 'org.springframework.test.context.support.DelegatingSmartContextLoader', parent = [null]].
00:21:09.194 [main] DEBUG org.springframework.test.context.support.AbstractGenericContextLoader - Loading ApplicationContext for merged context configuration [[MergedContextConfiguration@3108bc testClass = WebDriverRunner.ConfigShim, locations = '{}', classes = '{class swb.framework.WebDriverConfig}', contextInitializerClasses = '[]', activeProfiles = '{}', propertySourceLocations = '{}', propertySourceProperties = '{}', contextCustomizers = set[[empty]], contextLoader = 'org.springframework.test.context.support.DelegatingSmartContextLoader', parent = [null]]].
00:21:09.288 [main] DEBUG org.springframework.core.env.StandardEnvironment - Adding [systemProperties] PropertySource with lowest search precedence
00:21:09.288 [main] DEBUG org.springframework.core.env.StandardEnvironment - Adding [systemEnvironment] PropertySource with lowest search precedence
00:21:09.288 [main] DEBUG org.springframework.core.env.StandardEnvironment - Initialized StandardEnvironment with PropertySources [systemProperties,systemEnvironment]
00:21:09.288 [main] DEBUG org.springframework.test.context.support.AnnotationConfigContextLoader - Registering annotated classes: {class swb.framework.WebDriverConfig}
00:21:09.333 [main] INFO org.springframework.context.support.GenericApplicationContext - Refreshing org.springframework.context.support.GenericApplicationContext@32709393: startup date [Wed Jan 13 00:21:09 EST 2021]; root of context hierarchy
00:21:09.333 [main] DEBUG org.springframework.context.support.GenericApplicationContext - Bean factory for org.springframework.context.support.GenericApplicationContext@32709393: org.springframework.beans.factory.support.DefaultListableBeanFactory@6a396c1e: defining beans [org.springframework.context.annotation.internalConfigurationAnnotationProcessor,org.springframework.context.annotation.internalAutowiredAnnotationProcessor,org.springframework.context.annotation.internalRequiredAnnotationProcessor,org.springframework.context.annotation.internalCommonAnnotationProcessor,org.springframework.context.event.internalEventListenerProcessor,org.springframework.context.event.internalEventListenerFactory,webDriverConfig]; root of factory hierarchy
00:21:09.333 [main] DEBUG org.springframework.beans.factory.support.DefaultListableBeanFactory - Creating shared instance of singleton bean 'org.springframework.context.annotation.internalConfigurationAnnotationProcessor'
00:21:09.333 [main] DEBUG org.springframework.beans.factory.support.DefaultListableBeanFactory - Creating instance of bean 'org.springframework.context.annotation.internalConfigurationAnnotationProcessor'
00:21:09.349 [main] DEBUG org.springframework.beans.factory.support.DefaultListableBeanFactory - Eagerly caching bean 'org.springframework.context.annotation.internalConfigurationAnnotationProcessor' to allow for resolving potential circular references
00:21:09.349 [main] DEBUG org.springframework.beans.factory.support.DefaultListableBeanFactory - Finished creating instance of bean 'org.springframework.context.annotation.internalConfigurationAnnotationProcessor'
00:21:09.396 [main] DEBUG org.springframework.context.annotation.ConfigurationClassBeanDefinitionReader - Registering bean definition for @Bean method swb.framework.WebDriverConfig.baseUrl()
00:21:09.396 [main] DEBUG org.springframework.context.annotation.ConfigurationClassBeanDefinitionReader - Registering bean definition for @Bean method swb.framework.WebDriverConfig.webElementScreenshotTaker()
00:21:09.396 [main] DEBUG org.springframework.context.annotation.ConfigurationClassBeanDefinitionReader - Registering bean definition for @Bean method swb.framework.WebDriverConfig.desiredCapabilities()
00:21:09.396 [main] DEBUG org.springframework.context.annotation.ConfigurationClassBeanDefinitionReader - Registering bean definition for @Bean method swb.framework.WebDriverConfig.httpStatusCodeSupplier()
00:21:09.396 [main] DEBUG org.springframework.context.annotation.ConfigurationClassBeanDefinitionReader - Registering bean definition for @Bean method swb.framework.WebDriverConfig.webDriverFactory()
00:21:09.396 [main] DEBUG org.springframework.context.annotation.ConfigurationClassBeanDefinitionReader - Registering bean definition for @Bean method swb.framework.WebDriverConfig.proxyServer()
00:21:09.396 [main] DEBUG org.springframework.context.annotation.ConfigurationClassBeanDefinitionReader - Registering bean definition for @Bean method swb.framework.WebDriverConfig.webDriverCleaner()
00:21:09.396 [main] DEBUG org.springframework.context.annotation.ConfigurationClassBeanDefinitionReader - Registering bean definition for @Bean method swb.framework.WebDriverConfig.webDriver()
00:21:09.396 [main] DEBUG org.springframework.context.annotation.ConfigurationClassBeanDefinitionReader - Registering bean definition for @Bean method swb.framework.WebDriverConfig.baseUrlHttps()
00:21:09.396 [main] DEBUG org.springframework.context.annotation.ConfigurationClassBeanDefinitionReader - Registering bean definition for @Bean method swb.framework.WebDriverConfig.dirtyWebDriver()
00:21:09.396 [main] DEBUG org.springframework.context.annotation.ConfigurationClassBeanDefinitionReader - Registering bean definition for @Bean method swb.framework.WebDriverConfig.propertySourcesPlaceholderConfigurer()
00:21:09.490 [main] DEBUG org.springframework.context.annotation.ConfigurationClassEnhancer - Successfully enhanced swb.framework.WebDriverConfig; enhanced class name is: swb.framework.WebDriverConfig$$EnhancerBySpringCGLIB$$8488f151
00:21:09.490 [main] DEBUG org.springframework.context.annotation.ConfigurationClassPostProcessor - Replacing bean definition 'webDriverConfig' existing class 'swb.framework.WebDriverConfig' with enhanced class 'swb.framework.WebDriverConfig$$EnhancerBySpringCGLIB$$8488f151'
00:21:09.490 [main] DEBUG org.springframework.context.annotation.ConfigurationClassEnhancer - Successfully enhanced swb.framework.WebDriverConfig; enhanced class name is: swb.framework.WebDriverConfig$$EnhancerBySpringCGLIB$$8488f151
00:21:09.490 [main] DEBUG org.springframework.context.annotation.ConfigurationClassPostProcessor - Replacing bean definition 'propertySourcesPlaceholderConfigurer' existing class 'swb.framework.WebDriverConfig' with enhanced class 'swb.framework.WebDriverConfig$$EnhancerBySpringCGLIB$$8488f151'
00:21:09.490 [main] DEBUG org.springframework.beans.factory.support.DefaultListableBeanFactory - Creating shared instance of singleton bean 'propertySourcesPlaceholderConfigurer'
00:21:09.490 [main] DEBUG org.springframework.beans.factory.support.DefaultListableBeanFactory - Creating instance of bean 'propertySourcesPlaceholderConfigurer'
00:21:09.490 [main] DEBUG org.springframework.beans.factory.support.DefaultListableBeanFactory - Eagerly caching bean 'propertySourcesPlaceholderConfigurer' to allow for resolving potential circular references
00:21:09.490 [main] DEBUG org.springframework.beans.factory.support.DefaultListableBeanFactory - Finished creating instance of bean 'propertySourcesPlaceholderConfigurer'
00:21:09.490 [main] DEBUG org.springframework.core.env.MutablePropertySources - Adding [environmentProperties] PropertySource with lowest search precedence
00:21:09.490 [main] DEBUG org.springframework.core.env.MutablePropertySources - Adding [localProperties] PropertySource with lowest search precedence
00:21:09.490 [main] DEBUG org.springframework.beans.factory.support.DefaultListableBeanFactory - Creating shared instance of singleton bean 'org.springframework.context.annotation.internalAutowiredAnnotationProcessor'
00:21:09.506 [main] DEBUG org.springframework.beans.factory.support.DefaultListableBeanFactory - Creating instance of bean 'org.springframework.context.annotation.internalAutowiredAnnotationProcessor'
00:21:09.506 [main] INFO org.springframework.beans.factory.annotation.AutowiredAnnotationBeanPostProcessor - JSR-330 'javax.inject.Inject' annotation found and supported for autowiring
00:21:09.506 [main] DEBUG org.springframework.beans.factory.support.DefaultListableBeanFactory - Eagerly caching bean 'org.springframework.context.annotation.internalAutowiredAnnotationProcessor' to allow for resolving potential circular references
00:21:09.506 [main] DEBUG org.springframework.beans.factory.support.DefaultListableBeanFactory - Finished creating instance of bean 'org.springframework.context.annotation.internalAutowiredAnnotationProcessor'
00:21:09.506 [main] DEBUG org.springframework.beans.factory.support.DefaultListableBeanFactory - Creating shared instance of singleton bean 'org.springframework.context.annotation.internalRequiredAnnotationProcessor'
00:21:09.506 [main] DEBUG org.springframework.beans.factory.support.DefaultListableBeanFactory - Creating instance of bean 'org.springframework.context.annotation.internalRequiredAnnotationProcessor'
00:21:09.506 [main] DEBUG org.springframework.beans.factory.support.DefaultListableBeanFactory - Eagerly caching bean 'org.springframework.context.annotation.internalRequiredAnnotationProcessor' to allow for resolving potential circular references
00:21:09.506 [main] DEBUG org.springframework.beans.factory.support.DefaultListableBeanFactory - Finished creating instance of bean 'org.springframework.context.annotation.internalRequiredAnnotationProcessor'
00:21:09.506 [main] DEBUG org.springframework.beans.factory.support.DefaultListableBeanFactory - Creating shared instance of singleton bean 'org.springframework.context.annotation.internalCommonAnnotationProcessor'
00:21:09.506 [main] DEBUG org.springframework.beans.factory.support.DefaultListableBeanFactory - Creating instance of bean 'org.springframework.context.annotation.internalCommonAnnotationProcessor'
00:21:09.506 [main] DEBUG org.springframework.beans.factory.support.DefaultListableBeanFactory - Eagerly caching bean 'org.springframework.context.annotation.internalCommonAnnotationProcessor' to allow for resolving potential circular references
00:21:09.506 [main] DEBUG org.springframework.beans.factory.support.DefaultListableBeanFactory - Finished creating instance of bean 'org.springframework.context.annotation.internalCommonAnnotationProcessor'
00:21:09.506 [main] DEBUG org.springframework.beans.factory.support.DefaultListableBeanFactory - Creating shared instance of singleton bean 'org.springframework.context.annotation.ConfigurationClassPostProcessor.importAwareProcessor'
00:21:09.506 [main] DEBUG org.springframework.beans.factory.support.DefaultListableBeanFactory - Creating instance of bean 'org.springframework.context.annotation.ConfigurationClassPostProcessor.importAwareProcessor'
00:21:09.506 [main] DEBUG org.springframework.beans.factory.support.DefaultListableBeanFactory - Eagerly caching bean 'org.springframework.context.annotation.ConfigurationClassPostProcessor.importAwareProcessor' to allow for resolving potential circular references
00:21:09.506 [main] DEBUG org.springframework.beans.factory.support.DefaultListableBeanFactory - Finished creating instance of bean 'org.springframework.context.annotation.ConfigurationClassPostProcessor.importAwareProcessor'
00:21:09.506 [main] DEBUG org.springframework.beans.factory.support.DefaultListableBeanFactory - Creating shared instance of singleton bean 'org.springframework.context.annotation.ConfigurationClassPostProcessor.enhancedConfigurationProcessor'
00:21:09.506 [main] DEBUG org.springframework.beans.factory.support.DefaultListableBeanFactory - Creating instance of bean 'org.springframework.context.annotation.ConfigurationClassPostProcessor.enhancedConfigurationProcessor'
00:21:09.506 [main] DEBUG org.springframework.beans.factory.support.DefaultListableBeanFactory - Eagerly caching bean 'org.springframework.context.annotation.ConfigurationClassPostProcessor.enhancedConfigurationProcessor' to allow for resolving potential circular references
00:21:09.506 [main] DEBUG org.springframework.beans.factory.support.DefaultListableBeanFactory - Finished creating instance of bean 'org.springframework.context.annotation.ConfigurationClassPostProcessor.enhancedConfigurationProcessor'
00:21:09.506 [main] DEBUG org.springframework.context.support.GenericApplicationContext - Unable to locate MessageSource with name 'messageSource': using default [org.springframework.context.support.DelegatingMessageSource@130d63be]
00:21:09.506 [main] DEBUG org.springframework.context.support.GenericApplicationContext - Unable to locate ApplicationEventMulticaster with name 'applicationEventMulticaster': using default [org.springframework.context.event.SimpleApplicationEventMulticaster@409bf450]
00:21:09.506 [main] DEBUG org.springframework.beans.factory.support.DefaultListableBeanFactory - Pre-instantiating singletons in org.springframework.beans.factory.support.DefaultListableBeanFactory@6a396c1e: defining beans [org.springframework.context.annotation.internalConfigurationAnnotationProcessor,org.springframework.context.annotation.internalAutowiredAnnotationProcessor,org.springframework.context.annotation.internalRequiredAnnotationProcessor,org.springframework.context.annotation.internalCommonAnnotationProcessor,org.springframework.context.event.internalEventListenerProcessor,org.springframework.context.event.internalEventListenerFactory,webDriverConfig,org.springframework.context.annotation.ConfigurationClassPostProcessor.importAwareProcessor,org.springframework.context.annotation.ConfigurationClassPostProcessor.enhancedConfigurationProcessor,baseUrl,webElementScreenshotTaker,desiredCapabilities,httpStatusCodeSupplier,webDriverFactory,proxyServer,webDriverCleaner,webDriver,baseUrlHttps,dirtyWebDriver,propertySourcesPlaceholderConfigurer]; root of factory hierarchy
00:21:09.506 [main] DEBUG org.springframework.beans.factory.support.DefaultListableBeanFactory - Returning cached instance of singleton bean 'org.springframework.context.annotation.internalConfigurationAnnotationProcessor'
00:21:09.506 [main] DEBUG org.springframework.beans.factory.support.DefaultListableBeanFactory - Returning cached instance of singleton bean 'org.springframework.context.annotation.internalAutowiredAnnotationProcessor'
00:21:09.506 [main] DEBUG org.springframework.beans.factory.support.DefaultListableBeanFactory - Returning cached instance of singleton bean 'org.springframework.context.annotation.internalRequiredAnnotationProcessor'
00:21:09.506 [main] DEBUG org.springframework.beans.factory.support.DefaultListableBeanFactory - Returning cached instance of singleton bean 'org.springframework.context.annotation.internalCommonAnnotationProcessor'
00:21:09.506 [main] DEBUG org.springframework.beans.factory.support.DefaultListableBeanFactory - Creating shared instance of singleton bean 'org.springframework.context.event.internalEventListenerProcessor'
00:21:09.506 [main] DEBUG org.springframework.beans.factory.support.DefaultListableBeanFactory - Creating instance of bean 'org.springframework.context.event.internalEventListenerProcessor'
00:21:09.521 [main] DEBUG org.springframework.beans.factory.support.DefaultListableBeanFactory - Eagerly caching bean 'org.springframework.context.event.internalEventListenerProcessor' to allow for resolving potential circular references
00:21:09.537 [main] DEBUG org.springframework.beans.factory.support.DefaultListableBeanFactory - Finished creating instance of bean 'org.springframework.context.event.internalEventListenerProcessor'
00:21:09.537 [main] DEBUG org.springframework.beans.factory.support.DefaultListableBeanFactory - Creating shared instance of singleton bean 'org.springframework.context.event.internalEventListenerFactory'
00:21:09.537 [main] DEBUG org.springframework.beans.factory.support.DefaultListableBeanFactory - Creating instance of bean 'org.springframework.context.event.internalEventListenerFactory'
00:21:09.537 [main] DEBUG org.springframework.beans.factory.support.DefaultListableBeanFactory - Eagerly caching bean 'org.springframework.context.event.internalEventListenerFactory' to allow for resolving potential circular references
00:21:09.537 [main] DEBUG org.springframework.beans.factory.support.DefaultListableBeanFactory - Finished creating instance of bean 'org.springframework.context.event.internalEventListenerFactory'
00:21:09.537 [main] DEBUG org.springframework.beans.factory.support.DefaultListableBeanFactory - Creating shared instance of singleton bean 'webDriverConfig'
00:21:09.537 [main] DEBUG org.springframework.beans.factory.support.DefaultListableBeanFactory - Creating instance of bean 'webDriverConfig'
00:21:09.537 [main] DEBUG org.springframework.beans.factory.support.DefaultListableBeanFactory - Eagerly caching bean 'webDriverConfig' to allow for resolving potential circular references
00:21:09.537 [main] DEBUG org.springframework.beans.factory.support.DefaultListableBeanFactory - Finished creating instance of bean 'webDriverConfig'
00:21:09.537 [main] DEBUG org.springframework.beans.factory.support.DefaultListableBeanFactory - Returning cached instance of singleton bean 'org.springframework.context.annotation.ConfigurationClassPostProcessor.importAwareProcessor'
00:21:09.537 [main] DEBUG org.springframework.beans.factory.support.DefaultListableBeanFactory - Returning cached instance of singleton bean 'org.springframework.context.annotation.ConfigurationClassPostProcessor.enhancedConfigurationProcessor'
00:21:09.537 [main] DEBUG org.springframework.beans.factory.support.DefaultListableBeanFactory - Creating shared instance of singleton bean 'baseUrl'
00:21:09.537 [main] DEBUG org.springframework.beans.factory.support.DefaultListableBeanFactory - Creating instance of bean 'baseUrl'
00:21:09.537 [main] DEBUG org.springframework.beans.factory.support.DefaultListableBeanFactory - Returning cached instance of singleton bean 'webDriverConfig'
00:21:09.553 [main] DEBUG org.springframework.core.env.PropertySourcesPropertyResolver - Could not find key 'webdriver.baseUrl:http://auto' in any property source
00:21:09.553 [main] DEBUG org.springframework.core.env.PropertySourcesPropertyResolver - Could not find key 'webdriver.baseUrl:http://auto' in any property source
00:21:09.553 [main] DEBUG org.springframework.core.env.PropertySourcesPropertyResolver - Could not find key 'webdriver.baseUrl' in any property source
00:21:09.553 [main] DEBUG org.springframework.core.env.PropertySourcesPropertyResolver - Could not find key 'webdriver.baseUrl' in any property source
00:21:09.569 [main] DEBUG org.springframework.beans.factory.support.DefaultListableBeanFactory - Eagerly caching bean 'baseUrl' to allow for resolving potential circular references
00:21:09.569 [main] DEBUG org.springframework.beans.factory.support.DefaultListableBeanFactory - Finished creating instance of bean 'baseUrl'
00:21:09.569 [main] DEBUG org.springframework.beans.factory.support.DefaultListableBeanFactory - Creating shared instance of singleton bean 'webElementScreenshotTaker'
00:21:09.569 [main] DEBUG org.springframework.beans.factory.support.DefaultListableBeanFactory - Creating instance of bean 'webElementScreenshotTaker'
00:21:09.569 [main] DEBUG org.springframework.beans.factory.support.DefaultListableBeanFactory - Returning cached instance of singleton bean 'webDriverConfig'
00:21:09.569 [main] DEBUG org.springframework.beans.factory.support.DefaultListableBeanFactory - Eagerly caching bean 'webElementScreenshotTaker' to allow for resolving potential circular references
00:21:09.569 [main] DEBUG org.springframework.beans.factory.support.DefaultListableBeanFactory - Finished creating instance of bean 'webElementScreenshotTaker'
00:21:09.569 [main] DEBUG org.springframework.beans.factory.support.DefaultListableBeanFactory - Creating shared instance of singleton bean 'desiredCapabilities'
00:21:09.569 [main] DEBUG org.springframework.beans.factory.support.DefaultListableBeanFactory - Creating instance of bean 'desiredCapabilities'
00:21:09.569 [main] DEBUG org.springframework.beans.factory.support.DefaultListableBeanFactory - Returning cached instance of singleton bean 'webDriverConfig'
00:21:09.569 [main] DEBUG org.springframework.beans.factory.support.DefaultListableBeanFactory - Creating shared instance of singleton bean 'proxyServer'
00:21:09.569 [main] DEBUG org.springframework.beans.factory.support.DefaultListableBeanFactory - Creating instance of bean 'proxyServer'
00:21:09.569 [main] DEBUG org.springframework.beans.factory.support.DefaultListableBeanFactory - Returning cached instance of singleton bean 'webDriverConfig'
00:21:09.569 [main] DEBUG org.springframework.beans.factory.support.DefaultListableBeanFactory - Creating shared instance of singleton bean 'httpStatusCodeSupplier'
00:21:09.569 [main] DEBUG org.springframework.beans.factory.support.DefaultListableBeanFactory - Creating instance of bean 'httpStatusCodeSupplier'
00:21:09.569 [main] DEBUG org.springframework.beans.factory.support.DefaultListableBeanFactory - Returning cached instance of singleton bean 'webDriverConfig'
00:21:09.585 [main] DEBUG org.springframework.beans.factory.support.DefaultListableBeanFactory - Eagerly caching bean 'httpStatusCodeSupplier' to allow for resolving potential circular references
00:21:09.585 [main] DEBUG org.springframework.beans.factory.support.DefaultListableBeanFactory - Finished creating instance of bean 'httpStatusCodeSupplier'
00:21:09.585 [main] DEBUG org.springframework.beans.factory.support.DefaultListableBeanFactory - Autowiring by type from bean name 'proxyServer' via factory method to bean named 'httpStatusCodeSupplier'
00:21:09.639 [main] DEBUG io.netty.util.internal.logging.InternalLoggerFactory - Using SLF4J as the default logging framework
00:21:09.665 [main] DEBUG io.netty.util.internal.PlatformDependent0 - java.nio.Buffer.address: available
00:21:09.668 [main] DEBUG io.netty.util.internal.PlatformDependent0 - sun.misc.Unsafe.theUnsafe: available
00:21:09.668 [main] DEBUG io.netty.util.internal.PlatformDependent0 - sun.misc.Unsafe.copyMemory: available
00:21:09.670 [main] DEBUG io.netty.util.internal.PlatformDependent0 - java.nio.Bits.unaligned: true
00:21:09.670 [main] DEBUG io.netty.util.internal.PlatformDependent - Platform: Windows
00:21:09.670 [main] DEBUG io.netty.util.internal.PlatformDependent - Java version: 8
00:21:09.670 [main] DEBUG io.netty.util.internal.PlatformDependent - -Dio.netty.noUnsafe: false
00:21:09.670 [main] DEBUG io.netty.util.internal.PlatformDependent - sun.misc.Unsafe: available
00:21:09.677 [main] DEBUG io.netty.util.internal.PlatformDependent - -Dio.netty.noJavassist: false
00:21:09.681 [main] DEBUG io.netty.util.internal.PlatformDependent - Javassist: unavailable
00:21:09.681 [main] DEBUG io.netty.util.internal.PlatformDependent - You don't have Javassist in your class path or you don't have enough permission to load dynamically generated classes.  Please check the configuration for better performance.
00:21:09.682 [main] DEBUG io.netty.util.internal.PlatformDependent - -Dio.netty.tmpdir: C:\Users\Leo\AppData\Local\Temp (java.io.tmpdir)
00:21:09.682 [main] DEBUG io.netty.util.internal.PlatformDependent - -Dio.netty.bitMode: 64 (sun.arch.data.model)
00:21:09.682 [main] DEBUG io.netty.util.internal.PlatformDependent - -Dio.netty.noPreferDirect: false
00:21:09.695 [main] INFO org.littleshoot.proxy.impl.DefaultHttpProxyServer - Starting proxy at address: /127.0.0.1:50510
00:21:09.696 [main] DEBUG org.littleshoot.proxy.impl.ServerGroup - Initializing thread pools for TCP with 2 acceptor threads, 8 incoming worker threads, and 8 outgoing worker threads
00:21:09.696 [main] DEBUG io.netty.channel.MultithreadEventLoopGroup - -Dio.netty.eventLoopThreads: 16
00:21:09.696 [main] DEBUG io.netty.channel.nio.NioEventLoop - -Dio.netty.noKeySetOptimization: false
00:21:09.696 [main] DEBUG io.netty.channel.nio.NioEventLoop - -Dio.netty.selectorAutoRebuildThreshold: 512
00:21:09.951 [main] INFO org.littleshoot.proxy.impl.DefaultHttpProxyServer - Proxy listening with TCP transport
00:21:09.967 [main] DEBUG io.netty.util.internal.ThreadLocalRandom - -Dio.netty.initialSeedUniquifier: 0x0977e611d3a89a9e (took 1 ms)
00:21:09.998 [main] DEBUG io.netty.buffer.ByteBufUtil - -Dio.netty.allocator.type: unpooled
00:21:09.998 [main] DEBUG io.netty.buffer.ByteBufUtil - -Dio.netty.threadLocalDirectBufferSize: 65536
00:21:09.998 [main] DEBUG io.netty.buffer.ByteBufUtil - -Dio.netty.maxThreadLocalCharBufferSize: 16384
00:21:10.122 [main] DEBUG io.netty.util.NetUtil - Loopback interface: lo (Software Loopback Interface 1, 127.0.0.1)
00:21:10.122 [main] DEBUG io.netty.util.NetUtil - \proc\sys\net\core\somaxconn: 200 (non-existent)
00:21:10.122 [main] INFO org.littleshoot.proxy.impl.DefaultHttpProxyServer - Proxy started at address: /127.0.0.1:50510
00:21:10.122 [main] DEBUG org.springframework.beans.factory.support.DefaultListableBeanFactory - Eagerly caching bean 'proxyServer' to allow for resolving potential circular references
00:21:10.122 [main] DEBUG org.springframework.beans.factory.support.DefaultListableBeanFactory - Finished creating instance of bean 'proxyServer'
00:21:10.122 [main] DEBUG org.springframework.core.env.PropertySourcesPropertyResolver - Could not find key 'webdriver.capabilities.browserName:chrome' in any property source
00:21:10.122 [main] DEBUG org.springframework.core.env.PropertySourcesPropertyResolver - Could not find key 'webdriver.capabilities.browserName:chrome' in any property source
00:21:10.122 [main] DEBUG org.springframework.core.env.PropertySourcesPropertyResolver - Could not find key 'webdriver.capabilities.browserName' in any property source
00:21:10.122 [main] DEBUG org.springframework.core.env.PropertySourcesPropertyResolver - Could not find key 'webdriver.capabilities.browserName' in any property source
00:21:10.122 [main] DEBUG org.springframework.core.env.PropertySourcesPropertyResolver - Could not find key 'webdriver.proxy.enabled:false' in any property source
00:21:10.122 [main] DEBUG org.springframework.core.env.PropertySourcesPropertyResolver - Could not find key 'webdriver.proxy.enabled:false' in any property source
00:21:10.122 [main] DEBUG org.springframework.core.env.PropertySourcesPropertyResolver - Could not find key 'webdriver.proxy.enabled' in any property source
00:21:10.122 [main] DEBUG org.springframework.core.env.PropertySourcesPropertyResolver - Could not find key 'webdriver.proxy.enabled' in any property source
00:21:10.138 [main] DEBUG org.springframework.beans.factory.support.DefaultListableBeanFactory - Autowiring by type from bean name 'desiredCapabilities' via factory method to bean named 'proxyServer'
00:21:10.154 [main] INFO swb.framework.WebDriverConfig - capabilities=Capabilities [{acceptSslCerts=true, browserName=chrome, version=, platform=ANY}]
00:21:10.170 [main] DEBUG org.springframework.beans.factory.support.DefaultListableBeanFactory - Eagerly caching bean 'desiredCapabilities' to allow for resolving potential circular references
00:21:10.170 [main] DEBUG org.springframework.beans.factory.support.DefaultListableBeanFactory - Finished creating instance of bean 'desiredCapabilities'
00:21:10.170 [main] DEBUG org.springframework.beans.factory.support.DefaultListableBeanFactory - Returning cached instance of singleton bean 'httpStatusCodeSupplier'
00:21:10.170 [main] DEBUG org.springframework.beans.factory.support.DefaultListableBeanFactory - Creating shared instance of singleton bean 'webDriverFactory'
00:21:10.170 [main] DEBUG org.springframework.beans.factory.support.DefaultListableBeanFactory - Creating instance of bean 'webDriverFactory'
00:21:10.170 [main] DEBUG org.springframework.beans.factory.support.DefaultListableBeanFactory - Returning cached instance of singleton bean 'webDriverConfig'
00:21:10.170 [main] DEBUG org.springframework.core.env.PropertySourcesPropertyResolver - Could not find key 'webdriver.remote:false' in any property source
00:21:10.170 [main] DEBUG org.springframework.core.env.PropertySourcesPropertyResolver - Could not find key 'webdriver.remote:false' in any property source
00:21:10.170 [main] DEBUG org.springframework.core.env.PropertySourcesPropertyResolver - Could not find key 'webdriver.remote' in any property source
00:21:10.170 [main] DEBUG org.springframework.core.env.PropertySourcesPropertyResolver - Could not find key 'webdriver.remote' in any property source
00:21:10.170 [main] DEBUG org.springframework.core.env.PropertySourcesPropertyResolver - Could not find key 'webdriver.remote.url:http://localhost:4444/wd/hub' in any property source
00:21:10.170 [main] DEBUG org.springframework.core.env.PropertySourcesPropertyResolver - Could not find key 'webdriver.remote.url:http://localhost:4444/wd/hub' in any property source
00:21:10.170 [main] DEBUG org.springframework.core.env.PropertySourcesPropertyResolver - Could not find key 'webdriver.remote.url' in any property source
00:21:10.170 [main] DEBUG org.springframework.core.env.PropertySourcesPropertyResolver - Could not find key 'webdriver.remote.url' in any property source
00:21:10.185 [main] DEBUG org.springframework.beans.factory.support.DefaultListableBeanFactory - Eagerly caching bean 'webDriverFactory' to allow for resolving potential circular references
00:21:10.185 [main] DEBUG org.springframework.beans.factory.support.DefaultListableBeanFactory - Finished creating instance of bean 'webDriverFactory'
00:21:10.185 [main] DEBUG org.springframework.beans.factory.support.DefaultListableBeanFactory - Returning cached instance of singleton bean 'proxyServer'
00:21:10.185 [main] DEBUG org.springframework.beans.factory.support.DefaultListableBeanFactory - Creating shared instance of singleton bean 'webDriverCleaner'
00:21:10.185 [main] DEBUG org.springframework.beans.factory.support.DefaultListableBeanFactory - Creating instance of bean 'webDriverCleaner'
00:21:10.185 [main] DEBUG org.springframework.beans.factory.support.DefaultListableBeanFactory - Returning cached instance of singleton bean 'webDriverConfig'
00:21:10.185 [main] DEBUG org.springframework.beans.factory.support.DefaultListableBeanFactory - Eagerly caching bean 'webDriverCleaner' to allow for resolving potential circular references
00:21:10.185 [main] DEBUG org.springframework.beans.factory.support.DefaultListableBeanFactory - Finished creating instance of bean 'webDriverCleaner'
00:21:10.185 [main] DEBUG org.springframework.beans.factory.support.DefaultListableBeanFactory - Creating shared instance of singleton bean 'baseUrlHttps'
00:21:10.185 [main] DEBUG org.springframework.beans.factory.support.DefaultListableBeanFactory - Creating instance of bean 'baseUrlHttps'
00:21:10.185 [main] DEBUG org.springframework.beans.factory.support.DefaultListableBeanFactory - Returning cached instance of singleton bean 'webDriverConfig'
00:21:10.185 [main] DEBUG org.springframework.core.env.PropertySourcesPropertyResolver - Could not find key 'webdriver.baseUrlHttps:https://auto' in any property source
00:21:10.185 [main] DEBUG org.springframework.core.env.PropertySourcesPropertyResolver - Could not find key 'webdriver.baseUrlHttps:https://auto' in any property source
00:21:10.185 [main] DEBUG org.springframework.core.env.PropertySourcesPropertyResolver - Could not find key 'webdriver.baseUrlHttps' in any property source
00:21:10.185 [main] DEBUG org.springframework.core.env.PropertySourcesPropertyResolver - Could not find key 'webdriver.baseUrlHttps' in any property source
00:21:10.185 [main] DEBUG org.springframework.beans.factory.support.DefaultListableBeanFactory - Eagerly caching bean 'baseUrlHttps' to allow for resolving potential circular references
00:21:10.185 [main] DEBUG org.springframework.beans.factory.support.DefaultListableBeanFactory - Finished creating instance of bean 'baseUrlHttps'
00:21:10.185 [main] DEBUG org.springframework.beans.factory.support.DefaultListableBeanFactory - Returning cached instance of singleton bean 'propertySourcesPlaceholderConfigurer'
00:21:10.185 [main] DEBUG org.springframework.beans.factory.support.DefaultListableBeanFactory - Returning cached instance of singleton bean 'org.springframework.context.event.internalEventListenerFactory'
00:21:10.201 [main] DEBUG org.springframework.context.support.GenericApplicationContext - Unable to locate LifecycleProcessor with name 'lifecycleProcessor': using default [org.springframework.context.support.DefaultLifecycleProcessor@536f2a7e]
00:21:10.201 [main] DEBUG org.springframework.beans.factory.support.DefaultListableBeanFactory - Returning cached instance of singleton bean 'lifecycleProcessor'
00:21:10.217 [main] DEBUG org.springframework.core.env.PropertySourcesPropertyResolver - Could not find key 'spring.liveBeansView.mbeanDomain' in any property source
00:21:10.217 [main] DEBUG org.springframework.test.context.cache.DefaultCacheAwareContextLoaderDelegate - Storing ApplicationContext in cache under key [[MergedContextConfiguration@3108bc testClass = WebDriverRunner.ConfigShim, locations = '{}', classes = '{class swb.framework.WebDriverConfig}', contextInitializerClasses = '[]', activeProfiles = '{}', propertySourceLocations = '{}', propertySourceProperties = '{}', contextCustomizers = set[[empty]], contextLoader = 'org.springframework.test.context.support.DelegatingSmartContextLoader', parent = [null]]]
00:21:10.217 [main] DEBUG org.springframework.test.context.cache - Spring test ApplicationContext cache statistics: [DefaultContextCache@7d900ecf size = 1, maxSize = 32, parentContextCount = 0, hitCount = 0, missCount = 1]
00:21:10.217 [main] DEBUG org.springframework.beans.factory.annotation.InjectionMetadata - Processing injected element of bean 'swb.interacting_3.mtContextMenuIT': AutowiredFieldElement for private org.openqa.selenium.WebDriver swb.interacting_3.mtContextMenuIT.driver
00:21:10.217 [main] DEBUG org.springframework.beans.factory.support.DefaultListableBeanFactory - Creating instance of bean 'webDriver'
00:21:10.217 [main] DEBUG org.springframework.beans.factory.support.DefaultListableBeanFactory - Returning cached instance of singleton bean 'webDriverConfig'
00:21:10.217 [main] DEBUG org.springframework.beans.factory.support.DefaultListableBeanFactory - Returning cached instance of singleton bean 'webDriverCleaner'
00:21:10.217 [main] DEBUG org.springframework.beans.factory.support.DefaultListableBeanFactory - Creating shared instance of singleton bean 'dirtyWebDriver'
00:21:10.217 [main] DEBUG org.springframework.beans.factory.support.DefaultListableBeanFactory - Creating instance of bean 'dirtyWebDriver'
00:21:10.217 [main] DEBUG org.springframework.beans.factory.support.DefaultListableBeanFactory - Returning cached instance of singleton bean 'webDriverConfig'
00:21:10.217 [main] DEBUG org.springframework.beans.factory.support.DefaultListableBeanFactory - Returning cached instance of singleton bean 'webDriverFactory'
00:21:10.217 [main] DEBUG org.springframework.beans.factory.support.DefaultListableBeanFactory - Returning cached instance of singleton bean 'desiredCapabilities'
00:21:10.217 [main] DEBUG org.springframework.beans.factory.support.DefaultListableBeanFactory - Returning cached instance of singleton bean 'baseUrl'
00:21:10.217 [main] DEBUG org.springframework.beans.factory.support.DefaultListableBeanFactory - Returning cached instance of singleton bean 'baseUrlHttps'
00:21:10.217 [main] DEBUG org.springframework.beans.factory.support.DefaultListableBeanFactory - Autowiring by type from bean name 'dirtyWebDriver' via factory method to bean named 'webDriverFactory'
00:21:10.217 [main] DEBUG org.springframework.beans.factory.support.DefaultListableBeanFactory - Autowiring by type from bean name 'dirtyWebDriver' via factory method to bean named 'desiredCapabilities'
00:21:10.217 [main] DEBUG org.springframework.beans.factory.support.DefaultListableBeanFactory - Autowiring by type from bean name 'dirtyWebDriver' via factory method to bean named 'baseUrl'
00:21:10.232 [main] INFO swb.drivers.ChromeDriverBinarySupplier - os.name=windows 10
00:21:10.232 [main] INFO swb.drivers.ChromeDriverBinarySupplier - os.arch=amd64
00:21:10.232 [main] INFO swb.drivers.ChromeDriverBinarySupplier - tmp=C:\Users\Leo\AppData\Local\Temp\
00:21:12.066 [main] INFO swb.drivers.ChromeDriverBinarySupplier - downloading http://chromedriver.storage.googleapis.com/87.0.4280.88/chromedriver_win32.zip to C:\Users\Leo\AppData\Local\Temp\chromedriver_win32.zip
00:21:13.872 [Forwarding newSession on session null to remote] DEBUG org.apache.http.client.protocol.RequestAddCookies - CookieSpec selected: default
00:21:13.888 [Forwarding newSession on session null to remote] DEBUG org.apache.http.client.protocol.RequestAuthCache - Auth cache not set in the context
00:21:13.888 [Forwarding newSession on session null to remote] DEBUG org.apache.http.impl.conn.PoolingHttpClientConnectionManager - Connection request: [route: {}->http://localhost:37021][total kept alive: 0; route allocated: 0 of 2000; total allocated: 0 of 2000]
00:21:13.888 [Forwarding newSession on session null to remote] DEBUG org.apache.http.impl.conn.PoolingHttpClientConnectionManager - Connection leased: [id: 0][route: {}->http://localhost:37021][total kept alive: 0; route allocated: 1 of 2000; total allocated: 1 of 2000]
00:21:13.904 [Forwarding newSession on session null to remote] DEBUG org.apache.http.impl.execchain.MainClientExec - Opening connection {}->http://localhost:37021
00:21:13.904 [Forwarding newSession on session null to remote] DEBUG org.apache.http.impl.conn.DefaultHttpClientConnectionOperator - Connecting to localhost/127.0.0.1:37021
00:21:13.904 [Forwarding newSession on session null to remote] DEBUG org.apache.http.impl.conn.DefaultHttpClientConnectionOperator - Connection established 127.0.0.1:50551<->127.0.0.1:37021
00:21:13.904 [Forwarding newSession on session null to remote] DEBUG org.apache.http.impl.conn.DefaultManagedHttpClientConnection - http-outgoing-0: set socket timeout to 10800000
00:21:13.904 [Forwarding newSession on session null to remote] DEBUG org.apache.http.impl.execchain.MainClientExec - Executing request POST /session HTTP/1.1
00:21:13.904 [Forwarding newSession on session null to remote] DEBUG org.apache.http.impl.execchain.MainClientExec - Target auth state: UNCHALLENGED
00:21:13.904 [Forwarding newSession on session null to remote] DEBUG org.apache.http.impl.execchain.MainClientExec - Proxy auth state: UNCHALLENGED
00:21:13.904 [Forwarding newSession on session null to remote] DEBUG org.apache.http.headers - http-outgoing-0 >> POST /session HTTP/1.1
00:21:13.904 [Forwarding newSession on session null to remote] DEBUG org.apache.http.headers - http-outgoing-0 >> Content-Type: application/json; charset=utf-8
00:21:13.904 [Forwarding newSession on session null to remote] DEBUG org.apache.http.headers - http-outgoing-0 >> Content-Length: 273
00:21:13.904 [Forwarding newSession on session null to remote] DEBUG org.apache.http.headers - http-outgoing-0 >> Host: localhost:37021
00:21:13.904 [Forwarding newSession on session null to remote] DEBUG org.apache.http.headers - http-outgoing-0 >> Connection: Keep-Alive
00:21:13.904 [Forwarding newSession on session null to remote] DEBUG org.apache.http.headers - http-outgoing-0 >> User-Agent: Apache-HttpClient/4.5.1 (Java/1.8.0_221)
00:21:13.904 [Forwarding newSession on session null to remote] DEBUG org.apache.http.headers - http-outgoing-0 >> Accept-Encoding: gzip,deflate
00:21:13.904 [Forwarding newSession on session null to remote] DEBUG org.apache.http.wire - http-outgoing-0 >> "POST /session HTTP/1.1[\r][\n]"
00:21:13.904 [Forwarding newSession on session null to remote] DEBUG org.apache.http.wire - http-outgoing-0 >> "Content-Type: application/json; charset=utf-8[\r][\n]"
00:21:13.904 [Forwarding newSession on session null to remote] DEBUG org.apache.http.wire - http-outgoing-0 >> "Content-Length: 273[\r][\n]"
00:21:13.904 [Forwarding newSession on session null to remote] DEBUG org.apache.http.wire - http-outgoing-0 >> "Host: localhost:37021[\r][\n]"
00:21:13.904 [Forwarding newSession on session null to remote] DEBUG org.apache.http.wire - http-outgoing-0 >> "Connection: Keep-Alive[\r][\n]"
00:21:13.904 [Forwarding newSession on session null to remote] DEBUG org.apache.http.wire - http-outgoing-0 >> "User-Agent: Apache-HttpClient/4.5.1 (Java/1.8.0_221)[\r][\n]"
00:21:13.904 [Forwarding newSession on session null to remote] DEBUG org.apache.http.wire - http-outgoing-0 >> "Accept-Encoding: gzip,deflate[\r][\n]"
00:21:13.904 [Forwarding newSession on session null to remote] DEBUG org.apache.http.wire - http-outgoing-0 >> "[\r][\n]"
00:21:13.904 [Forwarding newSession on session null to remote] DEBUG org.apache.http.wire - http-outgoing-0 >> "{"capabilities": {"desiredCapabilities": {"acceptSslCerts":true,"browserName":"chrome","version":"","platform":"ANY"},"requiredCapabilities": {}},"desiredCapabilities": {"acceptSslCerts":true,"browserName":"chrome","version":"","platform":"ANY"},"requiredCapabilities": {}}"
00:21:16.390 [Forwarding newSession on session null to remote] DEBUG org.apache.http.wire - http-outgoing-0 << "HTTP/1.1 200 OK[\r][\n]"
00:21:16.390 [Forwarding newSession on session null to remote] DEBUG org.apache.http.wire - http-outgoing-0 << "Content-Length:827[\r][\n]"
00:21:16.390 [Forwarding newSession on session null to remote] DEBUG org.apache.http.wire - http-outgoing-0 << "Content-Type:application/json; charset=utf-8[\r][\n]"
00:21:16.390 [Forwarding newSession on session null to remote] DEBUG org.apache.http.wire - http-outgoing-0 << "[\r][\n]"
00:21:16.390 [Forwarding newSession on session null to remote] DEBUG org.apache.http.wire - http-outgoing-0 << "{"sessionId":"613e51b81ffcfe75e867fe40085f09d9","status":0,"value":{"acceptInsecureCerts":false,"acceptSslCerts":false,"applicationCacheEnabled":false,"browserConnectionEnabled":false,"browserName":"chrome","chrome":{"chromedriverVersion":"2.38.551601 (edb21f07fc70e9027c746edd3201443e011a61ed)","userDataDir":"C:\\Users\\Leo\\AppData\\Local\\Temp\\scoped_dir8292_24156"},"cssSelectorsEnabled":true,"databaseEnabled":false,"handlesAlerts":true,"hasTouchScreen":false,"javascriptEnabled":true,"locationContextEnabled":true,"mobileEmulationEnabled":false,"nativeEvents":true,"networkConnectionEnabled":false,"pageLoadStrategy":"normal","platform":"Windows NT","rotatable":false,"setWindowRect":true,"takesHeapSnapshot":true,"takesScreenshot":true,"unexpectedAlertBehaviour":"","version":"87.0.4280.141","webStorageEnabled":true}}"
00:21:16.395 [Forwarding newSession on session null to remote] DEBUG org.apache.http.headers - http-outgoing-0 << HTTP/1.1 200 OK
00:21:16.396 [Forwarding newSession on session null to remote] DEBUG org.apache.http.headers - http-outgoing-0 << Content-Length:827
00:21:16.396 [Forwarding newSession on session null to remote] DEBUG org.apache.http.headers - http-outgoing-0 << Content-Type:application/json; charset=utf-8
00:21:16.401 [Forwarding newSession on session null to remote] DEBUG org.apache.http.impl.execchain.MainClientExec - Connection can be kept alive indefinitely
00:21:16.402 [Forwarding newSession on session null to remote] DEBUG org.apache.http.impl.conn.PoolingHttpClientConnectionManager - Connection [id: 0][route: {}->http://localhost:37021] can be kept alive indefinitely
00:21:16.402 [Forwarding newSession on session null to remote] DEBUG org.apache.http.impl.conn.PoolingHttpClientConnectionManager - Connection released: [id: 0][route: {}->http://localhost:37021][total kept alive: 1; route allocated: 1 of 2000; total allocated: 1 of 2000]
00:21:16.442 [main] DEBUG org.springframework.beans.factory.support.DefaultListableBeanFactory - Eagerly caching bean 'dirtyWebDriver' to allow for resolving potential circular references
00:21:16.444 [main] DEBUG org.springframework.beans.factory.support.DefaultListableBeanFactory - Finished creating instance of bean 'dirtyWebDriver'
00:21:16.444 [main] DEBUG org.springframework.beans.factory.support.DefaultListableBeanFactory - Autowiring by type from bean name 'webDriver' via factory method to bean named 'webDriverCleaner'
00:21:16.444 [main] DEBUG org.springframework.beans.factory.support.DefaultListableBeanFactory - Autowiring by type from bean name 'webDriver' via factory method to bean named 'dirtyWebDriver'
00:21:16.444 [Forwarding deleteAllCookies on session 613e51b81ffcfe75e867fe40085f09d9 to remote] DEBUG org.apache.http.client.protocol.RequestAddCookies - CookieSpec selected: default
00:21:16.444 [Forwarding deleteAllCookies on session 613e51b81ffcfe75e867fe40085f09d9 to remote] DEBUG org.apache.http.client.protocol.RequestAuthCache - Auth cache not set in the context
00:21:16.444 [Forwarding deleteAllCookies on session 613e51b81ffcfe75e867fe40085f09d9 to remote] DEBUG org.apache.http.impl.conn.PoolingHttpClientConnectionManager - Connection request: [route: {}->http://localhost:37021][total kept alive: 1; route allocated: 1 of 2000; total allocated: 1 of 2000]
00:21:16.444 [Forwarding deleteAllCookies on session 613e51b81ffcfe75e867fe40085f09d9 to remote] DEBUG org.apache.http.impl.conn.PoolingHttpClientConnectionManager - Connection leased: [id: 0][route: {}->http://localhost:37021][total kept alive: 0; route allocated: 1 of 2000; total allocated: 1 of 2000]
00:21:16.444 [Forwarding deleteAllCookies on session 613e51b81ffcfe75e867fe40085f09d9 to remote] DEBUG org.apache.http.impl.execchain.MainClientExec - Stale connection check
00:21:16.457 [Forwarding deleteAllCookies on session 613e51b81ffcfe75e867fe40085f09d9 to remote] DEBUG org.apache.http.wire - http-outgoing-0 << "[read] I/O error: Read timed out"
00:21:16.458 [Forwarding deleteAllCookies on session 613e51b81ffcfe75e867fe40085f09d9 to remote] DEBUG org.apache.http.impl.conn.DefaultManagedHttpClientConnection - http-outgoing-0: set socket timeout to 10800000
00:21:16.458 [Forwarding deleteAllCookies on session 613e51b81ffcfe75e867fe40085f09d9 to remote] DEBUG org.apache.http.impl.execchain.MainClientExec - Executing request DELETE /session/613e51b81ffcfe75e867fe40085f09d9/cookie HTTP/1.1
00:21:16.458 [Forwarding deleteAllCookies on session 613e51b81ffcfe75e867fe40085f09d9 to remote] DEBUG org.apache.http.impl.execchain.MainClientExec - Target auth state: UNCHALLENGED
00:21:16.458 [Forwarding deleteAllCookies on session 613e51b81ffcfe75e867fe40085f09d9 to remote] DEBUG org.apache.http.impl.execchain.MainClientExec - Proxy auth state: UNCHALLENGED
00:21:16.458 [Forwarding deleteAllCookies on session 613e51b81ffcfe75e867fe40085f09d9 to remote] DEBUG org.apache.http.headers - http-outgoing-0 >> DELETE /session/613e51b81ffcfe75e867fe40085f09d9/cookie HTTP/1.1
00:21:16.458 [Forwarding deleteAllCookies on session 613e51b81ffcfe75e867fe40085f09d9 to remote] DEBUG org.apache.http.headers - http-outgoing-0 >> Host: localhost:37021
00:21:16.458 [Forwarding deleteAllCookies on session 613e51b81ffcfe75e867fe40085f09d9 to remote] DEBUG org.apache.http.headers - http-outgoing-0 >> Connection: Keep-Alive
00:21:16.458 [Forwarding deleteAllCookies on session 613e51b81ffcfe75e867fe40085f09d9 to remote] DEBUG org.apache.http.headers - http-outgoing-0 >> User-Agent: Apache-HttpClient/4.5.1 (Java/1.8.0_221)
00:21:16.458 [Forwarding deleteAllCookies on session 613e51b81ffcfe75e867fe40085f09d9 to remote] DEBUG org.apache.http.headers - http-outgoing-0 >> Accept-Encoding: gzip,deflate
00:21:16.458 [Forwarding deleteAllCookies on session 613e51b81ffcfe75e867fe40085f09d9 to remote] DEBUG org.apache.http.wire - http-outgoing-0 >> "DELETE /session/613e51b81ffcfe75e867fe40085f09d9/cookie HTTP/1.1[\r][\n]"
00:21:16.458 [Forwarding deleteAllCookies on session 613e51b81ffcfe75e867fe40085f09d9 to remote] DEBUG org.apache.http.wire - http-outgoing-0 >> "Host: localhost:37021[\r][\n]"
00:21:16.458 [Forwarding deleteAllCookies on session 613e51b81ffcfe75e867fe40085f09d9 to remote] DEBUG org.apache.http.wire - http-outgoing-0 >> "Connection: Keep-Alive[\r][\n]"
00:21:16.458 [Forwarding deleteAllCookies on session 613e51b81ffcfe75e867fe40085f09d9 to remote] DEBUG org.apache.http.wire - http-outgoing-0 >> "User-Agent: Apache-HttpClient/4.5.1 (Java/1.8.0_221)[\r][\n]"
00:21:16.458 [Forwarding deleteAllCookies on session 613e51b81ffcfe75e867fe40085f09d9 to remote] DEBUG org.apache.http.wire - http-outgoing-0 >> "Accept-Encoding: gzip,deflate[\r][\n]"
00:21:16.458 [Forwarding deleteAllCookies on session 613e51b81ffcfe75e867fe40085f09d9 to remote] DEBUG org.apache.http.wire - http-outgoing-0 >> "[\r][\n]"
00:21:16.489 [Forwarding deleteAllCookies on session 613e51b81ffcfe75e867fe40085f09d9 to remote] DEBUG org.apache.http.wire - http-outgoing-0 << "HTTP/1.1 200 OK[\r][\n]"
00:21:16.489 [Forwarding deleteAllCookies on session 613e51b81ffcfe75e867fe40085f09d9 to remote] DEBUG org.apache.http.wire - http-outgoing-0 << "Content-Length:72[\r][\n]"
00:21:16.489 [Forwarding deleteAllCookies on session 613e51b81ffcfe75e867fe40085f09d9 to remote] DEBUG org.apache.http.wire - http-outgoing-0 << "Content-Type:application/json; charset=utf-8[\r][\n]"
00:21:16.489 [Forwarding deleteAllCookies on session 613e51b81ffcfe75e867fe40085f09d9 to remote] DEBUG org.apache.http.wire - http-outgoing-0 << "[\r][\n]"
00:21:16.489 [Forwarding deleteAllCookies on session 613e51b81ffcfe75e867fe40085f09d9 to remote] DEBUG org.apache.http.wire - http-outgoing-0 << "{"sessionId":"613e51b81ffcfe75e867fe40085f09d9","status":0,"value":null}"
00:21:16.489 [Forwarding deleteAllCookies on session 613e51b81ffcfe75e867fe40085f09d9 to remote] DEBUG org.apache.http.headers - http-outgoing-0 << HTTP/1.1 200 OK
00:21:16.489 [Forwarding deleteAllCookies on session 613e51b81ffcfe75e867fe40085f09d9 to remote] DEBUG org.apache.http.headers - http-outgoing-0 << Content-Length:72
00:21:16.489 [Forwarding deleteAllCookies on session 613e51b81ffcfe75e867fe40085f09d9 to remote] DEBUG org.apache.http.headers - http-outgoing-0 << Content-Type:application/json; charset=utf-8
00:21:16.489 [Forwarding deleteAllCookies on session 613e51b81ffcfe75e867fe40085f09d9 to remote] DEBUG org.apache.http.impl.execchain.MainClientExec - Connection can be kept alive indefinitely
00:21:16.489 [Forwarding deleteAllCookies on session 613e51b81ffcfe75e867fe40085f09d9 to remote] DEBUG org.apache.http.impl.conn.PoolingHttpClientConnectionManager - Connection [id: 0][route: {}->http://localhost:37021] can be kept alive indefinitely
00:21:16.489 [Forwarding deleteAllCookies on session 613e51b81ffcfe75e867fe40085f09d9 to remote] DEBUG org.apache.http.impl.conn.PoolingHttpClientConnectionManager - Connection released: [id: 0][route: {}->http://localhost:37021][total kept alive: 1; route allocated: 1 of 2000; total allocated: 1 of 2000]
00:21:16.493 [Forwarding setTimeout on session 613e51b81ffcfe75e867fe40085f09d9 to remote] DEBUG org.apache.http.client.protocol.RequestAddCookies - CookieSpec selected: default
00:21:16.493 [Forwarding setTimeout on session 613e51b81ffcfe75e867fe40085f09d9 to remote] DEBUG org.apache.http.client.protocol.RequestAuthCache - Auth cache not set in the context
00:21:16.493 [Forwarding setTimeout on session 613e51b81ffcfe75e867fe40085f09d9 to remote] DEBUG org.apache.http.impl.conn.PoolingHttpClientConnectionManager - Connection request: [route: {}->http://localhost:37021][total kept alive: 1; route allocated: 1 of 2000; total allocated: 1 of 2000]
00:21:16.493 [Forwarding setTimeout on session 613e51b81ffcfe75e867fe40085f09d9 to remote] DEBUG org.apache.http.impl.conn.PoolingHttpClientConnectionManager - Connection leased: [id: 0][route: {}->http://localhost:37021][total kept alive: 0; route allocated: 1 of 2000; total allocated: 1 of 2000]
00:21:16.494 [Forwarding setTimeout on session 613e51b81ffcfe75e867fe40085f09d9 to remote] DEBUG org.apache.http.impl.execchain.MainClientExec - Stale connection check
00:21:16.495 [Forwarding setTimeout on session 613e51b81ffcfe75e867fe40085f09d9 to remote] DEBUG org.apache.http.wire - http-outgoing-0 << "[read] I/O error: Read timed out"
00:21:16.495 [Forwarding setTimeout on session 613e51b81ffcfe75e867fe40085f09d9 to remote] DEBUG org.apache.http.impl.conn.DefaultManagedHttpClientConnection - http-outgoing-0: set socket timeout to 10800000
00:21:16.495 [Forwarding setTimeout on session 613e51b81ffcfe75e867fe40085f09d9 to remote] DEBUG org.apache.http.impl.execchain.MainClientExec - Executing request POST /session/613e51b81ffcfe75e867fe40085f09d9/timeouts HTTP/1.1
00:21:16.495 [Forwarding setTimeout on session 613e51b81ffcfe75e867fe40085f09d9 to remote] DEBUG org.apache.http.impl.execchain.MainClientExec - Target auth state: UNCHALLENGED
00:21:16.495 [Forwarding setTimeout on session 613e51b81ffcfe75e867fe40085f09d9 to remote] DEBUG org.apache.http.impl.execchain.MainClientExec - Proxy auth state: UNCHALLENGED
00:21:16.495 [Forwarding setTimeout on session 613e51b81ffcfe75e867fe40085f09d9 to remote] DEBUG org.apache.http.headers - http-outgoing-0 >> POST /session/613e51b81ffcfe75e867fe40085f09d9/timeouts HTTP/1.1
00:21:16.495 [Forwarding setTimeout on session 613e51b81ffcfe75e867fe40085f09d9 to remote] DEBUG org.apache.http.headers - http-outgoing-0 >> Content-Type: application/json; charset=utf-8
00:21:16.495 [Forwarding setTimeout on session 613e51b81ffcfe75e867fe40085f09d9 to remote] DEBUG org.apache.http.headers - http-outgoing-0 >> Content-Length: 26
00:21:16.495 [Forwarding setTimeout on session 613e51b81ffcfe75e867fe40085f09d9 to remote] DEBUG org.apache.http.headers - http-outgoing-0 >> Host: localhost:37021
00:21:16.495 [Forwarding setTimeout on session 613e51b81ffcfe75e867fe40085f09d9 to remote] DEBUG org.apache.http.headers - http-outgoing-0 >> Connection: Keep-Alive
00:21:16.495 [Forwarding setTimeout on session 613e51b81ffcfe75e867fe40085f09d9 to remote] DEBUG org.apache.http.headers - http-outgoing-0 >> User-Agent: Apache-HttpClient/4.5.1 (Java/1.8.0_221)
00:21:16.495 [Forwarding setTimeout on session 613e51b81ffcfe75e867fe40085f09d9 to remote] DEBUG org.apache.http.headers - http-outgoing-0 >> Accept-Encoding: gzip,deflate
00:21:16.495 [Forwarding setTimeout on session 613e51b81ffcfe75e867fe40085f09d9 to remote] DEBUG org.apache.http.wire - http-outgoing-0 >> "POST /session/613e51b81ffcfe75e867fe40085f09d9/timeouts HTTP/1.1[\r][\n]"
00:21:16.495 [Forwarding setTimeout on session 613e51b81ffcfe75e867fe40085f09d9 to remote] DEBUG org.apache.http.wire - http-outgoing-0 >> "Content-Type: application/json; charset=utf-8[\r][\n]"
00:21:16.495 [Forwarding setTimeout on session 613e51b81ffcfe75e867fe40085f09d9 to remote] DEBUG org.apache.http.wire - http-outgoing-0 >> "Content-Length: 26[\r][\n]"
00:21:16.495 [Forwarding setTimeout on session 613e51b81ffcfe75e867fe40085f09d9 to remote] DEBUG org.apache.http.wire - http-outgoing-0 >> "Host: localhost:37021[\r][\n]"
00:21:16.495 [Forwarding setTimeout on session 613e51b81ffcfe75e867fe40085f09d9 to remote] DEBUG org.apache.http.wire - http-outgoing-0 >> "Connection: Keep-Alive[\r][\n]"
00:21:16.495 [Forwarding setTimeout on session 613e51b81ffcfe75e867fe40085f09d9 to remote] DEBUG org.apache.http.wire - http-outgoing-0 >> "User-Agent: Apache-HttpClient/4.5.1 (Java/1.8.0_221)[\r][\n]"
00:21:16.496 [Forwarding setTimeout on session 613e51b81ffcfe75e867fe40085f09d9 to remote] DEBUG org.apache.http.wire - http-outgoing-0 >> "Accept-Encoding: gzip,deflate[\r][\n]"
00:21:16.496 [Forwarding setTimeout on session 613e51b81ffcfe75e867fe40085f09d9 to remote] DEBUG org.apache.http.wire - http-outgoing-0 >> "[\r][\n]"
00:21:16.496 [Forwarding setTimeout on session 613e51b81ffcfe75e867fe40085f09d9 to remote] DEBUG org.apache.http.wire - http-outgoing-0 >> "{"type":"implicit","ms":0}"
00:21:16.496 [Forwarding setTimeout on session 613e51b81ffcfe75e867fe40085f09d9 to remote] DEBUG org.apache.http.wire - http-outgoing-0 << "HTTP/1.1 200 OK[\r][\n]"
00:21:16.496 [Forwarding setTimeout on session 613e51b81ffcfe75e867fe40085f09d9 to remote] DEBUG org.apache.http.wire - http-outgoing-0 << "Content-Length:72[\r][\n]"
00:21:16.496 [Forwarding setTimeout on session 613e51b81ffcfe75e867fe40085f09d9 to remote] DEBUG org.apache.http.wire - http-outgoing-0 << "Content-Type:application/json; charset=utf-8[\r][\n]"
00:21:16.496 [Forwarding setTimeout on session 613e51b81ffcfe75e867fe40085f09d9 to remote] DEBUG org.apache.http.wire - http-outgoing-0 << "[\r][\n]"
00:21:16.496 [Forwarding setTimeout on session 613e51b81ffcfe75e867fe40085f09d9 to remote] DEBUG org.apache.http.wire - http-outgoing-0 << "{"sessionId":"613e51b81ffcfe75e867fe40085f09d9","status":0,"value":null}"
00:21:16.496 [Forwarding setTimeout on session 613e51b81ffcfe75e867fe40085f09d9 to remote] DEBUG org.apache.http.headers - http-outgoing-0 << HTTP/1.1 200 OK
00:21:16.496 [Forwarding setTimeout on session 613e51b81ffcfe75e867fe40085f09d9 to remote] DEBUG org.apache.http.headers - http-outgoing-0 << Content-Length:72
00:21:16.496 [Forwarding setTimeout on session 613e51b81ffcfe75e867fe40085f09d9 to remote] DEBUG org.apache.http.headers - http-outgoing-0 << Content-Type:application/json; charset=utf-8
00:21:16.496 [Forwarding setTimeout on session 613e51b81ffcfe75e867fe40085f09d9 to remote] DEBUG org.apache.http.impl.execchain.MainClientExec - Connection can be kept alive indefinitely
00:21:16.497 [Forwarding setTimeout on session 613e51b81ffcfe75e867fe40085f09d9 to remote] DEBUG org.apache.http.impl.conn.PoolingHttpClientConnectionManager - Connection [id: 0][route: {}->http://localhost:37021] can be kept alive indefinitely
00:21:16.497 [Forwarding setTimeout on session 613e51b81ffcfe75e867fe40085f09d9 to remote] DEBUG org.apache.http.impl.conn.PoolingHttpClientConnectionManager - Connection released: [id: 0][route: {}->http://localhost:37021][total kept alive: 1; route allocated: 1 of 2000; total allocated: 1 of 2000]
00:21:16.499 [Forwarding setTimeout on session 613e51b81ffcfe75e867fe40085f09d9 to remote] DEBUG org.apache.http.client.protocol.RequestAddCookies - CookieSpec selected: default
00:21:16.499 [Forwarding setTimeout on session 613e51b81ffcfe75e867fe40085f09d9 to remote] DEBUG org.apache.http.client.protocol.RequestAuthCache - Auth cache not set in the context
00:21:16.499 [Forwarding setTimeout on session 613e51b81ffcfe75e867fe40085f09d9 to remote] DEBUG org.apache.http.impl.conn.PoolingHttpClientConnectionManager - Connection request: [route: {}->http://localhost:37021][total kept alive: 1; route allocated: 1 of 2000; total allocated: 1 of 2000]
00:21:16.499 [Forwarding setTimeout on session 613e51b81ffcfe75e867fe40085f09d9 to remote] DEBUG org.apache.http.impl.conn.PoolingHttpClientConnectionManager - Connection leased: [id: 0][route: {}->http://localhost:37021][total kept alive: 0; route allocated: 1 of 2000; total allocated: 1 of 2000]
00:21:16.499 [Forwarding setTimeout on session 613e51b81ffcfe75e867fe40085f09d9 to remote] DEBUG org.apache.http.impl.execchain.MainClientExec - Stale connection check
00:21:16.501 [Forwarding setTimeout on session 613e51b81ffcfe75e867fe40085f09d9 to remote] DEBUG org.apache.http.wire - http-outgoing-0 << "[read] I/O error: Read timed out"
00:21:16.501 [Forwarding setTimeout on session 613e51b81ffcfe75e867fe40085f09d9 to remote] DEBUG org.apache.http.impl.conn.DefaultManagedHttpClientConnection - http-outgoing-0: set socket timeout to 10800000
00:21:16.502 [Forwarding setTimeout on session 613e51b81ffcfe75e867fe40085f09d9 to remote] DEBUG org.apache.http.impl.execchain.MainClientExec - Executing request POST /session/613e51b81ffcfe75e867fe40085f09d9/timeouts HTTP/1.1
00:21:16.502 [Forwarding setTimeout on session 613e51b81ffcfe75e867fe40085f09d9 to remote] DEBUG org.apache.http.impl.execchain.MainClientExec - Target auth state: UNCHALLENGED
00:21:16.502 [Forwarding setTimeout on session 613e51b81ffcfe75e867fe40085f09d9 to remote] DEBUG org.apache.http.impl.execchain.MainClientExec - Proxy auth state: UNCHALLENGED
00:21:16.502 [Forwarding setTimeout on session 613e51b81ffcfe75e867fe40085f09d9 to remote] DEBUG org.apache.http.headers - http-outgoing-0 >> POST /session/613e51b81ffcfe75e867fe40085f09d9/timeouts HTTP/1.1
00:21:16.502 [Forwarding setTimeout on session 613e51b81ffcfe75e867fe40085f09d9 to remote] DEBUG org.apache.http.headers - http-outgoing-0 >> Content-Type: application/json; charset=utf-8
00:21:16.502 [Forwarding setTimeout on session 613e51b81ffcfe75e867fe40085f09d9 to remote] DEBUG org.apache.http.headers - http-outgoing-0 >> Content-Length: 24
00:21:16.502 [Forwarding setTimeout on session 613e51b81ffcfe75e867fe40085f09d9 to remote] DEBUG org.apache.http.headers - http-outgoing-0 >> Host: localhost:37021
00:21:16.502 [Forwarding setTimeout on session 613e51b81ffcfe75e867fe40085f09d9 to remote] DEBUG org.apache.http.headers - http-outgoing-0 >> Connection: Keep-Alive
00:21:16.502 [Forwarding setTimeout on session 613e51b81ffcfe75e867fe40085f09d9 to remote] DEBUG org.apache.http.headers - http-outgoing-0 >> User-Agent: Apache-HttpClient/4.5.1 (Java/1.8.0_221)
00:21:16.502 [Forwarding setTimeout on session 613e51b81ffcfe75e867fe40085f09d9 to remote] DEBUG org.apache.http.headers - http-outgoing-0 >> Accept-Encoding: gzip,deflate
00:21:16.502 [Forwarding setTimeout on session 613e51b81ffcfe75e867fe40085f09d9 to remote] DEBUG org.apache.http.wire - http-outgoing-0 >> "POST /session/613e51b81ffcfe75e867fe40085f09d9/timeouts HTTP/1.1[\r][\n]"
00:21:16.502 [Forwarding setTimeout on session 613e51b81ffcfe75e867fe40085f09d9 to remote] DEBUG org.apache.http.wire - http-outgoing-0 >> "Content-Type: application/json; charset=utf-8[\r][\n]"
00:21:16.502 [Forwarding setTimeout on session 613e51b81ffcfe75e867fe40085f09d9 to remote] DEBUG org.apache.http.wire - http-outgoing-0 >> "Content-Length: 24[\r][\n]"
00:21:16.502 [Forwarding setTimeout on session 613e51b81ffcfe75e867fe40085f09d9 to remote] DEBUG org.apache.http.wire - http-outgoing-0 >> "Host: localhost:37021[\r][\n]"
00:21:16.502 [Forwarding setTimeout on session 613e51b81ffcfe75e867fe40085f09d9 to remote] DEBUG org.apache.http.wire - http-outgoing-0 >> "Connection: Keep-Alive[\r][\n]"
00:21:16.502 [Forwarding setTimeout on session 613e51b81ffcfe75e867fe40085f09d9 to remote] DEBUG org.apache.http.wire - http-outgoing-0 >> "User-Agent: Apache-HttpClient/4.5.1 (Java/1.8.0_221)[\r][\n]"
00:21:16.502 [Forwarding setTimeout on session 613e51b81ffcfe75e867fe40085f09d9 to remote] DEBUG org.apache.http.wire - http-outgoing-0 >> "Accept-Encoding: gzip,deflate[\r][\n]"
00:21:16.502 [Forwarding setTimeout on session 613e51b81ffcfe75e867fe40085f09d9 to remote] DEBUG org.apache.http.wire - http-outgoing-0 >> "[\r][\n]"
00:21:16.502 [Forwarding setTimeout on session 613e51b81ffcfe75e867fe40085f09d9 to remote] DEBUG org.apache.http.wire - http-outgoing-0 >> "{"type":"script","ms":0}"
00:21:16.502 [Forwarding setTimeout on session 613e51b81ffcfe75e867fe40085f09d9 to remote] DEBUG org.apache.http.wire - http-outgoing-0 << "HTTP/1.1 200 OK[\r][\n]"
00:21:16.502 [Forwarding setTimeout on session 613e51b81ffcfe75e867fe40085f09d9 to remote] DEBUG org.apache.http.wire - http-outgoing-0 << "Content-Length:72[\r][\n]"
00:21:16.502 [Forwarding setTimeout on session 613e51b81ffcfe75e867fe40085f09d9 to remote] DEBUG org.apache.http.wire - http-outgoing-0 << "Content-Type:application/json; charset=utf-8[\r][\n]"
00:21:16.502 [Forwarding setTimeout on session 613e51b81ffcfe75e867fe40085f09d9 to remote] DEBUG org.apache.http.wire - http-outgoing-0 << "[\r][\n]"
00:21:16.502 [Forwarding setTimeout on session 613e51b81ffcfe75e867fe40085f09d9 to remote] DEBUG org.apache.http.wire - http-outgoing-0 << "{"sessionId":"613e51b81ffcfe75e867fe40085f09d9","status":0,"value":null}"
00:21:16.502 [Forwarding setTimeout on session 613e51b81ffcfe75e867fe40085f09d9 to remote] DEBUG org.apache.http.headers - http-outgoing-0 << HTTP/1.1 200 OK
00:21:16.502 [Forwarding setTimeout on session 613e51b81ffcfe75e867fe40085f09d9 to remote] DEBUG org.apache.http.headers - http-outgoing-0 << Content-Length:72
00:21:16.502 [Forwarding setTimeout on session 613e51b81ffcfe75e867fe40085f09d9 to remote] DEBUG org.apache.http.headers - http-outgoing-0 << Content-Type:application/json; charset=utf-8
00:21:16.502 [Forwarding setTimeout on session 613e51b81ffcfe75e867fe40085f09d9 to remote] DEBUG org.apache.http.impl.execchain.MainClientExec - Connection can be kept alive indefinitely
00:21:16.502 [Forwarding setTimeout on session 613e51b81ffcfe75e867fe40085f09d9 to remote] DEBUG org.apache.http.impl.conn.PoolingHttpClientConnectionManager - Connection [id: 0][route: {}->http://localhost:37021] can be kept alive indefinitely
00:21:16.502 [Forwarding setTimeout on session 613e51b81ffcfe75e867fe40085f09d9 to remote] DEBUG org.apache.http.impl.conn.PoolingHttpClientConnectionManager - Connection released: [id: 0][route: {}->http://localhost:37021][total kept alive: 1; route allocated: 1 of 2000; total allocated: 1 of 2000]
00:21:16.504 [Forwarding getWindowHandles on session 613e51b81ffcfe75e867fe40085f09d9 to remote] DEBUG org.apache.http.client.protocol.RequestAddCookies - CookieSpec selected: default
00:21:16.505 [Forwarding getWindowHandles on session 613e51b81ffcfe75e867fe40085f09d9 to remote] DEBUG org.apache.http.client.protocol.RequestAuthCache - Auth cache not set in the context
00:21:16.506 [Forwarding getWindowHandles on session 613e51b81ffcfe75e867fe40085f09d9 to remote] DEBUG org.apache.http.impl.conn.PoolingHttpClientConnectionManager - Connection request: [route: {}->http://localhost:37021][total kept alive: 1; route allocated: 1 of 2000; total allocated: 1 of 2000]
00:21:16.506 [Forwarding getWindowHandles on session 613e51b81ffcfe75e867fe40085f09d9 to remote] DEBUG org.apache.http.impl.conn.PoolingHttpClientConnectionManager - Connection leased: [id: 0][route: {}->http://localhost:37021][total kept alive: 0; route allocated: 1 of 2000; total allocated: 1 of 2000]
00:21:16.506 [Forwarding getWindowHandles on session 613e51b81ffcfe75e867fe40085f09d9 to remote] DEBUG org.apache.http.impl.execchain.MainClientExec - Stale connection check
00:21:16.507 [Forwarding getWindowHandles on session 613e51b81ffcfe75e867fe40085f09d9 to remote] DEBUG org.apache.http.wire - http-outgoing-0 << "[read] I/O error: Read timed out"
00:21:16.507 [Forwarding getWindowHandles on session 613e51b81ffcfe75e867fe40085f09d9 to remote] DEBUG org.apache.http.impl.conn.DefaultManagedHttpClientConnection - http-outgoing-0: set socket timeout to 10800000
00:21:16.507 [Forwarding getWindowHandles on session 613e51b81ffcfe75e867fe40085f09d9 to remote] DEBUG org.apache.http.impl.execchain.MainClientExec - Executing request GET /session/613e51b81ffcfe75e867fe40085f09d9/window_handles HTTP/1.1
00:21:16.507 [Forwarding getWindowHandles on session 613e51b81ffcfe75e867fe40085f09d9 to remote] DEBUG org.apache.http.impl.execchain.MainClientExec - Target auth state: UNCHALLENGED
00:21:16.507 [Forwarding getWindowHandles on session 613e51b81ffcfe75e867fe40085f09d9 to remote] DEBUG org.apache.http.impl.execchain.MainClientExec - Proxy auth state: UNCHALLENGED
00:21:16.507 [Forwarding getWindowHandles on session 613e51b81ffcfe75e867fe40085f09d9 to remote] DEBUG org.apache.http.headers - http-outgoing-0 >> GET /session/613e51b81ffcfe75e867fe40085f09d9/window_handles HTTP/1.1
00:21:16.507 [Forwarding getWindowHandles on session 613e51b81ffcfe75e867fe40085f09d9 to remote] DEBUG org.apache.http.headers - http-outgoing-0 >> Cache-Control: no-cache
00:21:16.507 [Forwarding getWindowHandles on session 613e51b81ffcfe75e867fe40085f09d9 to remote] DEBUG org.apache.http.headers - http-outgoing-0 >> Host: localhost:37021
00:21:16.507 [Forwarding getWindowHandles on session 613e51b81ffcfe75e867fe40085f09d9 to remote] DEBUG org.apache.http.headers - http-outgoing-0 >> Connection: Keep-Alive
00:21:16.508 [Forwarding getWindowHandles on session 613e51b81ffcfe75e867fe40085f09d9 to remote] DEBUG org.apache.http.headers - http-outgoing-0 >> User-Agent: Apache-HttpClient/4.5.1 (Java/1.8.0_221)
00:21:16.508 [Forwarding getWindowHandles on session 613e51b81ffcfe75e867fe40085f09d9 to remote] DEBUG org.apache.http.headers - http-outgoing-0 >> Accept-Encoding: gzip,deflate
00:21:16.508 [Forwarding getWindowHandles on session 613e51b81ffcfe75e867fe40085f09d9 to remote] DEBUG org.apache.http.wire - http-outgoing-0 >> "GET /session/613e51b81ffcfe75e867fe40085f09d9/window_handles HTTP/1.1[\r][\n]"
00:21:16.508 [Forwarding getWindowHandles on session 613e51b81ffcfe75e867fe40085f09d9 to remote] DEBUG org.apache.http.wire - http-outgoing-0 >> "Cache-Control: no-cache[\r][\n]"
00:21:16.508 [Forwarding getWindowHandles on session 613e51b81ffcfe75e867fe40085f09d9 to remote] DEBUG org.apache.http.wire - http-outgoing-0 >> "Host: localhost:37021[\r][\n]"
00:21:16.508 [Forwarding getWindowHandles on session 613e51b81ffcfe75e867fe40085f09d9 to remote] DEBUG org.apache.http.wire - http-outgoing-0 >> "Connection: Keep-Alive[\r][\n]"
00:21:16.508 [Forwarding getWindowHandles on session 613e51b81ffcfe75e867fe40085f09d9 to remote] DEBUG org.apache.http.wire - http-outgoing-0 >> "User-Agent: Apache-HttpClient/4.5.1 (Java/1.8.0_221)[\r][\n]"
00:21:16.508 [Forwarding getWindowHandles on session 613e51b81ffcfe75e867fe40085f09d9 to remote] DEBUG org.apache.http.wire - http-outgoing-0 >> "Accept-Encoding: gzip,deflate[\r][\n]"
00:21:16.508 [Forwarding getWindowHandles on session 613e51b81ffcfe75e867fe40085f09d9 to remote] DEBUG org.apache.http.wire - http-outgoing-0 >> "[\r][\n]"
00:21:16.509 [Forwarding getWindowHandles on session 613e51b81ffcfe75e867fe40085f09d9 to remote] DEBUG org.apache.http.wire - http-outgoing-0 << "HTTP/1.1 200 OK[\r][\n]"
00:21:16.509 [Forwarding getWindowHandles on session 613e51b81ffcfe75e867fe40085f09d9 to remote] DEBUG org.apache.http.wire - http-outgoing-0 << "Content-Length:113[\r][\n]"
00:21:16.509 [Forwarding getWindowHandles on session 613e51b81ffcfe75e867fe40085f09d9 to remote] DEBUG org.apache.http.wire - http-outgoing-0 << "Content-Type:application/json; charset=utf-8[\r][\n]"
00:21:16.509 [Forwarding getWindowHandles on session 613e51b81ffcfe75e867fe40085f09d9 to remote] DEBUG org.apache.http.wire - http-outgoing-0 << "[\r][\n]"
00:21:16.509 [Forwarding getWindowHandles on session 613e51b81ffcfe75e867fe40085f09d9 to remote] DEBUG org.apache.http.wire - http-outgoing-0 << "{"sessionId":"613e51b81ffcfe75e867fe40085f09d9","status":0,"value":["CDwindow-60274EE5FA319542050557A2E4E84234"]}"
00:21:16.510 [Forwarding getWindowHandles on session 613e51b81ffcfe75e867fe40085f09d9 to remote] DEBUG org.apache.http.headers - http-outgoing-0 << HTTP/1.1 200 OK
00:21:16.510 [Forwarding getWindowHandles on session 613e51b81ffcfe75e867fe40085f09d9 to remote] DEBUG org.apache.http.headers - http-outgoing-0 << Content-Length:113
00:21:16.510 [Forwarding getWindowHandles on session 613e51b81ffcfe75e867fe40085f09d9 to remote] DEBUG org.apache.http.headers - http-outgoing-0 << Content-Type:application/json; charset=utf-8
00:21:16.510 [Forwarding getWindowHandles on session 613e51b81ffcfe75e867fe40085f09d9 to remote] DEBUG org.apache.http.impl.execchain.MainClientExec - Connection can be kept alive indefinitely
00:21:16.510 [Forwarding getWindowHandles on session 613e51b81ffcfe75e867fe40085f09d9 to remote] DEBUG org.apache.http.impl.conn.PoolingHttpClientConnectionManager - Connection [id: 0][route: {}->http://localhost:37021] can be kept alive indefinitely
00:21:16.511 [Forwarding getWindowHandles on session 613e51b81ffcfe75e867fe40085f09d9 to remote] DEBUG org.apache.http.impl.conn.PoolingHttpClientConnectionManager - Connection released: [id: 0][route: {}->http://localhost:37021][total kept alive: 1; route allocated: 1 of 2000; total allocated: 1 of 2000]
00:21:16.516 [main] DEBUG org.springframework.beans.factory.support.DefaultListableBeanFactory - Finished creating instance of bean 'webDriver'
00:21:16.517 [main] DEBUG org.springframework.beans.factory.annotation.AutowiredAnnotationBeanPostProcessor - Autowiring by type from bean name 'swb.interacting_3.mtContextMenuIT' to bean named 'webDriver'
00:21:16.517 [main] DEBUG org.springframework.beans.factory.annotation.InjectionMetadata - Processing injected element of bean 'swb.interacting_3.mtContextMenuIT': AutowiredFieldElement for private java.net.URI swb.interacting_3.mtContextMenuIT.baseUrl
00:21:16.517 [main] DEBUG org.springframework.beans.factory.support.DefaultListableBeanFactory - Returning cached instance of singleton bean 'baseUrl'
00:21:16.517 [main] DEBUG org.springframework.beans.factory.support.DefaultListableBeanFactory - Returning cached instance of singleton bean 'baseUrlHttps'
00:21:16.517 [main] DEBUG org.springframework.beans.factory.annotation.AutowiredAnnotationBeanPostProcessor - Autowiring by type from bean name 'swb.interacting_3.mtContextMenuIT' to bean named 'baseUrl'
00:21:16.520 [Forwarding get on session 613e51b81ffcfe75e867fe40085f09d9 to remote] DEBUG org.apache.http.client.protocol.RequestAddCookies - CookieSpec selected: default
00:21:16.521 [Forwarding get on session 613e51b81ffcfe75e867fe40085f09d9 to remote] DEBUG org.apache.http.client.protocol.RequestAuthCache - Auth cache not set in the context
00:21:16.521 [Forwarding get on session 613e51b81ffcfe75e867fe40085f09d9 to remote] DEBUG org.apache.http.impl.conn.PoolingHttpClientConnectionManager - Connection request: [route: {}->http://localhost:37021][total kept alive: 1; route allocated: 1 of 2000; total allocated: 1 of 2000]
00:21:16.521 [Forwarding get on session 613e51b81ffcfe75e867fe40085f09d9 to remote] DEBUG org.apache.http.impl.conn.PoolingHttpClientConnectionManager - Connection leased: [id: 0][route: {}->http://localhost:37021][total kept alive: 0; route allocated: 1 of 2000; total allocated: 1 of 2000]
00:21:16.521 [Forwarding get on session 613e51b81ffcfe75e867fe40085f09d9 to remote] DEBUG org.apache.http.impl.execchain.MainClientExec - Stale connection check
00:21:16.523 [Forwarding get on session 613e51b81ffcfe75e867fe40085f09d9 to remote] DEBUG org.apache.http.wire - http-outgoing-0 << "[read] I/O error: Read timed out"
00:21:16.523 [Forwarding get on session 613e51b81ffcfe75e867fe40085f09d9 to remote] DEBUG org.apache.http.impl.conn.DefaultManagedHttpClientConnection - http-outgoing-0: set socket timeout to 10800000
00:21:16.523 [Forwarding get on session 613e51b81ffcfe75e867fe40085f09d9 to remote] DEBUG org.apache.http.impl.execchain.MainClientExec - Executing request POST /session/613e51b81ffcfe75e867fe40085f09d9/url HTTP/1.1
00:21:16.523 [Forwarding get on session 613e51b81ffcfe75e867fe40085f09d9 to remote] DEBUG org.apache.http.impl.execchain.MainClientExec - Target auth state: UNCHALLENGED
00:21:16.523 [Forwarding get on session 613e51b81ffcfe75e867fe40085f09d9 to remote] DEBUG org.apache.http.impl.execchain.MainClientExec - Proxy auth state: UNCHALLENGED
00:21:16.523 [Forwarding get on session 613e51b81ffcfe75e867fe40085f09d9 to remote] DEBUG org.apache.http.headers - http-outgoing-0 >> POST /session/613e51b81ffcfe75e867fe40085f09d9/url HTTP/1.1
00:21:16.523 [Forwarding get on session 613e51b81ffcfe75e867fe40085f09d9 to remote] DEBUG org.apache.http.headers - http-outgoing-0 >> Content-Type: application/json; charset=utf-8
00:21:16.523 [Forwarding get on session 613e51b81ffcfe75e867fe40085f09d9 to remote] DEBUG org.apache.http.headers - http-outgoing-0 >> Content-Length: 59
00:21:16.523 [Forwarding get on session 613e51b81ffcfe75e867fe40085f09d9 to remote] DEBUG org.apache.http.headers - http-outgoing-0 >> Host: localhost:37021
00:21:16.523 [Forwarding get on session 613e51b81ffcfe75e867fe40085f09d9 to remote] DEBUG org.apache.http.headers - http-outgoing-0 >> Connection: Keep-Alive
00:21:16.523 [Forwarding get on session 613e51b81ffcfe75e867fe40085f09d9 to remote] DEBUG org.apache.http.headers - http-outgoing-0 >> User-Agent: Apache-HttpClient/4.5.1 (Java/1.8.0_221)
00:21:16.523 [Forwarding get on session 613e51b81ffcfe75e867fe40085f09d9 to remote] DEBUG org.apache.http.headers - http-outgoing-0 >> Accept-Encoding: gzip,deflate
00:21:16.523 [Forwarding get on session 613e51b81ffcfe75e867fe40085f09d9 to remote] DEBUG org.apache.http.wire - http-outgoing-0 >> "POST /session/613e51b81ffcfe75e867fe40085f09d9/url HTTP/1.1[\r][\n]"
00:21:16.523 [Forwarding get on session 613e51b81ffcfe75e867fe40085f09d9 to remote] DEBUG org.apache.http.wire - http-outgoing-0 >> "Content-Type: application/json; charset=utf-8[\r][\n]"
00:21:16.523 [Forwarding get on session 613e51b81ffcfe75e867fe40085f09d9 to remote] DEBUG org.apache.http.wire - http-outgoing-0 >> "Content-Length: 59[\r][\n]"
00:21:16.523 [Forwarding get on session 613e51b81ffcfe75e867fe40085f09d9 to remote] DEBUG org.apache.http.wire - http-outgoing-0 >> "Host: localhost:37021[\r][\n]"
00:21:16.523 [Forwarding get on session 613e51b81ffcfe75e867fe40085f09d9 to remote] DEBUG org.apache.http.wire - http-outgoing-0 >> "Connection: Keep-Alive[\r][\n]"
00:21:16.523 [Forwarding get on session 613e51b81ffcfe75e867fe40085f09d9 to remote] DEBUG org.apache.http.wire - http-outgoing-0 >> "User-Agent: Apache-HttpClient/4.5.1 (Java/1.8.0_221)[\r][\n]"
00:21:16.523 [Forwarding get on session 613e51b81ffcfe75e867fe40085f09d9 to remote] DEBUG org.apache.http.wire - http-outgoing-0 >> "Accept-Encoding: gzip,deflate[\r][\n]"
00:21:16.523 [Forwarding get on session 613e51b81ffcfe75e867fe40085f09d9 to remote] DEBUG org.apache.http.wire - http-outgoing-0 >> "[\r][\n]"
00:21:16.523 [Forwarding get on session 613e51b81ffcfe75e867fe40085f09d9 to remote] DEBUG org.apache.http.wire - http-outgoing-0 >> "{"url":"http://localhost:8080/bookstore/context-menu.html"}"
00:21:20.680 [Forwarding get on session 613e51b81ffcfe75e867fe40085f09d9 to remote] DEBUG org.apache.http.wire - http-outgoing-0 << "HTTP/1.1 200 OK[\r][\n]"
00:21:20.680 [Forwarding get on session 613e51b81ffcfe75e867fe40085f09d9 to remote] DEBUG org.apache.http.wire - http-outgoing-0 << "Content-Length:72[\r][\n]"
00:21:20.680 [Forwarding get on session 613e51b81ffcfe75e867fe40085f09d9 to remote] DEBUG org.apache.http.wire - http-outgoing-0 << "Content-Type:application/json; charset=utf-8[\r][\n]"
00:21:20.680 [Forwarding get on session 613e51b81ffcfe75e867fe40085f09d9 to remote] DEBUG org.apache.http.wire - http-outgoing-0 << "[\r][\n]"
00:21:20.680 [Forwarding get on session 613e51b81ffcfe75e867fe40085f09d9 to remote] DEBUG org.apache.http.wire - http-outgoing-0 << "{"sessionId":"613e51b81ffcfe75e867fe40085f09d9","status":0,"value":null}"
00:21:20.680 [Forwarding get on session 613e51b81ffcfe75e867fe40085f09d9 to remote] DEBUG org.apache.http.headers - http-outgoing-0 << HTTP/1.1 200 OK
00:21:20.680 [Forwarding get on session 613e51b81ffcfe75e867fe40085f09d9 to remote] DEBUG org.apache.http.headers - http-outgoing-0 << Content-Length:72
00:21:20.680 [Forwarding get on session 613e51b81ffcfe75e867fe40085f09d9 to remote] DEBUG org.apache.http.headers - http-outgoing-0 << Content-Type:application/json; charset=utf-8
00:21:20.680 [Forwarding get on session 613e51b81ffcfe75e867fe40085f09d9 to remote] DEBUG org.apache.http.impl.execchain.MainClientExec - Connection can be kept alive indefinitely
00:21:20.681 [Forwarding get on session 613e51b81ffcfe75e867fe40085f09d9 to remote] DEBUG org.apache.http.impl.conn.PoolingHttpClientConnectionManager - Connection [id: 0][route: {}->http://localhost:37021] can be kept alive indefinitely
00:21:20.681 [Forwarding get on session 613e51b81ffcfe75e867fe40085f09d9 to remote] DEBUG org.apache.http.impl.conn.PoolingHttpClientConnectionManager - Connection released: [id: 0][route: {}->http://localhost:37021][total kept alive: 1; route allocated: 1 of 2000; total allocated: 1 of 2000]
00:21:20.685 [Forwarding getCurrentWindowHandle on session 613e51b81ffcfe75e867fe40085f09d9 to remote] DEBUG org.apache.http.client.protocol.RequestAddCookies - CookieSpec selected: default
00:21:20.685 [Forwarding getCurrentWindowHandle on session 613e51b81ffcfe75e867fe40085f09d9 to remote] DEBUG org.apache.http.client.protocol.RequestAuthCache - Auth cache not set in the context
00:21:20.685 [Forwarding getCurrentWindowHandle on session 613e51b81ffcfe75e867fe40085f09d9 to remote] DEBUG org.apache.http.impl.conn.PoolingHttpClientConnectionManager - Connection request: [route: {}->http://localhost:37021][total kept alive: 1; route allocated: 1 of 2000; total allocated: 1 of 2000]
00:21:20.686 [Forwarding getCurrentWindowHandle on session 613e51b81ffcfe75e867fe40085f09d9 to remote] DEBUG org.apache.http.impl.conn.PoolingHttpClientConnectionManager - Connection leased: [id: 0][route: {}->http://localhost:37021][total kept alive: 0; route allocated: 1 of 2000; total allocated: 1 of 2000]
00:21:20.686 [Forwarding getCurrentWindowHandle on session 613e51b81ffcfe75e867fe40085f09d9 to remote] DEBUG org.apache.http.impl.execchain.MainClientExec - Stale connection check
00:21:20.687 [Forwarding getCurrentWindowHandle on session 613e51b81ffcfe75e867fe40085f09d9 to remote] DEBUG org.apache.http.wire - http-outgoing-0 << "[read] I/O error: Read timed out"
00:21:20.687 [Forwarding getCurrentWindowHandle on session 613e51b81ffcfe75e867fe40085f09d9 to remote] DEBUG org.apache.http.impl.conn.DefaultManagedHttpClientConnection - http-outgoing-0: set socket timeout to 10800000
00:21:20.687 [Forwarding getCurrentWindowHandle on session 613e51b81ffcfe75e867fe40085f09d9 to remote] DEBUG org.apache.http.impl.execchain.MainClientExec - Executing request GET /session/613e51b81ffcfe75e867fe40085f09d9/window_handle HTTP/1.1
00:21:20.687 [Forwarding getCurrentWindowHandle on session 613e51b81ffcfe75e867fe40085f09d9 to remote] DEBUG org.apache.http.impl.execchain.MainClientExec - Target auth state: UNCHALLENGED
00:21:20.687 [Forwarding getCurrentWindowHandle on session 613e51b81ffcfe75e867fe40085f09d9 to remote] DEBUG org.apache.http.impl.execchain.MainClientExec - Proxy auth state: UNCHALLENGED
00:21:20.688 [Forwarding getCurrentWindowHandle on session 613e51b81ffcfe75e867fe40085f09d9 to remote] DEBUG org.apache.http.headers - http-outgoing-0 >> GET /session/613e51b81ffcfe75e867fe40085f09d9/window_handle HTTP/1.1
00:21:20.688 [Forwarding getCurrentWindowHandle on session 613e51b81ffcfe75e867fe40085f09d9 to remote] DEBUG org.apache.http.headers - http-outgoing-0 >> Cache-Control: no-cache
00:21:20.688 [Forwarding getCurrentWindowHandle on session 613e51b81ffcfe75e867fe40085f09d9 to remote] DEBUG org.apache.http.headers - http-outgoing-0 >> Host: localhost:37021
00:21:20.688 [Forwarding getCurrentWindowHandle on session 613e51b81ffcfe75e867fe40085f09d9 to remote] DEBUG org.apache.http.headers - http-outgoing-0 >> Connection: Keep-Alive
00:21:20.688 [Forwarding getCurrentWindowHandle on session 613e51b81ffcfe75e867fe40085f09d9 to remote] DEBUG org.apache.http.headers - http-outgoing-0 >> User-Agent: Apache-HttpClient/4.5.1 (Java/1.8.0_221)
00:21:20.688 [Forwarding getCurrentWindowHandle on session 613e51b81ffcfe75e867fe40085f09d9 to remote] DEBUG org.apache.http.headers - http-outgoing-0 >> Accept-Encoding: gzip,deflate
00:21:20.688 [Forwarding getCurrentWindowHandle on session 613e51b81ffcfe75e867fe40085f09d9 to remote] DEBUG org.apache.http.wire - http-outgoing-0 >> "GET /session/613e51b81ffcfe75e867fe40085f09d9/window_handle HTTP/1.1[\r][\n]"
00:21:20.688 [Forwarding getCurrentWindowHandle on session 613e51b81ffcfe75e867fe40085f09d9 to remote] DEBUG org.apache.http.wire - http-outgoing-0 >> "Cache-Control: no-cache[\r][\n]"
00:21:20.688 [Forwarding getCurrentWindowHandle on session 613e51b81ffcfe75e867fe40085f09d9 to remote] DEBUG org.apache.http.wire - http-outgoing-0 >> "Host: localhost:37021[\r][\n]"
00:21:20.688 [Forwarding getCurrentWindowHandle on session 613e51b81ffcfe75e867fe40085f09d9 to remote] DEBUG org.apache.http.wire - http-outgoing-0 >> "Connection: Keep-Alive[\r][\n]"
00:21:20.688 [Forwarding getCurrentWindowHandle on session 613e51b81ffcfe75e867fe40085f09d9 to remote] DEBUG org.apache.http.wire - http-outgoing-0 >> "User-Agent: Apache-HttpClient/4.5.1 (Java/1.8.0_221)[\r][\n]"
00:21:20.688 [Forwarding getCurrentWindowHandle on session 613e51b81ffcfe75e867fe40085f09d9 to remote] DEBUG org.apache.http.wire - http-outgoing-0 >> "Accept-Encoding: gzip,deflate[\r][\n]"
00:21:20.688 [Forwarding getCurrentWindowHandle on session 613e51b81ffcfe75e867fe40085f09d9 to remote] DEBUG org.apache.http.wire - http-outgoing-0 >> "[\r][\n]"
00:21:20.689 [Forwarding getCurrentWindowHandle on session 613e51b81ffcfe75e867fe40085f09d9 to remote] DEBUG org.apache.http.wire - http-outgoing-0 << "HTTP/1.1 200 OK[\r][\n]"
00:21:20.689 [Forwarding getCurrentWindowHandle on session 613e51b81ffcfe75e867fe40085f09d9 to remote] DEBUG org.apache.http.wire - http-outgoing-0 << "Content-Length:111[\r][\n]"
00:21:20.689 [Forwarding getCurrentWindowHandle on session 613e51b81ffcfe75e867fe40085f09d9 to remote] DEBUG org.apache.http.wire - http-outgoing-0 << "Content-Type:application/json; charset=utf-8[\r][\n]"
00:21:20.689 [Forwarding getCurrentWindowHandle on session 613e51b81ffcfe75e867fe40085f09d9 to remote] DEBUG org.apache.http.wire - http-outgoing-0 << "[\r][\n]"
00:21:20.689 [Forwarding getCurrentWindowHandle on session 613e51b81ffcfe75e867fe40085f09d9 to remote] DEBUG org.apache.http.wire - http-outgoing-0 << "{"sessionId":"613e51b81ffcfe75e867fe40085f09d9","status":0,"value":"CDwindow-60274EE5FA319542050557A2E4E84234"}"
00:21:20.689 [Forwarding getCurrentWindowHandle on session 613e51b81ffcfe75e867fe40085f09d9 to remote] DEBUG org.apache.http.headers - http-outgoing-0 << HTTP/1.1 200 OK
00:21:20.689 [Forwarding getCurrentWindowHandle on session 613e51b81ffcfe75e867fe40085f09d9 to remote] DEBUG org.apache.http.headers - http-outgoing-0 << Content-Length:111
00:21:20.689 [Forwarding getCurrentWindowHandle on session 613e51b81ffcfe75e867fe40085f09d9 to remote] DEBUG org.apache.http.headers - http-outgoing-0 << Content-Type:application/json; charset=utf-8
00:21:20.689 [Forwarding getCurrentWindowHandle on session 613e51b81ffcfe75e867fe40085f09d9 to remote] DEBUG org.apache.http.impl.execchain.MainClientExec - Connection can be kept alive indefinitely
00:21:20.689 [Forwarding getCurrentWindowHandle on session 613e51b81ffcfe75e867fe40085f09d9 to remote] DEBUG org.apache.http.impl.conn.PoolingHttpClientConnectionManager - Connection [id: 0][route: {}->http://localhost:37021] can be kept alive indefinitely
00:21:20.689 [Forwarding getCurrentWindowHandle on session 613e51b81ffcfe75e867fe40085f09d9 to remote] DEBUG org.apache.http.impl.conn.PoolingHttpClientConnectionManager - Connection released: [id: 0][route: {}->http://localhost:37021][total kept alive: 1; route allocated: 1 of 2000; total allocated: 1 of 2000]
00:21:20.691 [Forwarding switchToWindow on session 613e51b81ffcfe75e867fe40085f09d9 to remote] DEBUG org.apache.http.client.protocol.RequestAddCookies - CookieSpec selected: default
00:21:20.691 [Forwarding switchToWindow on session 613e51b81ffcfe75e867fe40085f09d9 to remote] DEBUG org.apache.http.client.protocol.RequestAuthCache - Auth cache not set in the context
00:21:20.691 [Forwarding switchToWindow on session 613e51b81ffcfe75e867fe40085f09d9 to remote] DEBUG org.apache.http.impl.conn.PoolingHttpClientConnectionManager - Connection request: [route: {}->http://localhost:37021][total kept alive: 1; route allocated: 1 of 2000; total allocated: 1 of 2000]
00:21:20.691 [Forwarding switchToWindow on session 613e51b81ffcfe75e867fe40085f09d9 to remote] DEBUG org.apache.http.impl.conn.PoolingHttpClientConnectionManager - Connection leased: [id: 0][route: {}->http://localhost:37021][total kept alive: 0; route allocated: 1 of 2000; total allocated: 1 of 2000]
00:21:20.691 [Forwarding switchToWindow on session 613e51b81ffcfe75e867fe40085f09d9 to remote] DEBUG org.apache.http.impl.execchain.MainClientExec - Stale connection check
00:21:20.693 [Forwarding switchToWindow on session 613e51b81ffcfe75e867fe40085f09d9 to remote] DEBUG org.apache.http.wire - http-outgoing-0 << "[read] I/O error: Read timed out"
00:21:20.693 [Forwarding switchToWindow on session 613e51b81ffcfe75e867fe40085f09d9 to remote] DEBUG org.apache.http.impl.conn.DefaultManagedHttpClientConnection - http-outgoing-0: set socket timeout to 10800000
00:21:20.693 [Forwarding switchToWindow on session 613e51b81ffcfe75e867fe40085f09d9 to remote] DEBUG org.apache.http.impl.execchain.MainClientExec - Executing request POST /session/613e51b81ffcfe75e867fe40085f09d9/window HTTP/1.1
00:21:20.693 [Forwarding switchToWindow on session 613e51b81ffcfe75e867fe40085f09d9 to remote] DEBUG org.apache.http.impl.execchain.MainClientExec - Target auth state: UNCHALLENGED
00:21:20.693 [Forwarding switchToWindow on session 613e51b81ffcfe75e867fe40085f09d9 to remote] DEBUG org.apache.http.impl.execchain.MainClientExec - Proxy auth state: UNCHALLENGED
00:21:20.693 [Forwarding switchToWindow on session 613e51b81ffcfe75e867fe40085f09d9 to remote] DEBUG org.apache.http.headers - http-outgoing-0 >> POST /session/613e51b81ffcfe75e867fe40085f09d9/window HTTP/1.1
00:21:20.694 [Forwarding switchToWindow on session 613e51b81ffcfe75e867fe40085f09d9 to remote] DEBUG org.apache.http.headers - http-outgoing-0 >> Content-Type: application/json; charset=utf-8
00:21:20.694 [Forwarding switchToWindow on session 613e51b81ffcfe75e867fe40085f09d9 to remote] DEBUG org.apache.http.headers - http-outgoing-0 >> Content-Length: 52
00:21:20.694 [Forwarding switchToWindow on session 613e51b81ffcfe75e867fe40085f09d9 to remote] DEBUG org.apache.http.headers - http-outgoing-0 >> Host: localhost:37021
00:21:20.694 [Forwarding switchToWindow on session 613e51b81ffcfe75e867fe40085f09d9 to remote] DEBUG org.apache.http.headers - http-outgoing-0 >> Connection: Keep-Alive
00:21:20.694 [Forwarding switchToWindow on session 613e51b81ffcfe75e867fe40085f09d9 to remote] DEBUG org.apache.http.headers - http-outgoing-0 >> User-Agent: Apache-HttpClient/4.5.1 (Java/1.8.0_221)
00:21:20.694 [Forwarding switchToWindow on session 613e51b81ffcfe75e867fe40085f09d9 to remote] DEBUG org.apache.http.headers - http-outgoing-0 >> Accept-Encoding: gzip,deflate
00:21:20.694 [Forwarding switchToWindow on session 613e51b81ffcfe75e867fe40085f09d9 to remote] DEBUG org.apache.http.wire - http-outgoing-0 >> "POST /session/613e51b81ffcfe75e867fe40085f09d9/window HTTP/1.1[\r][\n]"
00:21:20.695 [Forwarding switchToWindow on session 613e51b81ffcfe75e867fe40085f09d9 to remote] DEBUG org.apache.http.wire - http-outgoing-0 >> "Content-Type: application/json; charset=utf-8[\r][\n]"
00:21:20.695 [Forwarding switchToWindow on session 613e51b81ffcfe75e867fe40085f09d9 to remote] DEBUG org.apache.http.wire - http-outgoing-0 >> "Content-Length: 52[\r][\n]"
00:21:20.695 [Forwarding switchToWindow on session 613e51b81ffcfe75e867fe40085f09d9 to remote] DEBUG org.apache.http.wire - http-outgoing-0 >> "Host: localhost:37021[\r][\n]"
00:21:20.695 [Forwarding switchToWindow on session 613e51b81ffcfe75e867fe40085f09d9 to remote] DEBUG org.apache.http.wire - http-outgoing-0 >> "Connection: Keep-Alive[\r][\n]"
00:21:20.695 [Forwarding switchToWindow on session 613e51b81ffcfe75e867fe40085f09d9 to remote] DEBUG org.apache.http.wire - http-outgoing-0 >> "User-Agent: Apache-HttpClient/4.5.1 (Java/1.8.0_221)[\r][\n]"
00:21:20.695 [Forwarding switchToWindow on session 613e51b81ffcfe75e867fe40085f09d9 to remote] DEBUG org.apache.http.wire - http-outgoing-0 >> "Accept-Encoding: gzip,deflate[\r][\n]"
00:21:20.696 [Forwarding switchToWindow on session 613e51b81ffcfe75e867fe40085f09d9 to remote] DEBUG org.apache.http.wire - http-outgoing-0 >> "[\r][\n]"
00:21:20.696 [Forwarding switchToWindow on session 613e51b81ffcfe75e867fe40085f09d9 to remote] DEBUG org.apache.http.wire - http-outgoing-0 >> "{"name":"CDwindow-60274EE5FA319542050557A2E4E84234"}"
00:21:20.700 [Forwarding switchToWindow on session 613e51b81ffcfe75e867fe40085f09d9 to remote] DEBUG org.apache.http.wire - http-outgoing-0 << "HTTP/1.1 200 OK[\r][\n]"
00:21:20.700 [Forwarding switchToWindow on session 613e51b81ffcfe75e867fe40085f09d9 to remote] DEBUG org.apache.http.wire - http-outgoing-0 << "Content-Length:72[\r][\n]"
00:21:20.700 [Forwarding switchToWindow on session 613e51b81ffcfe75e867fe40085f09d9 to remote] DEBUG org.apache.http.wire - http-outgoing-0 << "Content-Type:application/json; charset=utf-8[\r][\n]"
00:21:20.700 [Forwarding switchToWindow on session 613e51b81ffcfe75e867fe40085f09d9 to remote] DEBUG org.apache.http.wire - http-outgoing-0 << "[\r][\n]"
00:21:20.700 [Forwarding switchToWindow on session 613e51b81ffcfe75e867fe40085f09d9 to remote] DEBUG org.apache.http.wire - http-outgoing-0 << "{"sessionId":"613e51b81ffcfe75e867fe40085f09d9","status":0,"value":null}"
00:21:20.700 [Forwarding switchToWindow on session 613e51b81ffcfe75e867fe40085f09d9 to remote] DEBUG org.apache.http.headers - http-outgoing-0 << HTTP/1.1 200 OK
00:21:20.700 [Forwarding switchToWindow on session 613e51b81ffcfe75e867fe40085f09d9 to remote] DEBUG org.apache.http.headers - http-outgoing-0 << Content-Length:72
00:21:20.700 [Forwarding switchToWindow on session 613e51b81ffcfe75e867fe40085f09d9 to remote] DEBUG org.apache.http.headers - http-outgoing-0 << Content-Type:application/json; charset=utf-8
00:21:20.700 [Forwarding switchToWindow on session 613e51b81ffcfe75e867fe40085f09d9 to remote] DEBUG org.apache.http.impl.execchain.MainClientExec - Connection can be kept alive indefinitely
00:21:20.700 [Forwarding switchToWindow on session 613e51b81ffcfe75e867fe40085f09d9 to remote] DEBUG org.apache.http.impl.conn.PoolingHttpClientConnectionManager - Connection [id: 0][route: {}->http://localhost:37021] can be kept alive indefinitely
00:21:20.700 [Forwarding switchToWindow on session 613e51b81ffcfe75e867fe40085f09d9 to remote] DEBUG org.apache.http.impl.conn.PoolingHttpClientConnectionManager - Connection released: [id: 0][route: {}->http://localhost:37021][total kept alive: 1; route allocated: 1 of 2000; total allocated: 1 of 2000]
00:21:20.712 [Forwarding findElement on session 613e51b81ffcfe75e867fe40085f09d9 to remote] DEBUG org.apache.http.client.protocol.RequestAddCookies - CookieSpec selected: default
00:21:20.712 [Forwarding findElement on session 613e51b81ffcfe75e867fe40085f09d9 to remote] DEBUG org.apache.http.client.protocol.RequestAuthCache - Auth cache not set in the context
00:21:20.712 [Forwarding findElement on session 613e51b81ffcfe75e867fe40085f09d9 to remote] DEBUG org.apache.http.impl.conn.PoolingHttpClientConnectionManager - Connection request: [route: {}->http://localhost:37021][total kept alive: 1; route allocated: 1 of 2000; total allocated: 1 of 2000]
00:21:20.712 [Forwarding findElement on session 613e51b81ffcfe75e867fe40085f09d9 to remote] DEBUG org.apache.http.impl.conn.PoolingHttpClientConnectionManager - Connection leased: [id: 0][route: {}->http://localhost:37021][total kept alive: 0; route allocated: 1 of 2000; total allocated: 1 of 2000]
00:21:20.712 [Forwarding findElement on session 613e51b81ffcfe75e867fe40085f09d9 to remote] DEBUG org.apache.http.impl.execchain.MainClientExec - Stale connection check
00:21:20.724 [Forwarding findElement on session 613e51b81ffcfe75e867fe40085f09d9 to remote] DEBUG org.apache.http.wire - http-outgoing-0 << "[read] I/O error: Read timed out"
00:21:20.724 [Forwarding findElement on session 613e51b81ffcfe75e867fe40085f09d9 to remote] DEBUG org.apache.http.impl.conn.DefaultManagedHttpClientConnection - http-outgoing-0: set socket timeout to 10800000
00:21:20.724 [Forwarding findElement on session 613e51b81ffcfe75e867fe40085f09d9 to remote] DEBUG org.apache.http.impl.execchain.MainClientExec - Executing request POST /session/613e51b81ffcfe75e867fe40085f09d9/element HTTP/1.1
00:21:20.724 [Forwarding findElement on session 613e51b81ffcfe75e867fe40085f09d9 to remote] DEBUG org.apache.http.impl.execchain.MainClientExec - Target auth state: UNCHALLENGED
00:21:20.724 [Forwarding findElement on session 613e51b81ffcfe75e867fe40085f09d9 to remote] DEBUG org.apache.http.impl.execchain.MainClientExec - Proxy auth state: UNCHALLENGED
00:21:20.724 [Forwarding findElement on session 613e51b81ffcfe75e867fe40085f09d9 to remote] DEBUG org.apache.http.headers - http-outgoing-0 >> POST /session/613e51b81ffcfe75e867fe40085f09d9/element HTTP/1.1
00:21:20.724 [Forwarding findElement on session 613e51b81ffcfe75e867fe40085f09d9 to remote] DEBUG org.apache.http.headers - http-outgoing-0 >> Content-Type: application/json; charset=utf-8
00:21:20.724 [Forwarding findElement on session 613e51b81ffcfe75e867fe40085f09d9 to remote] DEBUG org.apache.http.headers - http-outgoing-0 >> Content-Length: 39
00:21:20.724 [Forwarding findElement on session 613e51b81ffcfe75e867fe40085f09d9 to remote] DEBUG org.apache.http.headers - http-outgoing-0 >> Host: localhost:37021
00:21:20.724 [Forwarding findElement on session 613e51b81ffcfe75e867fe40085f09d9 to remote] DEBUG org.apache.http.headers - http-outgoing-0 >> Connection: Keep-Alive
00:21:20.724 [Forwarding findElement on session 613e51b81ffcfe75e867fe40085f09d9 to remote] DEBUG org.apache.http.headers - http-outgoing-0 >> User-Agent: Apache-HttpClient/4.5.1 (Java/1.8.0_221)
00:21:20.724 [Forwarding findElement on session 613e51b81ffcfe75e867fe40085f09d9 to remote] DEBUG org.apache.http.headers - http-outgoing-0 >> Accept-Encoding: gzip,deflate
00:21:20.724 [Forwarding findElement on session 613e51b81ffcfe75e867fe40085f09d9 to remote] DEBUG org.apache.http.wire - http-outgoing-0 >> "POST /session/613e51b81ffcfe75e867fe40085f09d9/element HTTP/1.1[\r][\n]"
00:21:20.724 [Forwarding findElement on session 613e51b81ffcfe75e867fe40085f09d9 to remote] DEBUG org.apache.http.wire - http-outgoing-0 >> "Content-Type: application/json; charset=utf-8[\r][\n]"
00:21:20.724 [Forwarding findElement on session 613e51b81ffcfe75e867fe40085f09d9 to remote] DEBUG org.apache.http.wire - http-outgoing-0 >> "Content-Length: 39[\r][\n]"
00:21:20.724 [Forwarding findElement on session 613e51b81ffcfe75e867fe40085f09d9 to remote] DEBUG org.apache.http.wire - http-outgoing-0 >> "Host: localhost:37021[\r][\n]"
00:21:20.725 [Forwarding findElement on session 613e51b81ffcfe75e867fe40085f09d9 to remote] DEBUG org.apache.http.wire - http-outgoing-0 >> "Connection: Keep-Alive[\r][\n]"
00:21:20.725 [Forwarding findElement on session 613e51b81ffcfe75e867fe40085f09d9 to remote] DEBUG org.apache.http.wire - http-outgoing-0 >> "User-Agent: Apache-HttpClient/4.5.1 (Java/1.8.0_221)[\r][\n]"
00:21:20.725 [Forwarding findElement on session 613e51b81ffcfe75e867fe40085f09d9 to remote] DEBUG org.apache.http.wire - http-outgoing-0 >> "Accept-Encoding: gzip,deflate[\r][\n]"
00:21:20.725 [Forwarding findElement on session 613e51b81ffcfe75e867fe40085f09d9 to remote] DEBUG org.apache.http.wire - http-outgoing-0 >> "[\r][\n]"
00:21:20.725 [Forwarding findElement on session 613e51b81ffcfe75e867fe40085f09d9 to remote] DEBUG org.apache.http.wire - http-outgoing-0 >> "{"using":"id","value":"hascontextmenu"}"
00:21:20.740 [Forwarding findElement on session 613e51b81ffcfe75e867fe40085f09d9 to remote] DEBUG org.apache.http.wire - http-outgoing-0 << "HTTP/1.1 200 OK[\r][\n]"
00:21:20.740 [Forwarding findElement on session 613e51b81ffcfe75e867fe40085f09d9 to remote] DEBUG org.apache.http.wire - http-outgoing-0 << "Content-Length:340[\r][\n]"
00:21:20.740 [Forwarding findElement on session 613e51b81ffcfe75e867fe40085f09d9 to remote] DEBUG org.apache.http.wire - http-outgoing-0 << "Content-Type:application/json; charset=utf-8[\r][\n]"
00:21:20.740 [Forwarding findElement on session 613e51b81ffcfe75e867fe40085f09d9 to remote] DEBUG org.apache.http.wire - http-outgoing-0 << "[\r][\n]"
00:21:20.740 [Forwarding findElement on session 613e51b81ffcfe75e867fe40085f09d9 to remote] DEBUG org.apache.http.wire - http-outgoing-0 << "{"sessionId":"613e51b81ffcfe75e867fe40085f09d9","status":7,"value":{"message":"no such element: Unable to locate element: {\"method\":\"id\",\"selector\":\"hascontextmenu\"}\n  (Session info: chrome=87.0.4280.141)\n  (Driver info: chromedriver=2.38.551601 (edb21f07fc70e9027c746edd3201443e011a61ed),platform=Windows NT 10.0.18363 x86_64)"}}"
00:21:20.740 [Forwarding findElement on session 613e51b81ffcfe75e867fe40085f09d9 to remote] DEBUG org.apache.http.headers - http-outgoing-0 << HTTP/1.1 200 OK
00:21:20.740 [Forwarding findElement on session 613e51b81ffcfe75e867fe40085f09d9 to remote] DEBUG org.apache.http.headers - http-outgoing-0 << Content-Length:340
00:21:20.740 [Forwarding findElement on session 613e51b81ffcfe75e867fe40085f09d9 to remote] DEBUG org.apache.http.headers - http-outgoing-0 << Content-Type:application/json; charset=utf-8
00:21:20.740 [Forwarding findElement on session 613e51b81ffcfe75e867fe40085f09d9 to remote] DEBUG org.apache.http.impl.execchain.MainClientExec - Connection can be kept alive indefinitely
00:21:20.741 [Forwarding findElement on session 613e51b81ffcfe75e867fe40085f09d9 to remote] DEBUG org.apache.http.impl.conn.PoolingHttpClientConnectionManager - Connection [id: 0][route: {}->http://localhost:37021] can be kept alive indefinitely
00:21:20.741 [Forwarding findElement on session 613e51b81ffcfe75e867fe40085f09d9 to remote] DEBUG org.apache.http.impl.conn.PoolingHttpClientConnectionManager - Connection released: [id: 0][route: {}->http://localhost:37021][total kept alive: 1; route allocated: 1 of 2000; total allocated: 1 of 2000]
00:21:20.748 [main] DEBUG org.springframework.test.context.cache.DefaultCacheAwareContextLoaderDelegate - Retrieved ApplicationContext from cache with key [[MergedContextConfiguration@3108bc testClass = WebDriverRunner.ConfigShim, locations = '{}', classes = '{class swb.framework.WebDriverConfig}', contextInitializerClasses = '[]', activeProfiles = '{}', propertySourceLocations = '{}', propertySourceProperties = '{}', contextCustomizers = set[[empty]], contextLoader = 'org.springframework.test.context.support.DelegatingSmartContextLoader', parent = [null]]]
00:21:20.748 [main] DEBUG org.springframework.test.context.cache - Spring test ApplicationContext cache statistics: [DefaultContextCache@7d900ecf size = 1, maxSize = 32, parentContextCount = 0, hitCount = 1, missCount = 1]
00:21:20.748 [main] DEBUG org.springframework.beans.factory.support.DefaultListableBeanFactory - Returning cached instance of singleton bean 'dirtyWebDriver'
00:21:20.749 [main] DEBUG org.springframework.beans.factory.support.DefaultListableBeanFactory - Creating instance of bean 'webDriver'
00:21:20.749 [main] DEBUG org.springframework.beans.factory.support.DefaultListableBeanFactory - Returning cached instance of singleton bean 'webDriverConfig'
00:21:20.749 [main] DEBUG org.springframework.beans.factory.support.DefaultListableBeanFactory - Returning cached instance of singleton bean 'webDriverCleaner'
00:21:20.749 [main] DEBUG org.springframework.beans.factory.support.DefaultListableBeanFactory - Returning cached instance of singleton bean 'dirtyWebDriver'
00:21:20.750 [Forwarding deleteAllCookies on session 613e51b81ffcfe75e867fe40085f09d9 to remote] DEBUG org.apache.http.client.protocol.RequestAddCookies - CookieSpec selected: default
00:21:20.751 [Forwarding deleteAllCookies on session 613e51b81ffcfe75e867fe40085f09d9 to remote] DEBUG org.apache.http.client.protocol.RequestAuthCache - Auth cache not set in the context
00:21:20.751 [Forwarding deleteAllCookies on session 613e51b81ffcfe75e867fe40085f09d9 to remote] DEBUG org.apache.http.impl.conn.PoolingHttpClientConnectionManager - Connection request: [route: {}->http://localhost:37021][total kept alive: 1; route allocated: 1 of 2000; total allocated: 1 of 2000]
00:21:20.751 [Forwarding deleteAllCookies on session 613e51b81ffcfe75e867fe40085f09d9 to remote] DEBUG org.apache.http.impl.conn.PoolingHttpClientConnectionManager - Connection leased: [id: 0][route: {}->http://localhost:37021][total kept alive: 0; route allocated: 1 of 2000; total allocated: 1 of 2000]
00:21:20.751 [Forwarding deleteAllCookies on session 613e51b81ffcfe75e867fe40085f09d9 to remote] DEBUG org.apache.http.impl.execchain.MainClientExec - Stale connection check
00:21:20.755 [Forwarding deleteAllCookies on session 613e51b81ffcfe75e867fe40085f09d9 to remote] DEBUG org.apache.http.wire - http-outgoing-0 << "[read] I/O error: Read timed out"
00:21:20.755 [Forwarding deleteAllCookies on session 613e51b81ffcfe75e867fe40085f09d9 to remote] DEBUG org.apache.http.impl.conn.DefaultManagedHttpClientConnection - http-outgoing-0: set socket timeout to 10800000
00:21:20.755 [Forwarding deleteAllCookies on session 613e51b81ffcfe75e867fe40085f09d9 to remote] DEBUG org.apache.http.impl.execchain.MainClientExec - Executing request DELETE /session/613e51b81ffcfe75e867fe40085f09d9/cookie HTTP/1.1
00:21:20.755 [Forwarding deleteAllCookies on session 613e51b81ffcfe75e867fe40085f09d9 to remote] DEBUG org.apache.http.impl.execchain.MainClientExec - Target auth state: UNCHALLENGED
00:21:20.755 [Forwarding deleteAllCookies on session 613e51b81ffcfe75e867fe40085f09d9 to remote] DEBUG org.apache.http.impl.execchain.MainClientExec - Proxy auth state: UNCHALLENGED
00:21:20.755 [Forwarding deleteAllCookies on session 613e51b81ffcfe75e867fe40085f09d9 to remote] DEBUG org.apache.http.headers - http-outgoing-0 >> DELETE /session/613e51b81ffcfe75e867fe40085f09d9/cookie HTTP/1.1
00:21:20.755 [Forwarding deleteAllCookies on session 613e51b81ffcfe75e867fe40085f09d9 to remote] DEBUG org.apache.http.headers - http-outgoing-0 >> Host: localhost:37021
00:21:20.755 [Forwarding deleteAllCookies on session 613e51b81ffcfe75e867fe40085f09d9 to remote] DEBUG org.apache.http.headers - http-outgoing-0 >> Connection: Keep-Alive
00:21:20.755 [Forwarding deleteAllCookies on session 613e51b81ffcfe75e867fe40085f09d9 to remote] DEBUG org.apache.http.headers - http-outgoing-0 >> User-Agent: Apache-HttpClient/4.5.1 (Java/1.8.0_221)
00:21:20.755 [Forwarding deleteAllCookies on session 613e51b81ffcfe75e867fe40085f09d9 to remote] DEBUG org.apache.http.headers - http-outgoing-0 >> Accept-Encoding: gzip,deflate
00:21:20.755 [Forwarding deleteAllCookies on session 613e51b81ffcfe75e867fe40085f09d9 to remote] DEBUG org.apache.http.wire - http-outgoing-0 >> "DELETE /session/613e51b81ffcfe75e867fe40085f09d9/cookie HTTP/1.1[\r][\n]"
00:21:20.755 [Forwarding deleteAllCookies on session 613e51b81ffcfe75e867fe40085f09d9 to remote] DEBUG org.apache.http.wire - http-outgoing-0 >> "Host: localhost:37021[\r][\n]"
00:21:20.755 [Forwarding deleteAllCookies on session 613e51b81ffcfe75e867fe40085f09d9 to remote] DEBUG org.apache.http.wire - http-outgoing-0 >> "Connection: Keep-Alive[\r][\n]"
00:21:20.755 [Forwarding deleteAllCookies on session 613e51b81ffcfe75e867fe40085f09d9 to remote] DEBUG org.apache.http.wire - http-outgoing-0 >> "User-Agent: Apache-HttpClient/4.5.1 (Java/1.8.0_221)[\r][\n]"
00:21:20.755 [Forwarding deleteAllCookies on session 613e51b81ffcfe75e867fe40085f09d9 to remote] DEBUG org.apache.http.wire - http-outgoing-0 >> "Accept-Encoding: gzip,deflate[\r][\n]"
00:21:20.755 [Forwarding deleteAllCookies on session 613e51b81ffcfe75e867fe40085f09d9 to remote] DEBUG org.apache.http.wire - http-outgoing-0 >> "[\r][\n]"
00:21:20.761 [Forwarding deleteAllCookies on session 613e51b81ffcfe75e867fe40085f09d9 to remote] DEBUG org.apache.http.wire - http-outgoing-0 << "HTTP/1.1 200 OK[\r][\n]"
00:21:20.761 [Forwarding deleteAllCookies on session 613e51b81ffcfe75e867fe40085f09d9 to remote] DEBUG org.apache.http.wire - http-outgoing-0 << "Content-Length:72[\r][\n]"
00:21:20.761 [Forwarding deleteAllCookies on session 613e51b81ffcfe75e867fe40085f09d9 to remote] DEBUG org.apache.http.wire - http-outgoing-0 << "Content-Type:application/json; charset=utf-8[\r][\n]"
00:21:20.761 [Forwarding deleteAllCookies on session 613e51b81ffcfe75e867fe40085f09d9 to remote] DEBUG org.apache.http.wire - http-outgoing-0 << "[\r][\n]"
00:21:20.761 [Forwarding deleteAllCookies on session 613e51b81ffcfe75e867fe40085f09d9 to remote] DEBUG org.apache.http.wire - http-outgoing-0 << "{"sessionId":"613e51b81ffcfe75e867fe40085f09d9","status":0,"value":null}"
00:21:20.761 [Forwarding deleteAllCookies on session 613e51b81ffcfe75e867fe40085f09d9 to remote] DEBUG org.apache.http.headers - http-outgoing-0 << HTTP/1.1 200 OK
00:21:20.761 [Forwarding deleteAllCookies on session 613e51b81ffcfe75e867fe40085f09d9 to remote] DEBUG org.apache.http.headers - http-outgoing-0 << Content-Length:72
00:21:20.761 [Forwarding deleteAllCookies on session 613e51b81ffcfe75e867fe40085f09d9 to remote] DEBUG org.apache.http.headers - http-outgoing-0 << Content-Type:application/json; charset=utf-8
00:21:20.761 [Forwarding deleteAllCookies on session 613e51b81ffcfe75e867fe40085f09d9 to remote] DEBUG org.apache.http.impl.execchain.MainClientExec - Connection can be kept alive indefinitely
00:21:20.762 [Forwarding deleteAllCookies on session 613e51b81ffcfe75e867fe40085f09d9 to remote] DEBUG org.apache.http.impl.conn.PoolingHttpClientConnectionManager - Connection [id: 0][route: {}->http://localhost:37021] can be kept alive indefinitely
00:21:20.762 [Forwarding deleteAllCookies on session 613e51b81ffcfe75e867fe40085f09d9 to remote] DEBUG org.apache.http.impl.conn.PoolingHttpClientConnectionManager - Connection released: [id: 0][route: {}->http://localhost:37021][total kept alive: 1; route allocated: 1 of 2000; total allocated: 1 of 2000]
00:21:20.763 [Forwarding setTimeout on session 613e51b81ffcfe75e867fe40085f09d9 to remote] DEBUG org.apache.http.client.protocol.RequestAddCookies - CookieSpec selected: default
00:21:20.763 [Forwarding setTimeout on session 613e51b81ffcfe75e867fe40085f09d9 to remote] DEBUG org.apache.http.client.protocol.RequestAuthCache - Auth cache not set in the context
00:21:20.763 [Forwarding setTimeout on session 613e51b81ffcfe75e867fe40085f09d9 to remote] DEBUG org.apache.http.impl.conn.PoolingHttpClientConnectionManager - Connection request: [route: {}->http://localhost:37021][total kept alive: 1; route allocated: 1 of 2000; total allocated: 1 of 2000]
00:21:20.763 [Forwarding setTimeout on session 613e51b81ffcfe75e867fe40085f09d9 to remote] DEBUG org.apache.http.impl.conn.PoolingHttpClientConnectionManager - Connection leased: [id: 0][route: {}->http://localhost:37021][total kept alive: 0; route allocated: 1 of 2000; total allocated: 1 of 2000]
00:21:20.763 [Forwarding setTimeout on session 613e51b81ffcfe75e867fe40085f09d9 to remote] DEBUG org.apache.http.impl.execchain.MainClientExec - Stale connection check
00:21:20.771 [Forwarding setTimeout on session 613e51b81ffcfe75e867fe40085f09d9 to remote] DEBUG org.apache.http.wire - http-outgoing-0 << "[read] I/O error: Read timed out"
00:21:20.771 [Forwarding setTimeout on session 613e51b81ffcfe75e867fe40085f09d9 to remote] DEBUG org.apache.http.impl.conn.DefaultManagedHttpClientConnection - http-outgoing-0: set socket timeout to 10800000
00:21:20.771 [Forwarding setTimeout on session 613e51b81ffcfe75e867fe40085f09d9 to remote] DEBUG org.apache.http.impl.execchain.MainClientExec - Executing request POST /session/613e51b81ffcfe75e867fe40085f09d9/timeouts HTTP/1.1
00:21:20.771 [Forwarding setTimeout on session 613e51b81ffcfe75e867fe40085f09d9 to remote] DEBUG org.apache.http.impl.execchain.MainClientExec - Target auth state: UNCHALLENGED
00:21:20.771 [Forwarding setTimeout on session 613e51b81ffcfe75e867fe40085f09d9 to remote] DEBUG org.apache.http.impl.execchain.MainClientExec - Proxy auth state: UNCHALLENGED
00:21:20.771 [Forwarding setTimeout on session 613e51b81ffcfe75e867fe40085f09d9 to remote] DEBUG org.apache.http.headers - http-outgoing-0 >> POST /session/613e51b81ffcfe75e867fe40085f09d9/timeouts HTTP/1.1
00:21:20.771 [Forwarding setTimeout on session 613e51b81ffcfe75e867fe40085f09d9 to remote] DEBUG org.apache.http.headers - http-outgoing-0 >> Content-Type: application/json; charset=utf-8
00:21:20.771 [Forwarding setTimeout on session 613e51b81ffcfe75e867fe40085f09d9 to remote] DEBUG org.apache.http.headers - http-outgoing-0 >> Content-Length: 26
00:21:20.771 [Forwarding setTimeout on session 613e51b81ffcfe75e867fe40085f09d9 to remote] DEBUG org.apache.http.headers - http-outgoing-0 >> Host: localhost:37021
00:21:20.771 [Forwarding setTimeout on session 613e51b81ffcfe75e867fe40085f09d9 to remote] DEBUG org.apache.http.headers - http-outgoing-0 >> Connection: Keep-Alive
00:21:20.771 [Forwarding setTimeout on session 613e51b81ffcfe75e867fe40085f09d9 to remote] DEBUG org.apache.http.headers - http-outgoing-0 >> User-Agent: Apache-HttpClient/4.5.1 (Java/1.8.0_221)
00:21:20.771 [Forwarding setTimeout on session 613e51b81ffcfe75e867fe40085f09d9 to remote] DEBUG org.apache.http.headers - http-outgoing-0 >> Accept-Encoding: gzip,deflate
00:21:20.772 [Forwarding setTimeout on session 613e51b81ffcfe75e867fe40085f09d9 to remote] DEBUG org.apache.http.wire - http-outgoing-0 >> "POST /session/613e51b81ffcfe75e867fe40085f09d9/timeouts HTTP/1.1[\r][\n]"
00:21:20.772 [Forwarding setTimeout on session 613e51b81ffcfe75e867fe40085f09d9 to remote] DEBUG org.apache.http.wire - http-outgoing-0 >> "Content-Type: application/json; charset=utf-8[\r][\n]"
00:21:20.772 [Forwarding setTimeout on session 613e51b81ffcfe75e867fe40085f09d9 to remote] DEBUG org.apache.http.wire - http-outgoing-0 >> "Content-Length: 26[\r][\n]"
00:21:20.772 [Forwarding setTimeout on session 613e51b81ffcfe75e867fe40085f09d9 to remote] DEBUG org.apache.http.wire - http-outgoing-0 >> "Host: localhost:37021[\r][\n]"
00:21:20.772 [Forwarding setTimeout on session 613e51b81ffcfe75e867fe40085f09d9 to remote] DEBUG org.apache.http.wire - http-outgoing-0 >> "Connection: Keep-Alive[\r][\n]"
00:21:20.772 [Forwarding setTimeout on session 613e51b81ffcfe75e867fe40085f09d9 to remote] DEBUG org.apache.http.wire - http-outgoing-0 >> "User-Agent: Apache-HttpClient/4.5.1 (Java/1.8.0_221)[\r][\n]"
00:21:20.772 [Forwarding setTimeout on session 613e51b81ffcfe75e867fe40085f09d9 to remote] DEBUG org.apache.http.wire - http-outgoing-0 >> "Accept-Encoding: gzip,deflate[\r][\n]"
00:21:20.772 [Forwarding setTimeout on session 613e51b81ffcfe75e867fe40085f09d9 to remote] DEBUG org.apache.http.wire - http-outgoing-0 >> "[\r][\n]"
00:21:20.772 [Forwarding setTimeout on session 613e51b81ffcfe75e867fe40085f09d9 to remote] DEBUG org.apache.http.wire - http-outgoing-0 >> "{"type":"implicit","ms":0}"
00:21:20.773 [Forwarding setTimeout on session 613e51b81ffcfe75e867fe40085f09d9 to remote] DEBUG org.apache.http.wire - http-outgoing-0 << "HTTP/1.1 200 OK[\r][\n]"
00:21:20.773 [Forwarding setTimeout on session 613e51b81ffcfe75e867fe40085f09d9 to remote] DEBUG org.apache.http.wire - http-outgoing-0 << "Content-Length:72[\r][\n]"
00:21:20.773 [Forwarding setTimeout on session 613e51b81ffcfe75e867fe40085f09d9 to remote] DEBUG org.apache.http.wire - http-outgoing-0 << "Content-Type:application/json; charset=utf-8[\r][\n]"
00:21:20.773 [Forwarding setTimeout on session 613e51b81ffcfe75e867fe40085f09d9 to remote] DEBUG org.apache.http.wire - http-outgoing-0 << "[\r][\n]"
00:21:20.773 [Forwarding setTimeout on session 613e51b81ffcfe75e867fe40085f09d9 to remote] DEBUG org.apache.http.wire - http-outgoing-0 << "{"sessionId":"613e51b81ffcfe75e867fe40085f09d9","status":0,"value":null}"
00:21:20.773 [Forwarding setTimeout on session 613e51b81ffcfe75e867fe40085f09d9 to remote] DEBUG org.apache.http.headers - http-outgoing-0 << HTTP/1.1 200 OK
00:21:20.773 [Forwarding setTimeout on session 613e51b81ffcfe75e867fe40085f09d9 to remote] DEBUG org.apache.http.headers - http-outgoing-0 << Content-Length:72
00:21:20.773 [Forwarding setTimeout on session 613e51b81ffcfe75e867fe40085f09d9 to remote] DEBUG org.apache.http.headers - http-outgoing-0 << Content-Type:application/json; charset=utf-8
00:21:20.773 [Forwarding setTimeout on session 613e51b81ffcfe75e867fe40085f09d9 to remote] DEBUG org.apache.http.impl.execchain.MainClientExec - Connection can be kept alive indefinitely
00:21:20.773 [Forwarding setTimeout on session 613e51b81ffcfe75e867fe40085f09d9 to remote] DEBUG org.apache.http.impl.conn.PoolingHttpClientConnectionManager - Connection [id: 0][route: {}->http://localhost:37021] can be kept alive indefinitely
00:21:20.773 [Forwarding setTimeout on session 613e51b81ffcfe75e867fe40085f09d9 to remote] DEBUG org.apache.http.impl.conn.PoolingHttpClientConnectionManager - Connection released: [id: 0][route: {}->http://localhost:37021][total kept alive: 1; route allocated: 1 of 2000; total allocated: 1 of 2000]
00:21:20.793 [Forwarding setTimeout on session 613e51b81ffcfe75e867fe40085f09d9 to remote] DEBUG org.apache.http.client.protocol.RequestAddCookies - CookieSpec selected: default
00:21:20.795 [Forwarding setTimeout on session 613e51b81ffcfe75e867fe40085f09d9 to remote] DEBUG org.apache.http.client.protocol.RequestAuthCache - Auth cache not set in the context
00:21:20.796 [Forwarding setTimeout on session 613e51b81ffcfe75e867fe40085f09d9 to remote] DEBUG org.apache.http.impl.conn.PoolingHttpClientConnectionManager - Connection request: [route: {}->http://localhost:37021][total kept alive: 1; route allocated: 1 of 2000; total allocated: 1 of 2000]
00:21:20.796 [Forwarding setTimeout on session 613e51b81ffcfe75e867fe40085f09d9 to remote] DEBUG org.apache.http.impl.conn.PoolingHttpClientConnectionManager - Connection leased: [id: 0][route: {}->http://localhost:37021][total kept alive: 0; route allocated: 1 of 2000; total allocated: 1 of 2000]
00:21:20.796 [Forwarding setTimeout on session 613e51b81ffcfe75e867fe40085f09d9 to remote] DEBUG org.apache.http.impl.execchain.MainClientExec - Stale connection check
00:21:20.798 [Forwarding setTimeout on session 613e51b81ffcfe75e867fe40085f09d9 to remote] DEBUG org.apache.http.wire - http-outgoing-0 << "[read] I/O error: Read timed out"
00:21:20.798 [Forwarding setTimeout on session 613e51b81ffcfe75e867fe40085f09d9 to remote] DEBUG org.apache.http.impl.conn.DefaultManagedHttpClientConnection - http-outgoing-0: set socket timeout to 10800000
00:21:20.798 [Forwarding setTimeout on session 613e51b81ffcfe75e867fe40085f09d9 to remote] DEBUG org.apache.http.impl.execchain.MainClientExec - Executing request POST /session/613e51b81ffcfe75e867fe40085f09d9/timeouts HTTP/1.1
00:21:20.798 [Forwarding setTimeout on session 613e51b81ffcfe75e867fe40085f09d9 to remote] DEBUG org.apache.http.impl.execchain.MainClientExec - Target auth state: UNCHALLENGED
00:21:20.798 [Forwarding setTimeout on session 613e51b81ffcfe75e867fe40085f09d9 to remote] DEBUG org.apache.http.impl.execchain.MainClientExec - Proxy auth state: UNCHALLENGED
00:21:20.798 [Forwarding setTimeout on session 613e51b81ffcfe75e867fe40085f09d9 to remote] DEBUG org.apache.http.headers - http-outgoing-0 >> POST /session/613e51b81ffcfe75e867fe40085f09d9/timeouts HTTP/1.1
00:21:20.798 [Forwarding setTimeout on session 613e51b81ffcfe75e867fe40085f09d9 to remote] DEBUG org.apache.http.headers - http-outgoing-0 >> Content-Type: application/json; charset=utf-8
00:21:20.798 [Forwarding setTimeout on session 613e51b81ffcfe75e867fe40085f09d9 to remote] DEBUG org.apache.http.headers - http-outgoing-0 >> Content-Length: 24
00:21:20.798 [Forwarding setTimeout on session 613e51b81ffcfe75e867fe40085f09d9 to remote] DEBUG org.apache.http.headers - http-outgoing-0 >> Host: localhost:37021
00:21:20.798 [Forwarding setTimeout on session 613e51b81ffcfe75e867fe40085f09d9 to remote] DEBUG org.apache.http.headers - http-outgoing-0 >> Connection: Keep-Alive
00:21:20.798 [Forwarding setTimeout on session 613e51b81ffcfe75e867fe40085f09d9 to remote] DEBUG org.apache.http.headers - http-outgoing-0 >> User-Agent: Apache-HttpClient/4.5.1 (Java/1.8.0_221)
00:21:20.798 [Forwarding setTimeout on session 613e51b81ffcfe75e867fe40085f09d9 to remote] DEBUG org.apache.http.headers - http-outgoing-0 >> Accept-Encoding: gzip,deflate
00:21:20.798 [Forwarding setTimeout on session 613e51b81ffcfe75e867fe40085f09d9 to remote] DEBUG org.apache.http.wire - http-outgoing-0 >> "POST /session/613e51b81ffcfe75e867fe40085f09d9/timeouts HTTP/1.1[\r][\n]"
00:21:20.798 [Forwarding setTimeout on session 613e51b81ffcfe75e867fe40085f09d9 to remote] DEBUG org.apache.http.wire - http-outgoing-0 >> "Content-Type: application/json; charset=utf-8[\r][\n]"
00:21:20.798 [Forwarding setTimeout on session 613e51b81ffcfe75e867fe40085f09d9 to remote] DEBUG org.apache.http.wire - http-outgoing-0 >> "Content-Length: 24[\r][\n]"
00:21:20.798 [Forwarding setTimeout on session 613e51b81ffcfe75e867fe40085f09d9 to remote] DEBUG org.apache.http.wire - http-outgoing-0 >> "Host: localhost:37021[\r][\n]"
00:21:20.798 [Forwarding setTimeout on session 613e51b81ffcfe75e867fe40085f09d9 to remote] DEBUG org.apache.http.wire - http-outgoing-0 >> "Connection: Keep-Alive[\r][\n]"
00:21:20.798 [Forwarding setTimeout on session 613e51b81ffcfe75e867fe40085f09d9 to remote] DEBUG org.apache.http.wire - http-outgoing-0 >> "User-Agent: Apache-HttpClient/4.5.1 (Java/1.8.0_221)[\r][\n]"
00:21:20.798 [Forwarding setTimeout on session 613e51b81ffcfe75e867fe40085f09d9 to remote] DEBUG org.apache.http.wire - http-outgoing-0 >> "Accept-Encoding: gzip,deflate[\r][\n]"
00:21:20.798 [Forwarding setTimeout on session 613e51b81ffcfe75e867fe40085f09d9 to remote] DEBUG org.apache.http.wire - http-outgoing-0 >> "[\r][\n]"
00:21:20.798 [Forwarding setTimeout on session 613e51b81ffcfe75e867fe40085f09d9 to remote] DEBUG org.apache.http.wire - http-outgoing-0 >> "{"type":"script","ms":0}"
00:21:20.799 [Forwarding setTimeout on session 613e51b81ffcfe75e867fe40085f09d9 to remote] DEBUG org.apache.http.wire - http-outgoing-0 << "HTTP/1.1 200 OK[\r][\n]"
00:21:20.799 [Forwarding setTimeout on session 613e51b81ffcfe75e867fe40085f09d9 to remote] DEBUG org.apache.http.wire - http-outgoing-0 << "Content-Length:72[\r][\n]"
00:21:20.799 [Forwarding setTimeout on session 613e51b81ffcfe75e867fe40085f09d9 to remote] DEBUG org.apache.http.wire - http-outgoing-0 << "Content-Type:application/json; charset=utf-8[\r][\n]"
00:21:20.799 [Forwarding setTimeout on session 613e51b81ffcfe75e867fe40085f09d9 to remote] DEBUG org.apache.http.wire - http-outgoing-0 << "[\r][\n]"
00:21:20.799 [Forwarding setTimeout on session 613e51b81ffcfe75e867fe40085f09d9 to remote] DEBUG org.apache.http.wire - http-outgoing-0 << "{"sessionId":"613e51b81ffcfe75e867fe40085f09d9","status":0,"value":null}"
00:21:20.799 [Forwarding setTimeout on session 613e51b81ffcfe75e867fe40085f09d9 to remote] DEBUG org.apache.http.headers - http-outgoing-0 << HTTP/1.1 200 OK
00:21:20.799 [Forwarding setTimeout on session 613e51b81ffcfe75e867fe40085f09d9 to remote] DEBUG org.apache.http.headers - http-outgoing-0 << Content-Length:72
00:21:20.799 [Forwarding setTimeout on session 613e51b81ffcfe75e867fe40085f09d9 to remote] DEBUG org.apache.http.headers - http-outgoing-0 << Content-Type:application/json; charset=utf-8
00:21:20.799 [Forwarding setTimeout on session 613e51b81ffcfe75e867fe40085f09d9 to remote] DEBUG org.apache.http.impl.execchain.MainClientExec - Connection can be kept alive indefinitely
00:21:20.799 [Forwarding setTimeout on session 613e51b81ffcfe75e867fe40085f09d9 to remote] DEBUG org.apache.http.impl.conn.PoolingHttpClientConnectionManager - Connection [id: 0][route: {}->http://localhost:37021] can be kept alive indefinitely
00:21:20.799 [Forwarding setTimeout on session 613e51b81ffcfe75e867fe40085f09d9 to remote] DEBUG org.apache.http.impl.conn.PoolingHttpClientConnectionManager - Connection released: [id: 0][route: {}->http://localhost:37021][total kept alive: 1; route allocated: 1 of 2000; total allocated: 1 of 2000]
00:21:20.801 [Forwarding getWindowHandles on session 613e51b81ffcfe75e867fe40085f09d9 to remote] DEBUG org.apache.http.client.protocol.RequestAddCookies - CookieSpec selected: default
00:21:20.801 [Forwarding getWindowHandles on session 613e51b81ffcfe75e867fe40085f09d9 to remote] DEBUG org.apache.http.client.protocol.RequestAuthCache - Auth cache not set in the context
00:21:20.801 [Forwarding getWindowHandles on session 613e51b81ffcfe75e867fe40085f09d9 to remote] DEBUG org.apache.http.impl.conn.PoolingHttpClientConnectionManager - Connection request: [route: {}->http://localhost:37021][total kept alive: 1; route allocated: 1 of 2000; total allocated: 1 of 2000]
00:21:20.801 [Forwarding getWindowHandles on session 613e51b81ffcfe75e867fe40085f09d9 to remote] DEBUG org.apache.http.impl.conn.PoolingHttpClientConnectionManager - Connection leased: [id: 0][route: {}->http://localhost:37021][total kept alive: 0; route allocated: 1 of 2000; total allocated: 1 of 2000]
00:21:20.801 [Forwarding getWindowHandles on session 613e51b81ffcfe75e867fe40085f09d9 to remote] DEBUG org.apache.http.impl.execchain.MainClientExec - Stale connection check
00:21:20.802 [Forwarding getWindowHandles on session 613e51b81ffcfe75e867fe40085f09d9 to remote] DEBUG org.apache.http.wire - http-outgoing-0 << "[read] I/O error: Read timed out"
00:21:20.802 [Forwarding getWindowHandles on session 613e51b81ffcfe75e867fe40085f09d9 to remote] DEBUG org.apache.http.impl.conn.DefaultManagedHttpClientConnection - http-outgoing-0: set socket timeout to 10800000
00:21:20.802 [Forwarding getWindowHandles on session 613e51b81ffcfe75e867fe40085f09d9 to remote] DEBUG org.apache.http.impl.execchain.MainClientExec - Executing request GET /session/613e51b81ffcfe75e867fe40085f09d9/window_handles HTTP/1.1
00:21:20.802 [Forwarding getWindowHandles on session 613e51b81ffcfe75e867fe40085f09d9 to remote] DEBUG org.apache.http.impl.execchain.MainClientExec - Target auth state: UNCHALLENGED
00:21:20.802 [Forwarding getWindowHandles on session 613e51b81ffcfe75e867fe40085f09d9 to remote] DEBUG org.apache.http.impl.execchain.MainClientExec - Proxy auth state: UNCHALLENGED
00:21:20.802 [Forwarding getWindowHandles on session 613e51b81ffcfe75e867fe40085f09d9 to remote] DEBUG org.apache.http.headers - http-outgoing-0 >> GET /session/613e51b81ffcfe75e867fe40085f09d9/window_handles HTTP/1.1
00:21:20.802 [Forwarding getWindowHandles on session 613e51b81ffcfe75e867fe40085f09d9 to remote] DEBUG org.apache.http.headers - http-outgoing-0 >> Cache-Control: no-cache
00:21:20.802 [Forwarding getWindowHandles on session 613e51b81ffcfe75e867fe40085f09d9 to remote] DEBUG org.apache.http.headers - http-outgoing-0 >> Host: localhost:37021
00:21:20.802 [Forwarding getWindowHandles on session 613e51b81ffcfe75e867fe40085f09d9 to remote] DEBUG org.apache.http.headers - http-outgoing-0 >> Connection: Keep-Alive
00:21:20.802 [Forwarding getWindowHandles on session 613e51b81ffcfe75e867fe40085f09d9 to remote] DEBUG org.apache.http.headers - http-outgoing-0 >> User-Agent: Apache-HttpClient/4.5.1 (Java/1.8.0_221)
00:21:20.802 [Forwarding getWindowHandles on session 613e51b81ffcfe75e867fe40085f09d9 to remote] DEBUG org.apache.http.headers - http-outgoing-0 >> Accept-Encoding: gzip,deflate
00:21:20.802 [Forwarding getWindowHandles on session 613e51b81ffcfe75e867fe40085f09d9 to remote] DEBUG org.apache.http.wire - http-outgoing-0 >> "GET /session/613e51b81ffcfe75e867fe40085f09d9/window_handles HTTP/1.1[\r][\n]"
00:21:20.802 [Forwarding getWindowHandles on session 613e51b81ffcfe75e867fe40085f09d9 to remote] DEBUG org.apache.http.wire - http-outgoing-0 >> "Cache-Control: no-cache[\r][\n]"
00:21:20.802 [Forwarding getWindowHandles on session 613e51b81ffcfe75e867fe40085f09d9 to remote] DEBUG org.apache.http.wire - http-outgoing-0 >> "Host: localhost:37021[\r][\n]"
00:21:20.802 [Forwarding getWindowHandles on session 613e51b81ffcfe75e867fe40085f09d9 to remote] DEBUG org.apache.http.wire - http-outgoing-0 >> "Connection: Keep-Alive[\r][\n]"
00:21:20.802 [Forwarding getWindowHandles on session 613e51b81ffcfe75e867fe40085f09d9 to remote] DEBUG org.apache.http.wire - http-outgoing-0 >> "User-Agent: Apache-HttpClient/4.5.1 (Java/1.8.0_221)[\r][\n]"
00:21:20.802 [Forwarding getWindowHandles on session 613e51b81ffcfe75e867fe40085f09d9 to remote] DEBUG org.apache.http.wire - http-outgoing-0 >> "Accept-Encoding: gzip,deflate[\r][\n]"
00:21:20.802 [Forwarding getWindowHandles on session 613e51b81ffcfe75e867fe40085f09d9 to remote] DEBUG org.apache.http.wire - http-outgoing-0 >> "[\r][\n]"
00:21:20.804 [Forwarding getWindowHandles on session 613e51b81ffcfe75e867fe40085f09d9 to remote] DEBUG org.apache.http.wire - http-outgoing-0 << "HTTP/1.1 200 OK[\r][\n]"
00:21:20.804 [Forwarding getWindowHandles on session 613e51b81ffcfe75e867fe40085f09d9 to remote] DEBUG org.apache.http.wire - http-outgoing-0 << "Content-Length:113[\r][\n]"
00:21:20.804 [Forwarding getWindowHandles on session 613e51b81ffcfe75e867fe40085f09d9 to remote] DEBUG org.apache.http.wire - http-outgoing-0 << "Content-Type:application/json; charset=utf-8[\r][\n]"
00:21:20.804 [Forwarding getWindowHandles on session 613e51b81ffcfe75e867fe40085f09d9 to remote] DEBUG org.apache.http.wire - http-outgoing-0 << "[\r][\n]"
00:21:20.804 [Forwarding getWindowHandles on session 613e51b81ffcfe75e867fe40085f09d9 to remote] DEBUG org.apache.http.wire - http-outgoing-0 << "{"sessionId":"613e51b81ffcfe75e867fe40085f09d9","status":0,"value":["CDwindow-60274EE5FA319542050557A2E4E84234"]}"
00:21:20.804 [Forwarding getWindowHandles on session 613e51b81ffcfe75e867fe40085f09d9 to remote] DEBUG org.apache.http.headers - http-outgoing-0 << HTTP/1.1 200 OK
00:21:20.804 [Forwarding getWindowHandles on session 613e51b81ffcfe75e867fe40085f09d9 to remote] DEBUG org.apache.http.headers - http-outgoing-0 << Content-Length:113
00:21:20.804 [Forwarding getWindowHandles on session 613e51b81ffcfe75e867fe40085f09d9 to remote] DEBUG org.apache.http.headers - http-outgoing-0 << Content-Type:application/json; charset=utf-8
00:21:20.804 [Forwarding getWindowHandles on session 613e51b81ffcfe75e867fe40085f09d9 to remote] DEBUG org.apache.http.impl.execchain.MainClientExec - Connection can be kept alive indefinitely
00:21:20.804 [Forwarding getWindowHandles on session 613e51b81ffcfe75e867fe40085f09d9 to remote] DEBUG org.apache.http.impl.conn.PoolingHttpClientConnectionManager - Connection [id: 0][route: {}->http://localhost:37021] can be kept alive indefinitely
00:21:20.804 [Forwarding getWindowHandles on session 613e51b81ffcfe75e867fe40085f09d9 to remote] DEBUG org.apache.http.impl.conn.PoolingHttpClientConnectionManager - Connection released: [id: 0][route: {}->http://localhost:37021][total kept alive: 1; route allocated: 1 of 2000; total allocated: 1 of 2000]
00:21:20.805 [main] DEBUG org.springframework.beans.factory.support.DefaultListableBeanFactory - Finished creating instance of bean 'webDriver'
00:21:20.808 [Forwarding screenshot on session 613e51b81ffcfe75e867fe40085f09d9 to remote] DEBUG org.apache.http.client.protocol.RequestAddCookies - CookieSpec selected: default
00:21:20.808 [Forwarding screenshot on session 613e51b81ffcfe75e867fe40085f09d9 to remote] DEBUG org.apache.http.client.protocol.RequestAuthCache - Auth cache not set in the context
00:21:20.808 [Forwarding screenshot on session 613e51b81ffcfe75e867fe40085f09d9 to remote] DEBUG org.apache.http.impl.conn.PoolingHttpClientConnectionManager - Connection request: [route: {}->http://localhost:37021][total kept alive: 1; route allocated: 1 of 2000; total allocated: 1 of 2000]
00:21:20.808 [Forwarding screenshot on session 613e51b81ffcfe75e867fe40085f09d9 to remote] DEBUG org.apache.http.impl.conn.PoolingHttpClientConnectionManager - Connection leased: [id: 0][route: {}->http://localhost:37021][total kept alive: 0; route allocated: 1 of 2000; total allocated: 1 of 2000]
00:21:20.808 [Forwarding screenshot on session 613e51b81ffcfe75e867fe40085f09d9 to remote] DEBUG org.apache.http.impl.execchain.MainClientExec - Stale connection check
00:21:20.809 [Forwarding screenshot on session 613e51b81ffcfe75e867fe40085f09d9 to remote] DEBUG org.apache.http.wire - http-outgoing-0 << "[read] I/O error: Read timed out"
00:21:20.809 [Forwarding screenshot on session 613e51b81ffcfe75e867fe40085f09d9 to remote] DEBUG org.apache.http.impl.conn.DefaultManagedHttpClientConnection - http-outgoing-0: set socket timeout to 10800000
00:21:20.810 [Forwarding screenshot on session 613e51b81ffcfe75e867fe40085f09d9 to remote] DEBUG org.apache.http.impl.execchain.MainClientExec - Executing request GET /session/613e51b81ffcfe75e867fe40085f09d9/screenshot HTTP/1.1
00:21:20.810 [Forwarding screenshot on session 613e51b81ffcfe75e867fe40085f09d9 to remote] DEBUG org.apache.http.impl.execchain.MainClientExec - Target auth state: UNCHALLENGED
00:21:20.810 [Forwarding screenshot on session 613e51b81ffcfe75e867fe40085f09d9 to remote] DEBUG org.apache.http.impl.execchain.MainClientExec - Proxy auth state: UNCHALLENGED
00:21:20.810 [Forwarding screenshot on session 613e51b81ffcfe75e867fe40085f09d9 to remote] DEBUG org.apache.http.headers - http-outgoing-0 >> GET /session/613e51b81ffcfe75e867fe40085f09d9/screenshot HTTP/1.1
00:21:20.810 [Forwarding screenshot on session 613e51b81ffcfe75e867fe40085f09d9 to remote] DEBUG org.apache.http.headers - http-outgoing-0 >> Cache-Control: no-cache
00:21:20.810 [Forwarding screenshot on session 613e51b81ffcfe75e867fe40085f09d9 to remote] DEBUG org.apache.http.headers - http-outgoing-0 >> Host: localhost:37021
00:21:20.810 [Forwarding screenshot on session 613e51b81ffcfe75e867fe40085f09d9 to remote] DEBUG org.apache.http.headers - http-outgoing-0 >> Connection: Keep-Alive
00:21:20.810 [Forwarding screenshot on session 613e51b81ffcfe75e867fe40085f09d9 to remote] DEBUG org.apache.http.headers - http-outgoing-0 >> User-Agent: Apache-HttpClient/4.5.1 (Java/1.8.0_221)
00:21:20.810 [Forwarding screenshot on session 613e51b81ffcfe75e867fe40085f09d9 to remote] DEBUG org.apache.http.headers - http-outgoing-0 >> Accept-Encoding: gzip,deflate
00:21:20.810 [Forwarding screenshot on session 613e51b81ffcfe75e867fe40085f09d9 to remote] DEBUG org.apache.http.wire - http-outgoing-0 >> "GET /session/613e51b81ffcfe75e867fe40085f09d9/screenshot HTTP/1.1[\r][\n]"
00:21:20.810 [Forwarding screenshot on session 613e51b81ffcfe75e867fe40085f09d9 to remote] DEBUG org.apache.http.wire - http-outgoing-0 >> "Cache-Control: no-cache[\r][\n]"
00:21:20.810 [Forwarding screenshot on session 613e51b81ffcfe75e867fe40085f09d9 to remote] DEBUG org.apache.http.wire - http-outgoing-0 >> "Host: localhost:37021[\r][\n]"
00:21:20.810 [Forwarding screenshot on session 613e51b81ffcfe75e867fe40085f09d9 to remote] DEBUG org.apache.http.wire - http-outgoing-0 >> "Connection: Keep-Alive[\r][\n]"
00:21:20.810 [Forwarding screenshot on session 613e51b81ffcfe75e867fe40085f09d9 to remote] DEBUG org.apache.http.wire - http-outgoing-0 >> "User-Agent: Apache-HttpClient/4.5.1 (Java/1.8.0_221)[\r][\n]"
00:21:20.810 [Forwarding screenshot on session 613e51b81ffcfe75e867fe40085f09d9 to remote] DEBUG org.apache.http.wire - http-outgoing-0 >> "Accept-Encoding: gzip,deflate[\r][\n]"
00:21:20.810 [Forwarding screenshot on session 613e51b81ffcfe75e867fe40085f09d9 to remote] DEBUG org.apache.http.wire - http-outgoing-0 >> "[\r][\n]"
00:21:21.106 [Forwarding screenshot on session 613e51b81ffcfe75e867fe40085f09d9 to remote] DEBUG org.apache.http.wire - http-outgoing-0 << "HTTP/1.1 200 OK[\r][\n]"
00:21:21.106 [Forwarding screenshot on session 613e51b81ffcfe75e867fe40085f09d9 to remote] DEBUG org.apache.http.wire - http-outgoing-0 << "Content-Length:23266[\r][\n]"
00:21:21.106 [Forwarding screenshot on session 613e51b81ffcfe75e867fe40085f09d9 to remote] DEBUG org.apache.http.wire - http-outgoing-0 << "Content-Type:application/json; charset=utf-8[\r][\n]"
00:21:21.106 [Forwarding screenshot on session 613e51b81ffcfe75e867fe40085f09d9 to remote] DEBUG org.apache.http.wire - http-outgoing-0 << "[\r][\n]"
00:21:21.108 [Forwarding screenshot on session 613e51b81ffcfe75e867fe40085f09d9 to remote] DEBUG org.apache.http.wire - http-outgoing-0 << "{"sessionId":"613e51b81ffcfe75e867fe40085f09d9","status":0,"value":"iVBORw0KGgoAAAANSUhEUgAABAoAAAJoCAYAAADvSANHAAABKWlDQ1BTa2lhAAAokX2Ru0oDQRSGP4OFV4hoYWGxldh4ScwmCDYmrsHSRCFRQTabTRCTddmsaG0t+AIWdj6Dhb2lIFj5EGJh7b8GmYDEM8yc7z9z5nYGUvPIUmnoBnFUKRetWv3QYsBcrxcy3Ebg6y0Z4XX5n7xhNt70e578h3oc6XBt2RTPtft8lXCjzzcJR/uVkvhevNQe4MYAX8ZhLH5O8r0wSvhdvNntXHjm3kz5wUFVvqa+QJlztTYdfFapcsYprqhEAZtttQJFqR0cMmzJ56Vt1qUcsUNOORuaWZOyNedIlUw9jychewtjeyYW5+BJ1Z/xTWzxDtIn8HgdupH7ExpNPqnVgs8HmK7D7AtMHP0W0aw1fzHkrdaft1rsEuCxIsrq7hny38DlSB8vYtf6AAAgAElEQVR4nOzdf5BW9Z0n+jcjhpHdsOXONnkgUDdGzM5FY9JIKLFm55qkY3QuQSLGbKINeyMSIe5uHLniGLxsL8RRF5PMjgGCaF1Ak41GR5E7ENMzutkUWAa61Sg7G3F0Cgae0Ju1lszikOj0/eN5+vTT3U//ABsa9PWqsqr7Oec553O+p0nl+z7f7/eM6uzs7AwAAABAkt8a6QIAAACAk4egAAAAACgICgAAAICCoAAAAAAoCAoAAACAgqAAAAAAKAgKAAAAgIKgAAAAACgICgAAAICCoAAAAAAoCAoAAACAgqAAAAAAKAgKAAAAgIKgAAAAACgICgAAAICCoAAAAAAoCAoAAACAgqAAAAAAKAgKAAAAgIKgAAAAACgICgAAAICCoAAAAAAoCAoAAACAgqAAAAAAKAgKAAAAgIKgAAAAACgICgAAAICCoAAAAAAoCAoAAACAgqAAAAAAKAgKAAAAgIKgAAAAACgICgAAAICCoAAAAAAoCAoAAACAgqAAAAAAKAgKAAAAgIKgAAAAACgICgAAAICCoAAAAAAoCAoAAACAgqAAAAAAKAgKAAAAgIKgAAAAACgICgAAAICCoAAAAAAoCAoAAACAgqAAAAAAKAgKAAAAgIKgAAAAACgICgAAAICCoAAAAAAoCAoAAACAgqAAAAAAKAgKAAAAgIKgAAAAACgICgAAAICCoAAAAAAoCAoAAACAgqAAAAAAKAgKAAAAgIKgAAAAACgICgAAAICCoAAAAAAoCAoAAACAgqAAAAAAKAgKAAAAgIKgAAAAACgICgAAAICCoAAAAAAoCAoAAACAgqAAAAAAKAgKAAAAgIKgAAAAACgICgAAAICCoAAAAAAoCAoAAACAgqAAAAAAKAgKAAAAgIKgAAAAACgICgAAAICCoAAAAAAoCAoAAACAgqAAAAAAKAgKAAAAgIKgAAAAACgICgAAAICCoAAAAAAoCAoAAACAgqAAAAAAKAgKAAAAgIKgAAAAACgICgAAAICCoAAAAAAoCAoAAACAgqAAAAAAKAgKAAAAgIKgAAAAACgICgAAAICCoAAAAAAoCAoAAACAgqAAAAAAKAgKAAAAgIKgAAAAACgICgAAAICCoAAAAAAoCAoAAACAgqAAAAAAKAgKAAAAgIKgAAAAACgICgAAAICCoAAAAAAoCAoAAACAgqAAAAAAKAgKAAAAgMLokS4A3umuvPLKE3auH/zgByfsXAAAwDuTEQUAAABAQVAAAAAAFEw9gBPo7UwNqJ3C0N9xhrIPAADAQIwoAAAAAAqCAgAAAKBg6gG8g9RONzANAQAAOBZGFAAAAAAFQQEAAABQMPUATgKmCQAAACcLIwoAAACAgqAAAAAAKJh6AKeg2qkKAAAAw8mIAgAAAKAgKAAAAAAKph7ASWAobzo42rchmJ4AAAAcCyMKAAAAgIKgAAAAACgICgAAAICCoAAAAAAoCAoAAACAgqAAAAAAKAgKAAAAgIKgAAAAACgICgAAAICCoAAAAAAoCAoAAACAwuiRLgDo6corrxzSfj/4wQ+OcyUAAMC7kREFAAAAQEFQAAAAABRMPYCTQO10g6FOKTiW7wAAAAzGiAIAAACgICgAAAAACqYewEngWKYOmG4AAAAcD0YUAAAAAAVBAQAAAFAQFAAAAAAFQQEAAABQEBQAAAAABW89gBPoyiuvHOkSAAAABmREAQAAAFAQFAAAAACFUZ2dnZ0jXQQAAABwcjCiAAAAACgICgAAAICCoAAAAAAoCAoAAACAgqAAAAAAKAgKAAAAgIKgAAAAACgICgAAAICCoAAAAAAoCAoAAACAgqAAAAAAKAgKAAAAgIKgAAAAACgICgAAAICCoAAAAAAoCAoAAACAgqAAAAAAKAgKAAAAgIKgAAAAACgICgAAAICCoAAAAAAoCAoAAACAgqAAAAAAKAgKAAAAgIKgAAAAACgICgAAAICCoAAAAAAoCAoAAACAgqAAAAAAKAgKAAAAgIKgAAAAACgICgAAAICCoAAAAAAoCAoAAACAgqAAAAAAKAgKAAAAgIKgAAAAACgICgAAAICCoAAAAAAoCAoAAACAgqAAAAAAKAgKAAAAgIKgAAAAACgICgAAAICCoAAAAAAoCAoAAACAgqAAAAAAKAgKAAAAgIKgAAAAACgICgAAAICCoAAAAAAoCAoAAACAgqAATlrtuf2D5+SsD56Ts770cDqG/L2OPH7DBTnrg+fkU3e058hxrHAgR9pXZ9Z55+Ss867L9/eNUBHvOsf6N8PJ1XYnUy0AwLuRoACOs44fXFf5P/xD/e/tdgzKT+fxPz+UJNmz7od5aViu4ui99MNv5qXDSQ4/nR8+o6tTT9sd5+WsD56T3//T3SNdCgAAFAQF8E5TujhX/cupGZNxmXbjp3PuCJVx7uxbctGZyZjSZ3L5hQ09Nx7Zl5eeeCDLF12ae3aOTH0jb3e2//mRJJNy1Sen9tykfQAAGEGjR7oAeKcbd+HiPLjxSzWf/Pc8/R/+MPf+LEkuya0br+nZmf9HkzPubZ2xIZfe/nj+6va3dZC3bczUa/Pgrmvrbut4oiWzbn46SXJd/V3e+V5py7Z9SRqvzeW9cgLtAwDASBIUwHE2ZlJjLppU+0lH9t7f9fPkXPB7MzPtxJfFCDv039ryUpKPf+HTmTzSxQAAQA1TDwBOuCPZteOJJJfk8k82DLo3AACcSIICOIV0/OS+fPWqi/K7HzwnZ513UebedF+291kncOAV0zt2PpzbF12eGedV9znvosya94e5d+ehodcxhGPULuJ4+86en82oDqtPknuv6lrI8bp8v9zzPId2P9HjPL970eVZdMcTeWnopXZ761D2/MV9+eq8XnUvuiNPlXvv90CWL7o8n7qgq7bzMmPWV3L7E6/0eYtEn+s8tDuP3/GV4rsf+dRXcs9Pet+FMfn4ipfz6l9/O5ef2fdYQ22foTi0++Esn3dpPvLBc3LWBy/Ip+a15Pu7+2/AYWnznXcUbfKlH3QkHTtyz3WVv9vfveGJnn+T1faaddF5Pe7J4/3U2LHz4dx907zu/T94Tj7yqXn56rod6Xirn3qGeu97n2tI/9567V+09RDqKu/IvTfNK/5Wfveiq7L8B7tzqL/9AQBOEFMP4BTx8g+uy5dufrq7o3q4I21/dkeufqEjjzx+S6aNHewIHdl2c3MW/eCVnh8f7shLP3ki42f/Ua6bfiKOMRRH8tKa5sz9Dz1f73ikvDvb1v1htj28Ld96/Nu5fFK/B+hVX3vuvqo59+zu1c0/3JGXfnhfdlx7Sz5eqnzU9h8vytw/7R0HHEnH7idz7799Mk+99FC23NKYMfXO8z/bc/vcq3JvTfMceuXJ3D3vP6ft7qdy/2dP7OiBl//sK1l005Pp7nIfyp6fPJBbZm3O03c/njWfrW3AYW7z4pQ/zPKPt2Tj4ervh/+++9g/W50vfuGbaTtcs3/1nnz1hw9nW68aO/7susy46en0duiVHXn8jh3Z9tPb86O1n8vk02qPN/R7X+uo/r29tS/b/mhBn38XRV2bF+e7D93Y4ztHdn4zc//V6sqbQbo+K7dn482XZ/uea3NB35IAAE4YIwrgVPBsS7707w5m3p9sy7O7duXZH30j886ubnvlvnz9z/YNeogjP1mdr1Y7MlPm35sfv/hyXv3rl/Pqf92eH917Y6bU7fkO7zEaPnN3nt+1K1uWzyw+m3fvrjy/a1ee33V35lT70R1/dkO1wzom0/71xvz4v1bO8/zjy/PxsUlefzJf/X+G+BrJt17Jxuario7ilE/fkvt/tL1yzu3b8uCKz6WhtmN5JDn3M5V9/urlynn/6scbc8P0ysXtWbc6j/XzFHrjv23OU43L88hTu/L8ru3ZsuKS6sKUR/LUNx/OS4M8KR5q+wzJntW55aZXctmKh/LjXbvy/K6n8siKz2VKkuRQtt32jWx7vXv3YW3zGtu/cUe+P3N5tuyq/q3c/7k0JEn5iSyqhgRjpi/Ogz9+sbJ91+Np+eSYSo03tfQcRfFWMu73rs0dDz2V56v1vbrr8dxxZeUfw5G/aMmm9tr9j/Ledzmqf29H0vYfu0KCs/P5ux7P8y+/nFdffjE/vveaTElyZPfqfPU/1gQwrz+ZpUVIcHY+3+seZd19+f5RtjMAwHASFMCp4HDy+Xseyq2fOTsNZ45Lw9mfScs3biwWwWv7qz19hsT3dqi8r9jn4//nxZnc9XRzTEOmfHJxbv3M4L3Qt32MMeMy7sxxGf+PuhOFMf+k8tm4M8dlzGlJjuzIPbdVnuSOufqefPfGmZlc3X3ch6/Jt/74ksovTz+Qra/0OUPfmv/8G1le7TxOWfhQtqy5Nh8/u6FyztLZuejq23NdY/f+U659Klv+pLLPmGoncsykmbnpxmuqezyd3X9Vv7WPzFie+//4mkz738Zl3JkNOffqb+RbV1Y37vthdr02SLFDaZ+h2teRafc8lDuubszkM8dl3JmTMu3q23P/7RdXth9+Ig/9RbXbP8xtXutIPpc1f3JNzj2z56fbv/NHeepwkrHXZM3/e2MumlQ94ZlTM++uP86llRNm0w+7Tzju/7g9z268JZ+fPinjuprozKn5/L+5Nhd1Hfel7v2P9t4Xjubf2988nK//aeWc05Z/O3dcOTXjTkty2phM/uTyfOvGyoiIves2Z3v1S3v/fH0eP5wkY3J5nXu05f5r6o9YAQA4QQQFcCoYe00u/xe9ug4fnlntTCX5244MNoW84Z83Fh2djf/u1mzcuS9HjnIu9HAcY1C7n8n3q8Ox5/3BxX06TOMaL652Cnfn6RcGe77dkac2P1n5cew1abmxnykDtcdvaEiOdGTPzqfz/XXfzO03zcusyy/NR66+r9hn73+v39qXX/npnsPeMybnzbi468Ky7/U6XzpeJi3OdZ/u+6LNyX/wuVxe/fmpPdUn48Pa5r38y0sqIxJ62J0dDx/pf/uZjbm4OqjipZ/sLkYxjGloyJi3jmTvz3bk8Qe/mbtv+0pmXX55Zlx6a7ZX93npQNe9Ofp7XziKf28dbf85bUmSmbnqk2ent3Onf7r608Np212pq+3panrRzz0a8y8uybyh1goAcBxYowBOBTPO7tUBPQYfvjbf+tc/zBf/dHeO7H44y696OMvHNuTjX749t86/OFP69leOzzEG0fHK7uJp7b1Xn5N7B9p50JBiX176i+qPM6bmnCH0FPf++a1ZdPPDPeaOJ+My5exxOfTKwHHM+PHD0ADDZUpDxtf7mxnXkPFdP/98TzrSmAxrm/f08d+d0vfD8p7u9r1/Xs66v+8u3eerXdPgvnzpX92R7T0ClzFpOLshY17p6DWq5ujvfeEo/r3t/W9daybsyC2/f05u6XfPI9VQraau/u7Rab899FoBAI4DIwrgXWNMpt34eJ790b259bONlbnzhzvy1Devy6cuuir3/GywyQvDdYyT15H2b+ZLN1RCgilXLs+DP9qe5198Oa/+9a786I8/N9LlDb/3N+QkijYGVn4ii75QCQnGTF+cbz3+VJ5/7sW8+tcv5tlNN1ZHPAAAMByMKIB3mXFnX5zr7r44193ekZee+Ga+evPD2XO4PXd/5b58/MeLc+4JOkZ/Gt5/dpLKU9rrHno5t76ttyiMy6QPJ/lZkj0dOfhW6i9eV7Xr/1udPUmSa3LrimtyUe1T6N+8nTpGwC+P5H8m6bNqxCsvFcP0J08cnzEZ7jYfgoZJmZLkqSRZ+FBevaXeQgE97X364cqaBpmaW//4xlxeO8r/zdRZo+Po7v2xavjAzCQ7klycO7bfm8/XeYNCT2MyblKSfen/Hh3qyMFhrxQAYOiMKIB3qzENOffK29Pyperv+9rz4gDvlD9ux+jtd88t5oJvfPzpQRdpHNjZuaCp+nq9fatz94Bvh+jI3r/u+nlMxvSIUY9k+1/88G1VcsL97IFs+1nvD49k+/fuy0tJkjG59GNTKx8Pa5sPwWnn5tw/qP78wOZqADCwjtd2VH/6JxnTaxrB3p88WYQf3Y7m3h+7yedeWF234+k89MOhrPR4dqZ9snoBP7svD+3o29p7//zhPD6MNQIAHC1BAbxLdDxxR27/QXv2HurumBz5m6fzw/9c/WVSY84b5GnocBwjScaMfW/x87bHn8ze1w+lY+cTeaqc5MxLct3CSgfvyIM3ZO6tD6Ttbw7l0JEkbx3JofIr2f6DO/KlNe31D97Ludf8US4fmyRH8tTNl2buyocrx3v9UA6VX8lT6/4w97YnSUPO+VBXD/SBrH9gdzqOJDm8L21rbsiX7j8+Hc16BmyfIXsld3/hqtz9F6+ko+tav9ncfR0XL891XSMHhrnNBzcul/6raysd7MMPZNFVlYUxD1X/ro683pE9P3k4t1+3urpQYDJ5SteikDuy/r6ns/dwKotOPtGSL936dN9T5Gju/dvw4c/lK9XS2lquytV/+nT2lA9V1iM4ciiH/mZ3Hl/3h1n+RLEkYy763OLqayr35d7rmnveoz+dl1krd3jrAQAwokw9gHeLI6/k3puvyr0319t4dq77xrWDTxkYjmMkGTfz0lw+9ok8fjjZ++BX8vsPJpWh259JMibT/s23c1PbVbl755G89J9aMvc/tfQ9yMJP9/2snjMvyZ3fuzF7v/DNtB0+krb7b83c+2/tsct1D30jSTLtc7dk2rqWtOVInmq5PDO6Tjv24txx+7W55db7ciIM3D5DdPGNufWf3Zfbr7s09/TeduYl+da//1zNkPdhbvMhGDP9xqz5v9sy9z+0dy+M2Weva4uRDg1/cHXm/buns/FwsmfDdfn9DV37nJ3r7rolk2++ozKVodZR3Ptj15DP//tvp/3/+kq+/8qhbP/mdfnUN/vu9fG7/qj7l6nX5s6uRUEPt+eeHvfo7Fz30D3JVdcNvKgkAMBxZEQBvEuMa/xcbvjszJxb6n5WOe7sqbl04e15ZPu23Dp98GeYw3GMJJUO3KO3Z970huqT0zFpmD41k7tekzd2am743vZs+ZPFufz3zu5ecG9sQ8798CWZt+Le/Gjx4PPau4z58OI8sn1b7r/lM7no7O7l+8adPTOX/+tv5KrqCPycfU2+u+0bue7TXecclymfvjEPtt6bz9dZvP+4Gax9hqQhc/54Wx685TOZVr1fY0pTc+nCb2TLU9/O5ZN67T7MbT64MTl30UN5dss3csNnZ2bKmd2fN0ydmkuvXp77f7Q404o6Lk7LUxtz62cb0zC2ut/0a3LHlody6+/1vyTjkO/92zHpktyxbXseXHFNLp3a0D0a4Myzc+7vfSY33PVQ7vxs7UoElUVB/8vGW3J5cY/HZcqnr823tjyUW6f/k2EoCgDg2I3q7OzsHOkiAAAAgJODEQUAAABAQVAAAAAAFAQFAAAAQEFQAAAAABQEBQAAAEBBUAAAAAAUBAUAAABAQVAAAAAAFAQFAAAAQEFQAAAAABQEBQAAAEBBUAAAAAAUBAUAAABAQVAAAAAAFAQFAAAAQEFQAAAAABQEBQAAAEBBUAAAAAAUBAUAAABAQVAAAAAAFAQFAAAAQEFQAAAAABQEBQAAA"
00:21:21.109 [Forwarding screenshot on session 613e51b81ffcfe75e867fe40085f09d9 to remote] DEBUG org.apache.http.headers - http-outgoing-0 << HTTP/1.1 200 OK
00:21:21.109 [Forwarding screenshot on session 613e51b81ffcfe75e867fe40085f09d9 to remote] DEBUG org.apache.http.headers - http-outgoing-0 << Content-Length:23266
00:21:21.109 [Forwarding screenshot on session 613e51b81ffcfe75e867fe40085f09d9 to remote] DEBUG org.apache.http.headers - http-outgoing-0 << Content-Type:application/json; charset=utf-8
00:21:21.109 [Forwarding screenshot on session 613e51b81ffcfe75e867fe40085f09d9 to remote] DEBUG org.apache.http.impl.execchain.MainClientExec - Connection can be kept alive indefinitely
00:21:21.109 [Forwarding screenshot on session 613e51b81ffcfe75e867fe40085f09d9 to remote] DEBUG org.apache.http.wire - http-outgoing-0 << "EBBUAAAAAAUBAUAAABAQVAAAAAAFAQFcNy1Z9OCRZm/YFE2tZ2gU5a3ZsWCRZm/oCWt5RGq4TjYvbZyDfOXbU3HiT5527qROS8AAJxgggJg+LStq3Tk17YP+6E7trTkzn2zs2r9mmxYeVkahv0Mb5MgIUk5rctO7TAKAABBATCMdj87/AFBD5NKJ19AAAAA7zCjR7oAeNcqb82KZZuzp/iglOaVy9NUqt2pPZsWrEtrn33KaV3Wkk3l2n0bs3T9wkwd/MQ9vtu0eE2ap3Vv7djSkiWP1Ry4NDurejzB711T0rR4eSY8WlPPznWZv6DvsWu/n8ULk9Xr0lpT9+61i3Lnzr7X0/155bhT5izP9flOljwzo2dtbesy/9HJ3Z+1rcv81d3hRY96BtrWZ3tjli7urz1r62vPkgWbk+kLs+H6xsrG3ve5T3v21fse1NbWe9uUOctz26yuP5qutu15P/p8/5kZWXXF3izpur4+NfX6+6pTc897VUrzv52RHX9Svc7Vi9Ja9+8ZAIBTgaAARkKvTmpFOZuWLcqBrk5dnyCh1oEcKPf+rD13Lts6aCe0dXVLr9/X5YK6HfWusjZnyYK91U5735DgWLWu/mmWrl+T5urvu9cuyp1ZmA3rKx3sji0tWVK9nqnXr8mqLS1Zsm920QHv2DLICcpbs2L1gTSvXFPprJa3pnV/dVvbusxfnSxdv6YSrJS3ZsWylrR2dWzb1mV+7Xe7OuClyXVPNfX6NdnQO6RIz+PcVuq+ziXL0u99qgQBE7J0/fKitq66d69dVJ1+0fXd9mxa0JIVqQ0LktbV30nzyjXZUKoer+YeV9pmc5Y8uzAb1i8srm3tlsbqMSohwY4Ll2dD9Zi71y7KkrWlou371NG2Na0Nl+W29Y1pXdaSA1fUC4gAADhVmHoAJ1w5rY9WQ4LpC7Nh/ZpsWL88zdV+XuujlXnuux/rCgkas3T9msp+i2dUj9GY5q7P1q/JhpWzMyVJys/m+T4BQi9d51xcfeKdA9lfTlLemkeqIUHT4l7HTXse2VJOyuW8lqQysqH7/M3TSmlauSZLp/c8x0CdxSlzZtd0XLfmkZ2NWdr1FD5Jw6zZaRrK9QxoQiZ29Z9Ll6VpWtLV/k2LazrOpcsyd3o5O3aWi+1T5ny55ml4Y5oXN+bo1DtOMvX6hQNcV3u2PZY0r+xZW1M1OHpkZynNN9QGDJW69jzT3mNthNpzNsyanaaue1zzve62bsylc0rZs+9A5de2zdmU2bm+JniYOmd2puz8aXYn3feqNuiYdpmRAwAA7yBGFMAJ1zUaoJTmOV2dtVKarmjMptXtSXlvOlLO/n2VLT061NMuS1P1x7pP/4egaUb1nBMnZ0rau0cs7N9b+bk0O5d2dfBLl2Xu9M25c2cqHclZpXwgyZ7q6IdN6W96weA+MLGmZ7l/b/akPXcuWNS33v1JjqUTWmrMzNLm3LlgUa/h+ZX2b129qM7IiEpn+UC5V33H5EA/x5mQCaVyDtS7rrafpjUTsrTeqffvzZ5MyNze2yZOzpTy3nQkRce97zl7na80ue9ohn3lStiw/0BSrk6h6KGU/eWkYeez2VOaYa0IAIB3MEEBnGjFU/mBdE8tqNdh7djSUoQETYvXpHniQNMUhqZj/4Eh7FUZyXBBTUjRunpRXpvTc+j7sRnqGgtDVRnl0FQdnj//sZ5z5vsPONqTlDJh4vDUcNTHqdeJH8q24TTAOgodiUUlAQDe4Uw9gBOt1JiZpSQpZ9NjXesU1E5H+FimpjEXVIfxt65eVxnynVTmgpeTjn2VFGHKnOWVzm7XaIC3oWH6jOr0hc3Z1vV6u9rpCDO6h95Pvb4y5aBrqkExbP1YTZycKX2Gxw9S78QJfT6rH3ZUwo1Vc1Jt7wmZUEpe6/dklSf+lWkIgx17IPWPUwmB+gkQJk7OlP6mJfS3bf/e7BnGAKFh4oTqqJYBtndNQwAA4B1JUAAnXGWaQZLq2wEWZf6CrhXmu6cjTJ3TvT7AnQsWVfZb/WyPI+15rKX6+TC8lrB0WeYW4UT1fF2jFLqmI5S3ZkVXLQu6RxVMmVTptDdMKvW4rk1tvU8y0LnL2XTP1poOajmta7f222GtdJx7hhpra9/W0Laux/m7wpWu9t/z2HfSWrN7x5Z11d9L+ciFpex5bHN3Z7j3sfvTo4Nd/zy7165L6/TZ9ef012uH8ta0tvWzLe3ZtLo9TVcMvIDlUZk2O82l9ty5tvZvqj2bun6vt70aYHXpEcKUt2bFgpYe2wEAOLmZegAjYdrCbFjc+80HvYbely7LbSvTa0pBZXG+qdcvTFPx9oHGLF05OY+8zakHSWWkwNLeax/Uvuqvjtr5/w2zvpzmZ3q/tnGo516e5mUtPebGNy1eU6zJ0Efpslw/59ks6VproDQ7qxY3Zsmj1e0TJ+e1ZYsyv951TFuYVXNasqS6zkKxfVaq17E8q9KSJV1rJvQ+dj3TZqe51FJZZ6HrXF33ufd5BmjPrnvQ3Q6lNK+8rJ9tx75GRP9KaVq5MAcWVF5F2V3D8prty5NlLTXbG7N0fXXbFY3ZtLpmqsdwlgYAwAkxqrOzs3OkiwAAAABODqYeAAAAAAVBAQAAAFAQFAAAAAAFQQEAAABQEBQAAAAABUEBAAAAUBAUAAAAAAVBAQAAAFAQFAAAAAAFQQEAAABQEBQAAAAABUEBAAAAUBAUAAAAAAVBAQAAAFAQFAAAAAAFQQEAAABQEBQAAAAABUEBAAAAUBAUAAAAAAVBAQAAAFAQFAAAAAAFQQEAAABQEBQAAAAABUEBAAAAUBAUAAAAAAVBAQAAAFAQFAAAAACF0SNdALzT7V67KHfurL9typzluW1W6cQWBAAAMIBRnZ2dnSNdBLxb7F67KI9MEg4AAAAnL1MPAAAAgIKgAEZS27rMX7Auu9vWZf6CRZm/9qm0LluUFVvKffdbtjUd5a1ZsWBRNrWNTLkAAMA7n6AARlx77nz2Y9mwfk02XP/xfOTCUvY8056Omj12P9ueKRc2pqFUygdGrE4AAODdQFAAI66U5jmNxW8N02dkSvnZPF8MKmjPrp2lzJxeStKY5vVr0jxtJOoEAADeDQQFMOImZGLt2oalxswslbNjZyUp6NiyOa3TZ6fJ+ocAAMAJICiAk04pTVc0Zs++A0nKef6ZcppmNA76LQAAgOEgKICT0bSPpWnnT7O73J4d5cZcYKoBAABwgggK4KTUmAumt+eRe57Nnukfy9Ti8/Zs8tYDAADgOBIUwElq6ozG7Cmnx0KHAAAAx9uozs7OzpEuAqijbV3mPzo5q1ZeloaRrgUAAHjXMKIATkrt2bS6PVMubBQSAAAAJ0vIogYAACAASURBVNTokS4AqFVO67KWbConU+Ysz22zvBMRAAA4sUw9AAAAAAqmHgAAAAAFQQEAAABQEBQAAAAABUEBAAAAUBAUAAAAAAVBAQAAAFAQFAAAAAAFQQEAAABQEBQAAAAABUEB0K1tXeYvWNTjv01tlU0dW1oyf9nWdBy3867L7rob27NpwaLMX9t+PM48oON6ze8Qu9cuGuDeAQBwKho90gUAJ4fdaxflzp2NWbp+TaZ2fVjemk07y8m00ghW1pjm9WvSfLxP07Yu8x+dnFUrL0vD8T7XqapOG029fk02jGhRAAAMN0EBkI4tLblz3+ysWt+rk1y6LM2zRqoqAABgJAgK4F2vPdseK6dp8RCfpLety/zV1WkApdm9nsCX07qsJZvK6Wd7ezYtWJfW9Le95zmmzFme22YlrctasuPC5bltVqk4RhYvz4RHu8/VtHhNmqf1U2cas3Rxcmc/IwYqoykq9S1ZsDmZvjAbrm8cpmvubaA26LUtjVm6fmExwqNjS0uWPDMjq67YmyV16zmWtqmzvbw1K5Ztzp6u36cvzNKsq9tGRU0119zdnnWO37Yu81cnS1dOziPFOXpeJwAAI0tQAKewfX+7Pxse+F5+/vKefOicKZl/zRcy6f0Tj+4g5XJeS2PmTht815Q3Z8mzC7Nh/cJ0dUrXbmmsduDLRYd+w6zKVIXdaxdlydpStdNd2f+1OTXbt2ytc46tWbG6vaZzWe67T"
00:21:21.110 [Forwarding screenshot on session 613e51b81ffcfe75e867fe40085f09d9 to remote] DEBUG org.apache.http.wire - http-outgoing-0 << "5LW1d9J88o12VCqdqBXr8sFXZ3NtnWZv/pAmleuSVMpxblTmlz3WFOvX5MN/U09eFvX3NsAbVDtnH9g8ZpsqN6Lji0tWbJgXc9O9ID1DLVt0j3FpLw1K5a1pHXl8kpb1dRxW7X9W7ccyNRZA7RRd2NVQpNJC7NhfWPNdS3Kph5hRHvuvGdyVq1fk4bqd+5c295PmwEAcKJZzBBOYV0hQZL8/OU92fDA947+IPv3Zk9p8hDn5TdmadGZa8ylc0rZ80x7ZbG/ts3ZlNm5vqbDOnXO7EzZ+dPsTtKxZXNapy/s0aGdOqt3h7M9m5ZtTuYs7/mEu44pc75cDQGShlmz05QD2V9OknJaH23vsT1pTPPiY+2EHvs19zZQG+x+bHP2TF/Y47obZn05zaX27GobpJ59B3qcZ7C2aVpcEzyULsvc6eXs2FkJZHY/1rv9S2maNcS2a9ucTeXa+irHv35OKa3P1i5GWUrzDV33vpSmKxqTfWWLRgIAnCSMKIBTWFdI0N/vQ1bem45k8LBggEChY/+BpFwdlt7zS9lfLmf/M+VMuXDCAAc/kEeWrUvmLO/Rke7PByb23qecA/uTlA7kQLne9mN0zNecTO1RQjnP99sG5ezflzrbSpk4Kdmxv2ZByXr1VDvZXZ8P1jatqxfVTG/ociDJgezamXxgxrG1Xcf+A0lpRp/6GiZOSJ6prXFC+pY4xL9BAACOO0EBnMI+dM6UHuHAh86ZcvQHmTg5U/JsnY7tMeh3fn45rRla533PM+3p6DPS4KgLyYSjnIFx7KcabE2CngZqg2ELNwbRZ02CQnvedttNKunsAwCc4kw9gFPY/Gu+UIQDXWsUHLXq0PNNj7UPvu8AGiZOKJ4K1zlJJk5Kr+HnvU3I3JXL05zNWbL27dQyIRNK3UPpu3TsP9DP/sdu4GvubaA26G9bZaTB8AUIEzKhlLy2v/66D/213VA1TJyQ1Jl20bH/gAABAOAUIiiAU9ik90/M15belA3r1+RrS286+oUMq6ZevzBNO9dl/rKtPTu95a3ZtGWIncZps9Ncas+dPTr57dlU/b0yd39dNtXMt9+9pdf5UkrTymotxxwWlPKRC0vZ89jm7g5reWvWPjaE6xhyp79qkGvubaA2qLetY8t3simzc+lQFpocksp6AHse+05aa5qjY8u66u/1tpfTuqXmegZqo3rtUd6atY8lzXMsVAgAcKow9QBI0pjm9WtywdpFvebbN2bp+suGeIxKJ//AgnWZv6D7s+aVy6s/XpbbViYrli3K/K7N0xdmQ71aVs7Oa8vWZf6y2Vm18ug7mA2zlmdVWrJkwaLquWdn1eLGLHl0gC9Nm53mUkvuXLCo7+sR+zXINffZfYA2qLftKKc1DMm0hVk1pyVLli3KptoaZnVv37B4XebXbJ8yZ3makiG0USlNK5cny1r6tEfTiZlVAQDAMBjV2dnZOdJFABxvHVtasmTfbK/gAwCAQZh6ALzzVaceNM0QEgAAwGBMPQDecTq2tGRJjzUJSmleucbwdwAAGAJTDwAAAICCqQcAAABAQVAAAAAAFAQFAAAAQEFQAAAAABQEBQAAAEBBUAAAAAAUBAUAAABAQVAAAAAAFAQFAAAAQEFQAHR78ZcZdfMvevz39Rcrm8qtBzNq1espH7fz/jI76m48lK/f/IuMeuDQ8TjzgI7rNb+rHM53V3X/LQ1N5b4f3XeG4ODrmVv8bY/c31ZflTaa23q4+vtxun4AgCEYPdIFACeHHQ/8Ihe9MDrb73pfZnZ9ePD1fP2Fw8l5Y0ewsnH52l3j8rXjfZoXf5lR234rB5acmdLxPhd9lFsPZkL5t9N5zbjjeJZD+fqqX2favPflkfOqH52Ivy0AgFOMoABIufVgLiq/Jwfu6tVJHn9mvtY0UlXB8TAqZ40f6RoAAE5uggJ41zuU+57szMp5Q3yS/uIvM2rjm5Wfx7+n1xP4w/nuql/l6oPpZ/uhfP3mN7Is/W3veY4rLnlvHmlKvrvqV3nko+/NI01ji2Nk3ntz1rbuc62c97587by+x6gYne3zkov6GTFQGU1R+XnCzb9Izj+j55Ptt3XNvWtKti/5raxa9es8miQZlQeXjM8Xx/faZ15y0cY3e9RSW2fPa660SdslXW1UfUL/5GnV4yTb7/qd7pEi1ZpfvbRXm9Vtu1TvQ81xnzs9By79h0wYYptccckZmVuvPfrs+0ZG3fxGcd/rHWvg+1xne5eDr2duV5uv+kWuzuhsv+uMvFr7t9Vv2/d3j+u044u/zKiNb9Xc05779LyHve49AMBJwhoFcArb97f78/U77878BYvy9Tvvzr6/3X/0Bzn4VtoyOp+o17nqs++vM+G509N51/vSedcZWXnw1/lKMaf6cNGhr2x/X7aXfp0Jxfzv7s5ssf2j9c7xeuZufDMr572v6JzWs2zj3yXzKsc5cMmoLNtYs8ZB0Vl7X/Vcp+cvazqTvc285n3pnDe60gG86309Q4K3dc31vJmLNibfru7fOe+0XL3qYL57sNc+XecsOqq/yEU5ozhP55L3pG1j1xz2cfnavNF59Mk3qm1wKPc9mTy45Hcy87zTszJv5i9r57ofPJJHDvZ/z3c8l2yvOU+e/Lue9Q2hTa4uddf67fx9dye7j7H54pLKPcz5le/U3vfB73PPWts29m7LqvFn5pG7zsjKjKr+XdQGJ4O1fX/3eGw+8dFRWfZc9/0ul99K0plXD3Yf79WDXaMYDuUva+7hgUuSqzdaAwMAOPkICuAUtuGB7+XnL+9Jkvz85T3Z8MD3jv4gB/8hj47/rZw1pJ1HZ3vRiR6Xay8ZlUefO1Lp6Lz4Rq7Oe/Ltmk7ezEvekyte+E12JCm3/n2WnX9Gj07gzKbeT94rc8hzyXvrPxWuccUl/7h4Eltq+u2szFvVztnhfHfbmz22d3Wkj82xX3N9o/Jg7eiN887Ig+M788gLh3vuc0ntiIY3cvXB2jqSjD8z376kppN63u9k+/lvZlXr4Wpb/3b1+sflE+enZ2f2hd/k0fNP76ejnMy8pqYTPX5M5o6v7fj20yblN/uttdT0j/PgMT4173ufu0KPyn1eOa+21jOz5PzebXm06rT9APe4VDotKe734fzlc8nK82vuy4u/ybLxp+cT1Xvxtdp2Of/0XHHwH/Lq26gWAOB4MPUATmFdIUF/vw9ZtbMy6NSDAQKFcvmt5OCblaH7PYzK3IOH8+pznbniowP9T85bWbXqzaRmmPtAppV671PtzI5/M68erLf9GB3zNScz63aOT+s1R35szir9asB9yuW3kvGn96mjVDotee6tlFO5dzMveU+y6leZkNHZfld3h3TmR0cnGyud2ZnFaIOBFg3sNdQ+ycrazfXapFypI/3Ueqz6v4+V+7xs4y+6p7LUbDt2ddp+oHt83ulZmb/PqweTmTmSR3J6vn1J0raxuz2u+OgZ3f+2aqdAJElGZ8nbqBYA4HgQFMAp7EPnTOkRDnzonClHf5Dxv5Ur8ptKR+ftzpXud37+4Xw3Q+u8P/rckZSbxr7NNw+cwAXrBlqTYDiVThtCkHNapiU1ndCq887Ig+P/rnKPD1aecB/or32qHdlc8t50No1NMcd+uGsdJv2uSTCcBrzH4/KJ89/IqhcO5xP5TfLRf5zS+Dcz7eDf5y8PHk6e68y0S2vXjUgeXPK+PDI+1bb+h+NcPADA0TP1AE5h86/5QhEOfOicKZl/zReO/iDV4dpXP/n23iVfKp1WjEzoa2zOKvUc/t7XaVmy5L15MIPN8R/M6JzVZyh/19zx4TXwNQ/V4bxaHjhE6Tm8vVu5/FaPTvmOByprQHRNQeg2Np/4aPLIC4ez47k3c8VHx/Tbka9MSzhjSKM6hl7rm72mLgyH0TlrfNJWfjvTDAY3lHt8Vqky9eLVcjL3/LGphAedefXgm3m1WAvicP7yuc6snGfxQgDg5CcogFPYpPdPzNeW3pQN69fka0tvyqT3Tzym48y85oysfOGNjFrVa2G1g6/n661D7Iidd0YeHP9mLurRyT+Ur1d/r8zrfqO6+F7FjtbeC7mNzReXVGs55rCgssBc98J+lev4ypOdg3/1aDv9g"
00:21:21.110 [Forwarding screenshot on session 613e51b81ffcfe75e867fe40085f09d9 to remote] DEBUG org.apache.http.wire - http-outgoing-0 << "1xzfT33L7f+Xa7Oe3LtQE/F653n4Ov5ypPpnk//4i9z0Qujs6RpbGUKQq8FCEvnn54893dZ9cKoame2vt4d/XLr3w2wEGG9WiuLJ9YGFTseeKPO9IA6uqYvDMnYfPHS0Xm013WWW39ZfzHDYzWEe1w6//Rc8cIbueiF7mkLMz86Oss2vpFlxVoQvcOyw/nuxl/3Hf0BAHASMPUASDIuX7trXD7xwC96zcUene13DfXJ8th8ccmbefXmyivuKiqvf0tSWXV+yeuZu+oXGdX1lfPPSN/u+7h8bclbaVv1RkateisHlow56qspNY3PgRzsvpbx78mBeaPz6LYBvnTeGXlw/K9yUb3XI/ZrkGuua3S2f/Q3GVW08+hsv2uwqQtj88UlSVb9qs95vtg1hL36poiZSXWhw4OZsOqXOatrdf/xYzI3v87V559RGfben/N+J9vP/0WlHVJ5teGD4984igBlXL52V/L1m3+VUU9W1l5YOe+9ebA88PSFUtNvZ+WTb2TCzb/o9XrEgWs9cMnBTFj1i1zd9dn5Z6RzKN8dsiHc4/FjMnf8r/NoqWaByPG/lSuSTPtozVoR15yRlcVxRuXBee/JFRtNPQAATj6jOjs7h/CYDeDUVm49mAnl3x5iAHCcFK/z6+/VfMdTda2BS0/AnH4AAE5pph4A73zVqQcrPzqCIcEIq0wh6JovDwAA/TP1AHjHqawuXztYalQeXPK+d+cici/+MqM2vpnKFIeRGMkAAMCpxtQDAAAAoGDqAQAAAFAQFAAAAAAFQQEAAABQEBQAAAAABUEBAAAAUBAUAAAAAAVBAQAAAFAQFAAAAAAFQQEAAABQEBQAAAAABUEBAAAAUBAUAAAAAAVBAQAAAFAQFAAAAAAFQQEAAABQEBQAAAAABUEBAAAAUBAUAAAAAAVBAQAAAFAQFAAAAAAFQQEAAABQEBQAAAAABUEBAAAAUBAUAAAAAAVBAQAAAFAYPdIFwDtfOa3LWrKp3P1J0+I1aZ7W3+eVnzu2tGTJYzUbpy/MhusbBz3b7rWLcufO6i+l2Vm18rI0JEnas2nBurQWezZm6fqFmdr1a9u6zF99IM0rl6ep1H28ji0t2TZxeaWuIe/T3r2xRw316mvM873aoboxzSuX5yM7W7I2X85ts7pOOAzXUc+Adfc+Z6l6/Pqf9625evxnP1bcwx73t+Zc/d33Pp8XNfRzPQAAcIwEBXBC9Nepq/m8vDUrlq3L7ppO75Q5y6udzWqo0Lam/45utTP72pzl2XB99UTlrWltS5qmVbZl8Zps6Pp+eWtWLGjJ/pq6ppSSTfdszUdqOva9DWWf+qFGf/WV0rRyTZqSPp3pJOmoc4zhuI7B6t69dlHWbmms6ez3CiQKfT/v6LNPL23rsuSZGVm1vlpf29a0ltNdf3Hfe+rxeXlrVixblAOLB/qbAACAo2fqAZwsSo2ZWTqQ/X2erCdJKR+5sJTX6m9MknRs2ZzXencwS5elaVqye22lg96jQ1m6LLctnpBNj3U/Rd8zaXaWTtqcbW39lzmUfY62vqEazusYzNQZjdmz78CxH2AAHfsPZMqFjd0hxrTLjn5kQOmy3LZydl57dOvgwQQAABwFQQGcLMrt2ZEZ+UjdDmM5zz+TzJzeX29yoO3l7N9Xqr9t4uRM2Vfu0dGcOmd2Xlu9LrsHKHUo+xxd/UM7xnBfx0B2P9uephmDT/U4Fg3TZySPtWTT2wgyklTCpTyb5/vPjwAA4KiZegAnRDmbli3KpiQ9pyHUfN5rLn+S7HmsJfMf6/2deg7kQHlCLqi7fYBtpVI+UP5pOpLu85Yuy/VzWrJkbXv/ayIMts/OdZm/oPrz9IXZcH0GqG+ojsN1DFB3U58h/e25c8Gi6s+10w36fj7odIfSZbltfSmbFizK/Dr3tvu+9z8NAQAAjhdBAZwQg61R0J5NCzbn+XLPIehdncTdaxflkZ3lNPXbYZyQCdVpC1P77DLQtiSlyX06tg2zvpzmZd9Ja7kxH+nnjAPu02eNgvLANQzJ8bmOenV3bGnJkmfb0zyt9hqGcY2C6vea169Jc3lrVixrSWrXWDiqcGBCJsoRAAAYRqYewEmhMc295tnXmnr9wnzgsc0DDKMvZeKkcnbsrDcGfYBtbT9N66RSnSfgpTRdMSGb7hlo/vtQ9hlKfUN1vK6jr4ZZX07zvs1pPcZyGyZOGPr6BqXLcv2cHFvbtG3OpvQNSAAA4O0QFMDJYtrsNO9b18+89cZcOudA7lxbP0hIKnPy+8x7b6scr79t81cfSPOcfoblT1uYpZM255FnBqp5CPsMob6hOm7X0cexBQyFiZMzZWdt0NCeTau71zzo2LKuRwjRse9YQoLqdd9wlG92AACAQZh6ACdE7RoFXUPLe+9TStMVjZm/el0uqDPPvWHW7DQtWNf/KxJ7zHuvqq4PkNTZlsYsXb+8zlD6blPnzM4jyzYPeGV196ldo6BraP6A9Q1RvWMM03X0MW12mh9tqb4iMem5FkG9NQx61bl4b+b3vufV/RtmfSwHerdDzVSD2jUKutau6PP5EK4bAACOxajOzs7OkS4CAAAAODkYUQCnmI4tLVnyWM+h6lbGHzrtBwAAAzOiAAAAAChYzBAAAAAoCAoAAACAgqAAAAAAKAgKAAAAgIKgAAAAACgICgAAAICCoAAAAAAoCAoAAACAgqAAAAAAKAgKAAAAgIKgAAAAACgICgAAAICCoAAAAAAoCAoAAACAgqAAAAAAKAgKAAAAgIKgAAAAACgICgAAAICCoAAAAAAoCAoAAACAgqAAAAAAKAgKAAAAgIKgAAAAACgICgAAAICCoAAAAAAoCAoAAACAgqAAAAAAKAgKAAAAgIKgAAAAACgICgAAAICCoAAAAAAoCAoAAACAgqAAAAAAKAgKAAAAgIKgAAAAACgICgAAAICCoAAAAAAoCAoAAACAgqAAAAAAKAgKAAAAgIKgAAAAACgICgAAAICCoAAAAAAoCAoAAACAgqAAAAAAKAgKAAAAgIKgAAAAACgICgAAAICCoAAAAAAoCAoAAACAgqAAAAAAKAgKAAAAgIKgAAAAACgICgAAAICCoAAAAAAojB7pAuDdYNff/iYrWv9Xnvz5kbzxm5Gu5uRwxunJJR8ak9ua/lEueP/pI10OAJw0/vsv/0d2Pf9i9h0o58033xrpck4Ko0eflkkTSrngI+fln/3OPx3pcuAdb1RnZ2fnSBcB72S7/vY3+Rer/4eAoB9nnJ78l8X/VFgAAKmEBI9va82F0xvzoQ+eldNP91wvSX7zmzfz879+Nc/sbM/llzYJC+A4M/UAjrMVrf9LSDCAN35TaSMAINn1/Iu5cHpjzv3n5wgJapx++uic+8/PyYXTG7Pr+RdHuhx4xxMUwHH25M+PjHQJJz1tBAAV+w6U86EPnjXSZZy0PvTBs7LvQHmky4B3PEEBHGdGEwxOGwFAxZtvvmUkwQBOP320dRvgBBAUAAAAAAVBAQAAAFAQFAAAAAAFQQEAAABQEBQAAAAABUuqwklvXHbfdUb+9zpb/uvOX2TqQ0M4xFW/k87/v737C62zvuM4/sma6NrZYXXGk1rGXEXQDUY0MDfojQ1Dh9bhQNhF6YXBWm9b6k0lFHujpHfD/qG9KLkYFCaslrmL6E1hOnAGYbQg/hmjNGm7LqWFxDXpsosk36R//MOWeE7k9YIDec6f5/k95+688/x+T09yeOeF9C3iyLZv7czA2sns6B/L3kXcLwAA0DxCASwT10eB7Vs7M9BzZw4dXdwf/wDAcjecwb6DGbr+6camDOx5PHct8tFO7t+WV/Jcjjzffc3fwPJl6gEsU3sPfJZTac/Pn2n2SACAVtT7wr4cOTT36M/mHMuOXW/m/Ff58Oibeblvd4ZGl3qUQCtyRQF8g2zf2pmB9W0zGxNXPn9KwIY1GXvyltyeJJnO22+cy8YTN3stybmJtA1cmt1Ylbd2r86jK2c+d+rcEp0IALDIGund81xG+g7mT+8/ns0PLd6eH3x+X44s3u6AFuCKAlimtm/9dh7IVP48Nx3hmTszsP5qDu88m7adZ3P48i0Z2PHdm3zyuzn55"
00:21:21.110 [Forwarding screenshot on session 613e51b81ffcfe75e867fe40085f09d9 to remote] DEBUG org.apache.http.wire - http-outgoing-0 << "C0ZeW/mfTs+Th598s4cSpKsylu986+1vXElFzu/nbc2zB3ztjyaK9mx82zadn6WdLZ9LecKACyGrnQ1kr+fmb9M4OT+bdnSN/vYPzz77HAGdx3LRxnN4K65qwpGM7RrwXv7Dubkwn3UZxcYfTMv981/ZvD9JT49YNEIBbBMPNBzd6ZfnX8MrE/efmN+fYJD32/PxY8narvvL1dysbNjNgAs8EzHNYHh2ikM49nYv2AthK5vzV9ZkFX55dq2XDzz79mrFC7l8MfTS3KuAMBSaGTtuuSj0yNJkvPHd+eV05syMDc14fTBvHx8NEl3Nu/ZlPvSyOY9/eltJOePH8jguufmpzE0hvP74180L2E0Q789lh/MTX/Ysyl/f20+LgCtzdQDWCbmFzOcvfz/8mfz0wWyKveuTm7vXJ3pV1cv+NR07t1w7X62r1mRTEzm1Occ59COu/Ns5+zGxHQu1ivt6VqZjIyN1zN7x65mYO3/dVoAQFOM5oN3R9P79Nziho30Pt2dwdeHc/6JGxc8vOuJ/gXTC0Yy8hXXLhh6/c089tDjuavxeF664b8XQKsSCmDZGc/G/vacfHVlxrZOZc2B8STj+fTy6lw8c3l2+zoLFjzcO3Y1A+u/ddPbLWbDmvy6c8GaBRvWZOzJjtkXpzIykTy0ZlWSmWNsX7MiyX8W8+QAgCUzmjOnk/se6crcj/2h17bdcHeE88mNd0Z4/2C2vDY3vaCR+xpfdqxGevf0J7t2Z0ffsdmnluauC8DiEwpgWbqUB9/ryHTPbXlrw3g2nkj6/jGVZ3tW5lDG05e5hQ2v5vDO626feHQyp3pWzkw1ODq/1sHho0k2JElburpm3nrop7fk9sxNLxjPH8/clkfXzx1jZioCALBMjA7nndHkB2tnfuV3NZLep/d9hYUNRzP0+nDu+1V/XnqiMbO9a3fe+dIDNtK7Z196k8zdsnH/8e7ZfQCtzBoFsFwdncjbE23zCxEevZAdH6/Is5+zhsG8S3nwjSvp6rnJ+06M5ffn5tdD+Pk/JnJqQTjYe+BcDp9rnz3G6nRdnvoaTxgA+N/NrBnwUWNTHnsoSRr5ySONDL0+f7vEk/u3ZcsX3D5xbm2DvH8sg1869WA4g9csYDizkOJcpABamysKoOVdyoM7L93k+fFs7L92msHeA+dufjvEoxfSdnTB9omxrDlxszcmfQNnr7sC4dIXvw4AtKQbphX0PJcjz3fX5l1P9OfF09vmpwakOy8emp0a0OjOzxrHMrhrW0Ze2JfNT3dn8LWD2dI3s58Xe4bzyumRJJ/3w39mQcSXd23LloXHX8TbMgJLp216etqy5bCE2naebfYQloXpV+9u9hAAoOkOHPldtm75TbOH0dJ8R7D0TD0AAAAAilAAAAAAFKEAAAAAKEIBAAAAUIQCAAAAoAgFsMRWdjR7BK3PdwQAAK1DKIAl9ov7b232EFqe7wgAAFqHUABL7KXe7/iP+RdY2THzHQEASXv7ikxOTjV7GC1rcnIq7e0rmj0M+MYTCmCJPXxPR068cEee+tGtgsECKzuSp350a068cEcevscXAwBJsq6rkQ8/+bTZw2hZH37yadZ1NZo9DPjGa5uenp5u9iAAAIDknxf+lT/8aSiP9HTn/h/em46O9mYPqSVMTk7lw08+zbvvDeepx3rzvTvvaPaQ4BtNKAAAgBbyzwv/yl8/+FtOj4xmaupqs4fTEtrbV2RdVyMP/+THIgF8DYQCAAAAoFijAAAAAChCAQAAAFCEAgAAAKAIBQAAAEARCgAAAIAiFAAAAABFKAAAAACKUAAAAAAUoQAAAAAoQgEAAABQhAIAAACgCAUAAABAEQoAAACAIhQAAAAARSgAAAAAilAAAAAAFKEAAAAAKEIBAAAAUIQCAAAAoAgFAAAAQBEKAAAAgCIUAAAAAEUoAAAAAIpQAAAAABShAAAAAChCAQAAAFCEAgAAAKAIBQAAAEARCgAAAIAiFAAAAABFKAAAAACKUAAA9c6JkQAAAm1JREFUAAAUoQAAAAAoQgEAAABQhAIAAACgCAUAAABAEQoAAACAIhQAAAAARSgAAAAAilAAAAAAFKEAAAAAKEIBAAAAUIQCAAAAoAgFAAAAQBEKAAAAgCIUAAAAAEUoAAAAAIpQAAAAABShAAAAAChCAQAAAFCEAgAAAKAIBQAAAEARCgAAAIAiFAAAAABFKAAAAACKUAAAAAAUoQAAAAAoQgEAAABQhAIAAACgCAUAAABAEQoAAACAIhQAAAAARSgAAAAAilAAAAAAFKEAAAAAKEIBAAAAUIQCAAAAoAgFAAAAQBEKAAAAgCIUAAAAAEUoAAAAAIpQAAAAABShAAAAAChCAQAAAFCEAgAAAKAIBQAAAEARCgAAAIAiFAAAAABFKAAAAACKUAAAAAAUoQAAAAAoQgEAAABQhAIAAACgCAUAAABAEQoAAACAIhQAAAAARSgAAAAAilAAAAAAFKEAAAAAKEIBAAAAUIQCAAAAoAgFAAAAQBEKAAAAgCIUAAAAAEUoAAAAAIpQAAAAABShAAAAAChCAQAAAFCEAgAAAKAIBQAAAEARCgAAAIAiFAAAAABFKAAAAACKUAAAAAAUoQAAAAAoQgEAAABQhAIAAACgCAUAAABAEQoAAACAIhQAAAAARSgAAAAAilAAAAAAFKEAAAAAKEIBAAAAUIQCAAAAoAgFAAAAQBEKAAAAgCIUAAAAAEUoAAAAAIpQAAAAABShAAAAAChCAQAAAFCEAgAAAKAIBQAAAEARCgAAAIAiFAAAAABFKAAAAACKUAAAAAAUoQAAAAAoQgEAAABQhAIAAACgCAUAAABA+S9SYUUyl+nxzAAAAABJRU5ErkJggg=="}"
00:21:21.111 [Forwarding screenshot on session 613e51b81ffcfe75e867fe40085f09d9 to remote] DEBUG org.apache.http.impl.conn.PoolingHttpClientConnectionManager - Connection [id: 0][route: {}->http://localhost:37021] can be kept alive indefinitely
00:21:21.111 [Forwarding screenshot on session 613e51b81ffcfe75e867fe40085f09d9 to remote] DEBUG org.apache.http.impl.conn.PoolingHttpClientConnectionManager - Connection released: [id: 0][route: {}->http://localhost:37021][total kept alive: 1; route allocated: 1 of 2000; total allocated: 1 of 2000]
00:21:21.158 [main] INFO swb.framework.ScreenshotTaker - saved screenshot as target\screenshots\swb.interacting_3.mtContextMenuIT#showContextMenu.png
]]></system-out>
    <system-err><![CDATA[Starting ChromeDriver 2.38.551601 (edb21f07fc70e9027c746edd3201443e011a61ed) on port 37021
Only local connections are allowed.
Jan 13, 2021 12:21:13 AM org.openqa.selenium.remote.ProtocolHandshake createSession
INFO: Attempting bi-dialect session, assuming Postel's Law holds true on the remote end
Jan 13, 2021 12:21:16 AM org.openqa.selenium.remote.ProtocolHandshake createSession
INFO: Detected dialect: OSS
]]></system-err>
  </testcase>
</testsuite>